CRITICAL - 2023-08-07 00:11:35 --> Undefined variable: __data
#0 C:\wamp64\www\oriel-web\app\Models\Semester\SemesterModel.php(95): CodeIgniter\Debug\Exceptions->errorHandler(8, 'Undefined varia...', 'C:\\wamp64\\www\\o...', 95, Array)
#1 C:\wamp64\www\oriel-web\app\Controllers\Semester.php(93): App\Models\Semester\SemesterModel->AddNew(Array)
#2 C:\wamp64\www\oriel-web\vendor\codeigniter4\framework\system\CodeIgniter.php(832): App\Controllers\Semester->addNewData()
#3 C:\wamp64\www\oriel-web\vendor\codeigniter4\framework\system\CodeIgniter.php(419): CodeIgniter\CodeIgniter->runController(Object(App\Controllers\Semester))
#4 C:\wamp64\www\oriel-web\vendor\codeigniter4\framework\system\CodeIgniter.php(326): CodeIgniter\CodeIgniter->handleRequest(NULL, Object(Config\Cache), false)
#5 C:\wamp64\www\oriel-web\public\index.php(37): CodeIgniter\CodeIgniter->run()
#6 C:\wamp64\www\oriel-web\vendor\codeigniter4\framework\system\Commands\Server\rewrite.php(43): require_once('C:\\wamp64\\www\\o...')
#7 {main}
CRITICAL - 2023-08-07 00:11:49 --> Undefined index: angkatan
#0 C:\wamp64\www\oriel-web\app\Models\Semester\SemesterModel.php(95): CodeIgniter\Debug\Exceptions->errorHandler(8, 'Undefined index...', 'C:\\wamp64\\www\\o...', 95, Array)
#1 C:\wamp64\www\oriel-web\app\Controllers\Semester.php(93): App\Models\Semester\SemesterModel->AddNew(Array)
#2 C:\wamp64\www\oriel-web\vendor\codeigniter4\framework\system\CodeIgniter.php(832): App\Controllers\Semester->addNewData()
#3 C:\wamp64\www\oriel-web\vendor\codeigniter4\framework\system\CodeIgniter.php(419): CodeIgniter\CodeIgniter->runController(Object(App\Controllers\Semester))
#4 C:\wamp64\www\oriel-web\vendor\codeigniter4\framework\system\CodeIgniter.php(326): CodeIgniter\CodeIgniter->handleRequest(NULL, Object(Config\Cache), false)
#5 C:\wamp64\www\oriel-web\public\index.php(37): CodeIgniter\CodeIgniter->run()
#6 C:\wamp64\www\oriel-web\vendor\codeigniter4\framework\system\Commands\Server\rewrite.php(43): require_once('C:\\wamp64\\www\\o...')
#7 {main}
CRITICAL - 2023-08-07 00:12:28 --> Undefined index: angkatan
#0 C:\wamp64\www\oriel-web\app\Models\Semester\SemesterModel.php(95): CodeIgniter\Debug\Exceptions->errorHandler(8, 'Undefined index...', 'C:\\wamp64\\www\\o...', 95, Array)
#1 C:\wamp64\www\oriel-web\app\Controllers\Semester.php(93): App\Models\Semester\SemesterModel->AddNew(Array)
#2 C:\wamp64\www\oriel-web\vendor\codeigniter4\framework\system\CodeIgniter.php(832): App\Controllers\Semester->addNewData()
#3 C:\wamp64\www\oriel-web\vendor\codeigniter4\framework\system\CodeIgniter.php(419): CodeIgniter\CodeIgniter->runController(Object(App\Controllers\Semester))
#4 C:\wamp64\www\oriel-web\vendor\codeigniter4\framework\system\CodeIgniter.php(326): CodeIgniter\CodeIgniter->handleRequest(NULL, Object(Config\Cache), false)
#5 C:\wamp64\www\oriel-web\public\index.php(37): CodeIgniter\CodeIgniter->run()
#6 C:\wamp64\www\oriel-web\vendor\codeigniter4\framework\system\Commands\Server\rewrite.php(43): require_once('C:\\wamp64\\www\\o...')
#7 {main}
CRITICAL - 2023-08-07 00:12:59 --> Undefined index: semeseter
#0 C:\wamp64\www\oriel-web\app\Models\Semester\SemesterModel.php(99): CodeIgniter\Debug\Exceptions->errorHandler(8, 'Undefined index...', 'C:\\wamp64\\www\\o...', 99, Array)
#1 C:\wamp64\www\oriel-web\app\Controllers\Semester.php(93): App\Models\Semester\SemesterModel->AddNew(Array)
#2 C:\wamp64\www\oriel-web\vendor\codeigniter4\framework\system\CodeIgniter.php(832): App\Controllers\Semester->addNewData()
#3 C:\wamp64\www\oriel-web\vendor\codeigniter4\framework\system\CodeIgniter.php(419): CodeIgniter\CodeIgniter->runController(Object(App\Controllers\Semester))
#4 C:\wamp64\www\oriel-web\vendor\codeigniter4\framework\system\CodeIgniter.php(326): CodeIgniter\CodeIgniter->handleRequest(NULL, Object(Config\Cache), false)
#5 C:\wamp64\www\oriel-web\public\index.php(37): CodeIgniter\CodeIgniter->run()
#6 C:\wamp64\www\oriel-web\vendor\codeigniter4\framework\system\Commands\Server\rewrite.php(43): require_once('C:\\wamp64\\www\\o...')
#7 {main}
CRITICAL - 2023-08-07 00:13:54 --> Undefined index: semeseter
#0 C:\wamp64\www\oriel-web\app\Models\Semester\SemesterModel.php(99): CodeIgniter\Debug\Exceptions->errorHandler(8, 'Undefined index...', 'C:\\wamp64\\www\\o...', 99, Array)
#1 C:\wamp64\www\oriel-web\app\Controllers\Semester.php(93): App\Models\Semester\SemesterModel->AddNew(Array)
#2 C:\wamp64\www\oriel-web\vendor\codeigniter4\framework\system\CodeIgniter.php(832): App\Controllers\Semester->addNewData()
#3 C:\wamp64\www\oriel-web\vendor\codeigniter4\framework\system\CodeIgniter.php(419): CodeIgniter\CodeIgniter->runController(Object(App\Controllers\Semester))
#4 C:\wamp64\www\oriel-web\vendor\codeigniter4\framework\system\CodeIgniter.php(326): CodeIgniter\CodeIgniter->handleRequest(NULL, Object(Config\Cache), false)
#5 C:\wamp64\www\oriel-web\public\index.php(37): CodeIgniter\CodeIgniter->run()
#6 C:\wamp64\www\oriel-web\vendor\codeigniter4\framework\system\Commands\Server\rewrite.php(43): require_once('C:\\wamp64\\www\\o...')
#7 {main}
CRITICAL - 2023-08-07 00:14:22 --> Undefined index: semeseter
#0 C:\wamp64\www\oriel-web\app\Models\Semester\SemesterModel.php(98): CodeIgniter\Debug\Exceptions->errorHandler(8, 'Undefined index...', 'C:\\wamp64\\www\\o...', 98, Array)
#1 C:\wamp64\www\oriel-web\app\Controllers\Semester.php(93): App\Models\Semester\SemesterModel->AddNew(Array)
#2 C:\wamp64\www\oriel-web\vendor\codeigniter4\framework\system\CodeIgniter.php(832): App\Controllers\Semester->addNewData()
#3 C:\wamp64\www\oriel-web\vendor\codeigniter4\framework\system\CodeIgniter.php(419): CodeIgniter\CodeIgniter->runController(Object(App\Controllers\Semester))
#4 C:\wamp64\www\oriel-web\vendor\codeigniter4\framework\system\CodeIgniter.php(326): CodeIgniter\CodeIgniter->handleRequest(NULL, Object(Config\Cache), false)
#5 C:\wamp64\www\oriel-web\public\index.php(37): CodeIgniter\CodeIgniter->run()
#6 C:\wamp64\www\oriel-web\vendor\codeigniter4\framework\system\Commands\Server\rewrite.php(43): require_once('C:\\wamp64\\www\\o...')
#7 {main}
ERROR - 2023-08-07 00:14:43 --> You have an error in your SQL syntax; check the manual that corresponds to your MySQL server version for the right syntax to use near '1' at line 1
CRITICAL - 2023-08-07 00:14:43 --> You have an error in your SQL syntax; check the manual that corresponds to your MySQL server version for the right syntax to use near '1' at line 1
#0 C:\wamp64\www\oriel-web\vendor\codeigniter4\framework\system\Database\MySQLi\Connection.php(292): mysqli->query('1', 0)
#1 C:\wamp64\www\oriel-web\vendor\codeigniter4\framework\system\Database\BaseConnection.php(670): CodeIgniter\Database\MySQLi\Connection->execute('1')
#2 C:\wamp64\www\oriel-web\vendor\codeigniter4\framework\system\Database\BaseConnection.php(598): CodeIgniter\Database\BaseConnection->simpleQuery('1')
#3 C:\wamp64\www\oriel-web\app\Models\Semester\SemesterModel.php(104): CodeIgniter\Database\BaseConnection->query('1')
#4 C:\wamp64\www\oriel-web\app\Controllers\Semester.php(93): App\Models\Semester\SemesterModel->AddNew(Array)
#5 C:\wamp64\www\oriel-web\vendor\codeigniter4\framework\system\CodeIgniter.php(832): App\Controllers\Semester->addNewData()
#6 C:\wamp64\www\oriel-web\vendor\codeigniter4\framework\system\CodeIgniter.php(419): CodeIgniter\CodeIgniter->runController(Object(App\Controllers\Semester))
#7 C:\wamp64\www\oriel-web\vendor\codeigniter4\framework\system\CodeIgniter.php(326): CodeIgniter\CodeIgniter->handleRequest(NULL, Object(Config\Cache), false)
#8 C:\wamp64\www\oriel-web\public\index.php(37): CodeIgniter\CodeIgniter->run()
#9 C:\wamp64\www\oriel-web\vendor\codeigniter4\framework\system\Commands\Server\rewrite.php(43): require_once('C:\\wamp64\\www\\o...')
#10 {main}
ERROR - 2023-08-07 00:14:57 --> Unknown column 'semester' in 'field list'
CRITICAL - 2023-08-07 00:14:57 --> Unknown column 'semester' in 'field list'
#0 C:\wamp64\www\oriel-web\vendor\codeigniter4\framework\system\Database\MySQLi\Connection.php(292): mysqli->query('INSERT INTO `ma...', 0)
#1 C:\wamp64\www\oriel-web\vendor\codeigniter4\framework\system\Database\BaseConnection.php(670): CodeIgniter\Database\MySQLi\Connection->execute('INSERT INTO `ma...')
#2 C:\wamp64\www\oriel-web\vendor\codeigniter4\framework\system\Database\BaseConnection.php(598): CodeIgniter\Database\BaseConnection->simpleQuery('INSERT INTO `ma...')
#3 C:\wamp64\www\oriel-web\vendor\codeigniter4\framework\system\Database\BaseBuilder.php(1771): CodeIgniter\Database\BaseConnection->query('INSERT INTO `ma...', Array, false)
#4 C:\wamp64\www\oriel-web\app\Models\Semester\SemesterModel.php(101): CodeIgniter\Database\BaseBuilder->insert(Array)
#5 C:\wamp64\www\oriel-web\app\Controllers\Semester.php(93): App\Models\Semester\SemesterModel->AddNew(Array)
#6 C:\wamp64\www\oriel-web\vendor\codeigniter4\framework\system\CodeIgniter.php(832): App\Controllers\Semester->addNewData()
#7 C:\wamp64\www\oriel-web\vendor\codeigniter4\framework\system\CodeIgniter.php(419): CodeIgniter\CodeIgniter->runController(Object(App\Controllers\Semester))
#8 C:\wamp64\www\oriel-web\vendor\codeigniter4\framework\system\CodeIgniter.php(326): CodeIgniter\CodeIgniter->handleRequest(NULL, Object(Config\Cache), false)
#9 C:\wamp64\www\oriel-web\public\index.php(37): CodeIgniter\CodeIgniter->run()
#10 C:\wamp64\www\oriel-web\vendor\codeigniter4\framework\system\Commands\Server\rewrite.php(43): require_once('C:\\wamp64\\www\\o...')
#11 {main}
ERROR - 2023-08-07 00:15:42 --> You have an error in your SQL syntax; check the manual that corresponds to your MySQL server version for the right syntax to use near '1' at line 1
CRITICAL - 2023-08-07 00:15:42 --> You have an error in your SQL syntax; check the manual that corresponds to your MySQL server version for the right syntax to use near '1' at line 1
#0 C:\wamp64\www\oriel-web\vendor\codeigniter4\framework\system\Database\MySQLi\Connection.php(292): mysqli->query('1', 0)
#1 C:\wamp64\www\oriel-web\vendor\codeigniter4\framework\system\Database\BaseConnection.php(670): CodeIgniter\Database\MySQLi\Connection->execute('1')
#2 C:\wamp64\www\oriel-web\vendor\codeigniter4\framework\system\Database\BaseConnection.php(598): CodeIgniter\Database\BaseConnection->simpleQuery('1')
#3 C:\wamp64\www\oriel-web\app\Models\Semester\SemesterModel.php(104): CodeIgniter\Database\BaseConnection->query('1')
#4 C:\wamp64\www\oriel-web\app\Controllers\Semester.php(93): App\Models\Semester\SemesterModel->AddNew(Array)
#5 C:\wamp64\www\oriel-web\vendor\codeigniter4\framework\system\CodeIgniter.php(832): App\Controllers\Semester->addNewData()
#6 C:\wamp64\www\oriel-web\vendor\codeigniter4\framework\system\CodeIgniter.php(419): CodeIgniter\CodeIgniter->runController(Object(App\Controllers\Semester))
#7 C:\wamp64\www\oriel-web\vendor\codeigniter4\framework\system\CodeIgniter.php(326): CodeIgniter\CodeIgniter->handleRequest(NULL, Object(Config\Cache), false)
#8 C:\wamp64\www\oriel-web\public\index.php(37): CodeIgniter\CodeIgniter->run()
#9 C:\wamp64\www\oriel-web\vendor\codeigniter4\framework\system\Commands\Server\rewrite.php(43): require_once('C:\\wamp64\\www\\o...')
#10 {main}
ERROR - 2023-08-07 00:17:32 --> You have an error in your SQL syntax; check the manual that corresponds to your MySQL server version for the right syntax to use near '1' at line 1
CRITICAL - 2023-08-07 00:17:32 --> You have an error in your SQL syntax; check the manual that corresponds to your MySQL server version for the right syntax to use near '1' at line 1
#0 C:\wamp64\www\oriel-web\vendor\codeigniter4\framework\system\Database\MySQLi\Connection.php(292): mysqli->query('1', 0)
#1 C:\wamp64\www\oriel-web\vendor\codeigniter4\framework\system\Database\BaseConnection.php(670): CodeIgniter\Database\MySQLi\Connection->execute('1')
#2 C:\wamp64\www\oriel-web\vendor\codeigniter4\framework\system\Database\BaseConnection.php(598): CodeIgniter\Database\BaseConnection->simpleQuery('1')
#3 C:\wamp64\www\oriel-web\app\Models\Semester\SemesterModel.php(104): CodeIgniter\Database\BaseConnection->query('1')
#4 C:\wamp64\www\oriel-web\app\Controllers\Semester.php(93): App\Models\Semester\SemesterModel->AddNew(Array)
#5 C:\wamp64\www\oriel-web\vendor\codeigniter4\framework\system\CodeIgniter.php(832): App\Controllers\Semester->addNewData()
#6 C:\wamp64\www\oriel-web\vendor\codeigniter4\framework\system\CodeIgniter.php(419): CodeIgniter\CodeIgniter->runController(Object(App\Controllers\Semester))
#7 C:\wamp64\www\oriel-web\vendor\codeigniter4\framework\system\CodeIgniter.php(326): CodeIgniter\CodeIgniter->handleRequest(NULL, Object(Config\Cache), false)
#8 C:\wamp64\www\oriel-web\public\index.php(37): CodeIgniter\CodeIgniter->run()
#9 C:\wamp64\www\oriel-web\vendor\codeigniter4\framework\system\Commands\Server\rewrite.php(43): require_once('C:\\wamp64\\www\\o...')
#10 {main}
CRITICAL - 2023-08-07 00:19:27 --> Undefined index: semeseter
#0 C:\wamp64\www\oriel-web\app\Controllers\Semester.php(116): CodeIgniter\Debug\Exceptions->errorHandler(8, 'Undefined index...', 'C:\\wamp64\\www\\o...', 116, Array)
#1 C:\wamp64\www\oriel-web\vendor\codeigniter4\framework\system\CodeIgniter.php(832): App\Controllers\Semester->updateData()
#2 C:\wamp64\www\oriel-web\vendor\codeigniter4\framework\system\CodeIgniter.php(419): CodeIgniter\CodeIgniter->runController(Object(App\Controllers\Semester))
#3 C:\wamp64\www\oriel-web\vendor\codeigniter4\framework\system\CodeIgniter.php(326): CodeIgniter\CodeIgniter->handleRequest(NULL, Object(Config\Cache), false)
#4 C:\wamp64\www\oriel-web\public\index.php(37): CodeIgniter\CodeIgniter->run()
#5 C:\wamp64\www\oriel-web\vendor\codeigniter4\framework\system\Commands\Server\rewrite.php(43): require_once('C:\\wamp64\\www\\o...')
#6 {main}
CRITICAL - 2023-08-07 00:19:40 --> Undefined index: semeseter
#0 C:\wamp64\www\oriel-web\app\Controllers\Semester.php(116): CodeIgniter\Debug\Exceptions->errorHandler(8, 'Undefined index...', 'C:\\wamp64\\www\\o...', 116, Array)
#1 C:\wamp64\www\oriel-web\vendor\codeigniter4\framework\system\CodeIgniter.php(832): App\Controllers\Semester->updateData()
#2 C:\wamp64\www\oriel-web\vendor\codeigniter4\framework\system\CodeIgniter.php(419): CodeIgniter\CodeIgniter->runController(Object(App\Controllers\Semester))
#3 C:\wamp64\www\oriel-web\vendor\codeigniter4\framework\system\CodeIgniter.php(326): CodeIgniter\CodeIgniter->handleRequest(NULL, Object(Config\Cache), false)
#4 C:\wamp64\www\oriel-web\public\index.php(37): CodeIgniter\CodeIgniter->run()
#5 C:\wamp64\www\oriel-web\vendor\codeigniter4\framework\system\Commands\Server\rewrite.php(43): require_once('C:\\wamp64\\www\\o...')
#6 {main}
CRITICAL - 2023-08-07 00:20:06 --> Undefined index: semeseter
#0 C:\wamp64\www\oriel-web\app\Controllers\Semester.php(116): CodeIgniter\Debug\Exceptions->errorHandler(8, 'Undefined index...', 'C:\\wamp64\\www\\o...', 116, Array)
#1 C:\wamp64\www\oriel-web\vendor\codeigniter4\framework\system\CodeIgniter.php(832): App\Controllers\Semester->updateData()
#2 C:\wamp64\www\oriel-web\vendor\codeigniter4\framework\system\CodeIgniter.php(419): CodeIgniter\CodeIgniter->runController(Object(App\Controllers\Semester))
#3 C:\wamp64\www\oriel-web\vendor\codeigniter4\framework\system\CodeIgniter.php(326): CodeIgniter\CodeIgniter->handleRequest(NULL, Object(Config\Cache), false)
#4 C:\wamp64\www\oriel-web\public\index.php(37): CodeIgniter\CodeIgniter->run()
#5 C:\wamp64\www\oriel-web\vendor\codeigniter4\framework\system\Commands\Server\rewrite.php(43): require_once('C:\\wamp64\\www\\o...')
#6 {main}
CRITICAL - 2023-08-07 01:06:17 --> Undefined property: App\Controllers\ChangePassword::$session
#0 C:\wamp64\www\oriel-web\app\Controllers\ChangePassword.php(25): CodeIgniter\Debug\Exceptions->errorHandler(8, 'Undefined prope...', 'C:\\wamp64\\www\\o...', 25, Array)
#1 C:\wamp64\www\oriel-web\vendor\codeigniter4\framework\system\CodeIgniter.php(832): App\Controllers\ChangePassword->index()
#2 C:\wamp64\www\oriel-web\vendor\codeigniter4\framework\system\CodeIgniter.php(419): CodeIgniter\CodeIgniter->runController(Object(App\Controllers\ChangePassword))
#3 C:\wamp64\www\oriel-web\vendor\codeigniter4\framework\system\CodeIgniter.php(326): CodeIgniter\CodeIgniter->handleRequest(NULL, Object(Config\Cache), false)
#4 C:\wamp64\www\oriel-web\public\index.php(37): CodeIgniter\CodeIgniter->run()
#5 C:\wamp64\www\oriel-web\vendor\codeigniter4\framework\system\Commands\Server\rewrite.php(43): require_once('C:\\wamp64\\www\\o...')
#6 {main}
CRITICAL - 2023-08-07 01:06:57 --> Undefined variable: data
#0 C:\wamp64\www\oriel-web\app\Views\change-password\component-view-change-password.php(12): CodeIgniter\Debug\Exceptions->errorHandler(8, 'Undefined varia...', 'C:\\wamp64\\www\\o...', 12, Array)
#1 C:\wamp64\www\oriel-web\vendor\codeigniter4\framework\system\View\View.php(210): include('C:\\wamp64\\www\\o...')
#2 C:\wamp64\www\oriel-web\vendor\codeigniter4\framework\system\View\View.php(213): CodeIgniter\View\View->CodeIgniter\View\{closure}()
#3 C:\wamp64\www\oriel-web\vendor\codeigniter4\framework\system\Common.php(1089): CodeIgniter\View\View->render('change-password...', Array, true)
#4 C:\wamp64\www\oriel-web\app\Libraries\Template.php(37): view('change-password...', Array)
#5 C:\wamp64\www\oriel-web\app\Controllers\ChangePassword.php(28): App\Libraries\Template->Frontend('change-password...')
#6 C:\wamp64\www\oriel-web\vendor\codeigniter4\framework\system\CodeIgniter.php(832): App\Controllers\ChangePassword->index()
#7 C:\wamp64\www\oriel-web\vendor\codeigniter4\framework\system\CodeIgniter.php(419): CodeIgniter\CodeIgniter->runController(Object(App\Controllers\ChangePassword))
#8 C:\wamp64\www\oriel-web\vendor\codeigniter4\framework\system\CodeIgniter.php(326): CodeIgniter\CodeIgniter->handleRequest(NULL, Object(Config\Cache), false)
#9 C:\wamp64\www\oriel-web\public\index.php(37): CodeIgniter\CodeIgniter->run()
#10 C:\wamp64\www\oriel-web\vendor\codeigniter4\framework\system\Commands\Server\rewrite.php(43): require_once('C:\\wamp64\\www\\o...')
#11 {main}
CRITICAL - 2023-08-07 01:07:09 --> Undefined variable: data
#0 C:\wamp64\www\oriel-web\app\Views\change-password\component-view-change-password.php(12): CodeIgniter\Debug\Exceptions->errorHandler(8, 'Undefined varia...', 'C:\\wamp64\\www\\o...', 12, Array)
#1 C:\wamp64\www\oriel-web\vendor\codeigniter4\framework\system\View\View.php(210): include('C:\\wamp64\\www\\o...')
#2 C:\wamp64\www\oriel-web\vendor\codeigniter4\framework\system\View\View.php(213): CodeIgniter\View\View->CodeIgniter\View\{closure}()
#3 C:\wamp64\www\oriel-web\vendor\codeigniter4\framework\system\Common.php(1089): CodeIgniter\View\View->render('change-password...', Array, true)
#4 C:\wamp64\www\oriel-web\app\Libraries\Template.php(37): view('change-password...', Array)
#5 C:\wamp64\www\oriel-web\app\Controllers\ChangePassword.php(28): App\Libraries\Template->Frontend('change-password...')
#6 C:\wamp64\www\oriel-web\vendor\codeigniter4\framework\system\CodeIgniter.php(832): App\Controllers\ChangePassword->index()
#7 C:\wamp64\www\oriel-web\vendor\codeigniter4\framework\system\CodeIgniter.php(419): CodeIgniter\CodeIgniter->runController(Object(App\Controllers\ChangePassword))
#8 C:\wamp64\www\oriel-web\vendor\codeigniter4\framework\system\CodeIgniter.php(326): CodeIgniter\CodeIgniter->handleRequest(NULL, Object(Config\Cache), false)
#9 C:\wamp64\www\oriel-web\public\index.php(37): CodeIgniter\CodeIgniter->run()
#10 C:\wamp64\www\oriel-web\vendor\codeigniter4\framework\system\Commands\Server\rewrite.php(43): require_once('C:\\wamp64\\www\\o...')
#11 {main}
CRITICAL - 2023-08-07 01:07:12 --> Undefined variable: data
#0 C:\wamp64\www\oriel-web\app\Views\change-password\component-view-change-password.php(12): CodeIgniter\Debug\Exceptions->errorHandler(8, 'Undefined varia...', 'C:\\wamp64\\www\\o...', 12, Array)
#1 C:\wamp64\www\oriel-web\vendor\codeigniter4\framework\system\View\View.php(210): include('C:\\wamp64\\www\\o...')
#2 C:\wamp64\www\oriel-web\vendor\codeigniter4\framework\system\View\View.php(213): CodeIgniter\View\View->CodeIgniter\View\{closure}()
#3 C:\wamp64\www\oriel-web\vendor\codeigniter4\framework\system\Common.php(1089): CodeIgniter\View\View->render('change-password...', Array, true)
#4 C:\wamp64\www\oriel-web\app\Libraries\Template.php(37): view('change-password...', Array)
#5 C:\wamp64\www\oriel-web\app\Controllers\ChangePassword.php(28): App\Libraries\Template->Frontend('change-password...')
#6 C:\wamp64\www\oriel-web\vendor\codeigniter4\framework\system\CodeIgniter.php(832): App\Controllers\ChangePassword->index()
#7 C:\wamp64\www\oriel-web\vendor\codeigniter4\framework\system\CodeIgniter.php(419): CodeIgniter\CodeIgniter->runController(Object(App\Controllers\ChangePassword))
#8 C:\wamp64\www\oriel-web\vendor\codeigniter4\framework\system\CodeIgniter.php(326): CodeIgniter\CodeIgniter->handleRequest(NULL, Object(Config\Cache), false)
#9 C:\wamp64\www\oriel-web\public\index.php(37): CodeIgniter\CodeIgniter->run()
#10 C:\wamp64\www\oriel-web\vendor\codeigniter4\framework\system\Commands\Server\rewrite.php(43): require_once('C:\\wamp64\\www\\o...')
#11 {main}
CRITICAL - 2023-08-07 01:07:22 --> Undefined variable: id
#0 C:\wamp64\www\oriel-web\app\Views\change-password\component-view-change-password.php(12): CodeIgniter\Debug\Exceptions->errorHandler(8, 'Undefined varia...', 'C:\\wamp64\\www\\o...', 12, Array)
#1 C:\wamp64\www\oriel-web\vendor\codeigniter4\framework\system\View\View.php(210): include('C:\\wamp64\\www\\o...')
#2 C:\wamp64\www\oriel-web\vendor\codeigniter4\framework\system\View\View.php(213): CodeIgniter\View\View->CodeIgniter\View\{closure}()
#3 C:\wamp64\www\oriel-web\vendor\codeigniter4\framework\system\Common.php(1089): CodeIgniter\View\View->render('change-password...', Array, true)
#4 C:\wamp64\www\oriel-web\app\Libraries\Template.php(37): view('change-password...', Array)
#5 C:\wamp64\www\oriel-web\app\Controllers\ChangePassword.php(28): App\Libraries\Template->Frontend('change-password...')
#6 C:\wamp64\www\oriel-web\vendor\codeigniter4\framework\system\CodeIgniter.php(832): App\Controllers\ChangePassword->index()
#7 C:\wamp64\www\oriel-web\vendor\codeigniter4\framework\system\CodeIgniter.php(419): CodeIgniter\CodeIgniter->runController(Object(App\Controllers\ChangePassword))
#8 C:\wamp64\www\oriel-web\vendor\codeigniter4\framework\system\CodeIgniter.php(326): CodeIgniter\CodeIgniter->handleRequest(NULL, Object(Config\Cache), false)
#9 C:\wamp64\www\oriel-web\public\index.php(37): CodeIgniter\CodeIgniter->run()
#10 C:\wamp64\www\oriel-web\vendor\codeigniter4\framework\system\Commands\Server\rewrite.php(43): require_once('C:\\wamp64\\www\\o...')
#11 {main}
CRITICAL - 2023-08-07 01:07:41 --> Undefined variable: data
#0 C:\wamp64\www\oriel-web\app\Views\change-password\component-view-change-password.php(12): CodeIgniter\Debug\Exceptions->errorHandler(8, 'Undefined varia...', 'C:\\wamp64\\www\\o...', 12, Array)
#1 C:\wamp64\www\oriel-web\vendor\codeigniter4\framework\system\View\View.php(210): include('C:\\wamp64\\www\\o...')
#2 C:\wamp64\www\oriel-web\vendor\codeigniter4\framework\system\View\View.php(213): CodeIgniter\View\View->CodeIgniter\View\{closure}()
#3 C:\wamp64\www\oriel-web\vendor\codeigniter4\framework\system\Common.php(1089): CodeIgniter\View\View->render('change-password...', Array, true)
#4 C:\wamp64\www\oriel-web\app\Libraries\Template.php(37): view('change-password...', Array)
#5 C:\wamp64\www\oriel-web\app\Controllers\ChangePassword.php(28): App\Libraries\Template->Frontend('change-password...', Array)
#6 C:\wamp64\www\oriel-web\vendor\codeigniter4\framework\system\CodeIgniter.php(832): App\Controllers\ChangePassword->index()
#7 C:\wamp64\www\oriel-web\vendor\codeigniter4\framework\system\CodeIgniter.php(419): CodeIgniter\CodeIgniter->runController(Object(App\Controllers\ChangePassword))
#8 C:\wamp64\www\oriel-web\vendor\codeigniter4\framework\system\CodeIgniter.php(326): CodeIgniter\CodeIgniter->handleRequest(NULL, Object(Config\Cache), false)
#9 C:\wamp64\www\oriel-web\public\index.php(37): CodeIgniter\CodeIgniter->run()
#10 C:\wamp64\www\oriel-web\vendor\codeigniter4\framework\system\Commands\Server\rewrite.php(43): require_once('C:\\wamp64\\www\\o...')
#11 {main}
CRITICAL - 2023-08-07 01:13:37 --> array_replace(): Expected parameter 1 to be an array, null given
#0 [internal function]: CodeIgniter\Debug\Exceptions->errorHandler(2, 'array_replace()...', 'C:\\wamp64\\www\\o...', 78, Array)
#1 C:\wamp64\www\oriel-web\app\Controllers\Semester.php(78): array_replace(NULL, Array)
#2 C:\wamp64\www\oriel-web\vendor\codeigniter4\framework\system\CodeIgniter.php(832): App\Controllers\Semester->getDataById()
#3 C:\wamp64\www\oriel-web\vendor\codeigniter4\framework\system\CodeIgniter.php(419): CodeIgniter\CodeIgniter->runController(Object(App\Controllers\Semester))
#4 C:\wamp64\www\oriel-web\vendor\codeigniter4\framework\system\CodeIgniter.php(326): CodeIgniter\CodeIgniter->handleRequest(NULL, Object(Config\Cache), false)
#5 C:\wamp64\www\oriel-web\public\index.php(37): CodeIgniter\CodeIgniter->run()
#6 C:\wamp64\www\oriel-web\vendor\codeigniter4\framework\system\Commands\Server\rewrite.php(43): require_once('C:\\wamp64\\www\\o...')
#7 {main}
ERROR - 2023-08-07 01:32:27 --> Table 'db-oriel-web-pengisian-nilai.users' doesn't exist
CRITICAL - 2023-08-07 01:32:27 --> Table 'db-oriel-web-pengisian-nilai.users' doesn't exist
#0 C:\wamp64\www\oriel-web\vendor\codeigniter4\framework\system\Database\MySQLi\Connection.php(292): mysqli->query('SELECT *\nFROM `...', 0)
#1 C:\wamp64\www\oriel-web\vendor\codeigniter4\framework\system\Database\BaseConnection.php(670): CodeIgniter\Database\MySQLi\Connection->execute('SELECT *\nFROM `...')
#2 C:\wamp64\www\oriel-web\vendor\codeigniter4\framework\system\Database\BaseConnection.php(598): CodeIgniter\Database\BaseConnection->simpleQuery('SELECT *\nFROM `...')
#3 C:\wamp64\www\oriel-web\vendor\codeigniter4\framework\system\Database\BaseBuilder.php(1455): CodeIgniter\Database\BaseConnection->query('SELECT *\nFROM `...', Array, false)
#4 C:\wamp64\www\oriel-web\app\Models\ChangePassword\ChangePasswordModel.php(34): CodeIgniter\Database\BaseBuilder->get()
#5 C:\wamp64\www\oriel-web\app\Models\ChangePassword\ChangePasswordModel.php(46): App\Models\ChangePassword\ChangePasswordModel->getById('3')
#6 C:\wamp64\www\oriel-web\app\Controllers\ChangePassword.php(38): App\Models\ChangePassword\ChangePasswordModel->updatePassword(Array)
#7 C:\wamp64\www\oriel-web\vendor\codeigniter4\framework\system\CodeIgniter.php(832): App\Controllers\ChangePassword->update()
#8 C:\wamp64\www\oriel-web\vendor\codeigniter4\framework\system\CodeIgniter.php(419): CodeIgniter\CodeIgniter->runController(Object(App\Controllers\ChangePassword))
#9 C:\wamp64\www\oriel-web\vendor\codeigniter4\framework\system\CodeIgniter.php(326): CodeIgniter\CodeIgniter->handleRequest(NULL, Object(Config\Cache), false)
#10 C:\wamp64\www\oriel-web\public\index.php(37): CodeIgniter\CodeIgniter->run()
#11 C:\wamp64\www\oriel-web\vendor\codeigniter4\framework\system\Commands\Server\rewrite.php(43): require_once('C:\\wamp64\\www\\o...')
#12 {main}
CRITICAL - 2023-08-07 01:38:41 --> Undefined index: new_password
#0 C:\wamp64\www\oriel-web\app\Models\ChangePassword\ChangePasswordModel.php(58): CodeIgniter\Debug\Exceptions->errorHandler(8, 'Undefined index...', 'C:\\wamp64\\www\\o...', 58, Array)
#1 C:\wamp64\www\oriel-web\app\Controllers\ChangePassword.php(38): App\Models\ChangePassword\ChangePasswordModel->updatePassword(Array)
#2 C:\wamp64\www\oriel-web\vendor\codeigniter4\framework\system\CodeIgniter.php(832): App\Controllers\ChangePassword->update()
#3 C:\wamp64\www\oriel-web\vendor\codeigniter4\framework\system\CodeIgniter.php(419): CodeIgniter\CodeIgniter->runController(Object(App\Controllers\ChangePassword))
#4 C:\wamp64\www\oriel-web\vendor\codeigniter4\framework\system\CodeIgniter.php(326): CodeIgniter\CodeIgniter->handleRequest(NULL, Object(Config\Cache), false)
#5 C:\wamp64\www\oriel-web\public\index.php(37): CodeIgniter\CodeIgniter->run()
#6 C:\wamp64\www\oriel-web\vendor\codeigniter4\framework\system\Commands\Server\rewrite.php(43): require_once('C:\\wamp64\\www\\o...')
#7 {main}
ERROR - 2023-08-07 01:41:22 --> You have an error in your SQL syntax; check the manual that corresponds to your MySQL server version for the right syntax to use near '`updateBy` = '3',
      `updateDate` = '2023-08-07 01:41:22'
    WHERE `id` = ' at line 4
CRITICAL - 2023-08-07 01:41:22 --> You have an error in your SQL syntax; check the manual that corresponds to your MySQL server version for the right syntax to use near '`updateBy` = '3',
      `updateDate` = '2023-08-07 01:41:22'
    WHERE `id` = ' at line 4
#0 C:\wamp64\www\oriel-web\vendor\codeigniter4\framework\system\Database\MySQLi\Connection.php(292): mysqli->query('UPDATE\r\n      `...', 0)
#1 C:\wamp64\www\oriel-web\vendor\codeigniter4\framework\system\Database\BaseConnection.php(670): CodeIgniter\Database\MySQLi\Connection->execute('UPDATE\r\n      `...')
#2 C:\wamp64\www\oriel-web\vendor\codeigniter4\framework\system\Database\BaseConnection.php(598): CodeIgniter\Database\BaseConnection->simpleQuery('UPDATE\r\n      `...')
#3 C:\wamp64\www\oriel-web\app\Models\ChangePassword\ChangePasswordModel.php(65): CodeIgniter\Database\BaseConnection->query('UPDATE\r\n      `...')
#4 C:\wamp64\www\oriel-web\app\Controllers\ChangePassword.php(38): App\Models\ChangePassword\ChangePasswordModel->updatePassword(Array)
#5 C:\wamp64\www\oriel-web\vendor\codeigniter4\framework\system\CodeIgniter.php(832): App\Controllers\ChangePassword->update()
#6 C:\wamp64\www\oriel-web\vendor\codeigniter4\framework\system\CodeIgniter.php(419): CodeIgniter\CodeIgniter->runController(Object(App\Controllers\ChangePassword))
#7 C:\wamp64\www\oriel-web\vendor\codeigniter4\framework\system\CodeIgniter.php(326): CodeIgniter\CodeIgniter->handleRequest(NULL, Object(Config\Cache), false)
#8 C:\wamp64\www\oriel-web\public\index.php(37): CodeIgniter\CodeIgniter->run()
#9 C:\wamp64\www\oriel-web\vendor\codeigniter4\framework\system\Commands\Server\rewrite.php(43): require_once('C:\\wamp64\\www\\o...')
#10 {main}
ERROR - 2023-08-07 02:07:03 --> You have an error in your SQL syntax; check the manual that corresponds to your MySQL server version for the right syntax to use near '`updateBy` = '3',
      `updateDate` = '2023-08-07 02:07:03'
    WHERE `id` = ' at line 4
CRITICAL - 2023-08-07 02:07:03 --> You have an error in your SQL syntax; check the manual that corresponds to your MySQL server version for the right syntax to use near '`updateBy` = '3',
      `updateDate` = '2023-08-07 02:07:03'
    WHERE `id` = ' at line 4
#0 C:\wamp64\www\oriel-web\vendor\codeigniter4\framework\system\Database\MySQLi\Connection.php(292): mysqli->query('UPDATE\r\n      `...', 0)
#1 C:\wamp64\www\oriel-web\vendor\codeigniter4\framework\system\Database\BaseConnection.php(670): CodeIgniter\Database\MySQLi\Connection->execute('UPDATE\r\n      `...')
#2 C:\wamp64\www\oriel-web\vendor\codeigniter4\framework\system\Database\BaseConnection.php(598): CodeIgniter\Database\BaseConnection->simpleQuery('UPDATE\r\n      `...')
#3 C:\wamp64\www\oriel-web\app\Models\ChangePassword\ChangePasswordModel.php(65): CodeIgniter\Database\BaseConnection->query('UPDATE\r\n      `...')
#4 C:\wamp64\www\oriel-web\app\Controllers\ChangePassword.php(38): App\Models\ChangePassword\ChangePasswordModel->updatePassword(Array)
#5 C:\wamp64\www\oriel-web\vendor\codeigniter4\framework\system\CodeIgniter.php(832): App\Controllers\ChangePassword->update()
#6 C:\wamp64\www\oriel-web\vendor\codeigniter4\framework\system\CodeIgniter.php(419): CodeIgniter\CodeIgniter->runController(Object(App\Controllers\ChangePassword))
#7 C:\wamp64\www\oriel-web\vendor\codeigniter4\framework\system\CodeIgniter.php(326): CodeIgniter\CodeIgniter->handleRequest(NULL, Object(Config\Cache), false)
#8 C:\wamp64\www\oriel-web\public\index.php(37): CodeIgniter\CodeIgniter->run()
#9 C:\wamp64\www\oriel-web\vendor\codeigniter4\framework\system\Commands\Server\rewrite.php(43): require_once('C:\\wamp64\\www\\o...')
#10 {main}
CRITICAL - 2023-08-07 02:46:13 --> Undefined variable: id
#0 C:\wamp64\www\oriel-web\app\Models\UjiKelayakan\UjiKelayakanModel.php(27): CodeIgniter\Debug\Exceptions->errorHandler(8, 'Undefined varia...', 'C:\\wamp64\\www\\o...', 27, Array)
#1 C:\wamp64\www\oriel-web\app\Models\UjiKelayakan\UjiKelayakanModel.php(36): App\Models\UjiKelayakan\UjiKelayakanModel->getDataFormUjiKelayakanByNimAndStatus('2023000123', '1')
#2 C:\wamp64\www\oriel-web\app\Controllers\UjiKelayakan.php(58): App\Models\UjiKelayakan\UjiKelayakanModel->AddNew(Array)
#3 C:\wamp64\www\oriel-web\vendor\codeigniter4\framework\system\CodeIgniter.php(832): App\Controllers\UjiKelayakan->addNewData()
#4 C:\wamp64\www\oriel-web\vendor\codeigniter4\framework\system\CodeIgniter.php(419): CodeIgniter\CodeIgniter->runController(Object(App\Controllers\UjiKelayakan))
#5 C:\wamp64\www\oriel-web\vendor\codeigniter4\framework\system\CodeIgniter.php(326): CodeIgniter\CodeIgniter->handleRequest(NULL, Object(Config\Cache), false)
#6 C:\wamp64\www\oriel-web\public\index.php(37): CodeIgniter\CodeIgniter->run()
#7 C:\wamp64\www\oriel-web\vendor\codeigniter4\framework\system\Commands\Server\rewrite.php(43): require_once('C:\\wamp64\\www\\o...')
#8 {main}
CRITICAL - 2023-08-07 02:50:50 --> Call to a member function countAll() on null
#0 C:\wamp64\www\oriel-web\app\Models\UjiKelayakan\UjiKelayakanModel.php(37): App\Models\UjiKelayakan\UjiKelayakanModel->getDataFormUjiKelayakanByNimAndStatus('2023000123', '1')
#1 C:\wamp64\www\oriel-web\app\Controllers\UjiKelayakan.php(58): App\Models\UjiKelayakan\UjiKelayakanModel->AddNew(Array)
#2 C:\wamp64\www\oriel-web\vendor\codeigniter4\framework\system\CodeIgniter.php(832): App\Controllers\UjiKelayakan->addNewData()
#3 C:\wamp64\www\oriel-web\vendor\codeigniter4\framework\system\CodeIgniter.php(419): CodeIgniter\CodeIgniter->runController(Object(App\Controllers\UjiKelayakan))
#4 C:\wamp64\www\oriel-web\vendor\codeigniter4\framework\system\CodeIgniter.php(326): CodeIgniter\CodeIgniter->handleRequest(NULL, Object(Config\Cache), false)
#5 C:\wamp64\www\oriel-web\public\index.php(37): CodeIgniter\CodeIgniter->run()
#6 C:\wamp64\www\oriel-web\vendor\codeigniter4\framework\system\Commands\Server\rewrite.php(43): require_once('C:\\wamp64\\www\\o...')
#7 {main}
CRITICAL - 2023-08-07 02:50:59 --> Call to a member function countAll() on array
#0 C:\wamp64\www\oriel-web\app\Models\UjiKelayakan\UjiKelayakanModel.php(37): App\Models\UjiKelayakan\UjiKelayakanModel->getDataFormUjiKelayakanByNimAndStatus('2023000123', '1')
#1 C:\wamp64\www\oriel-web\app\Controllers\UjiKelayakan.php(58): App\Models\UjiKelayakan\UjiKelayakanModel->AddNew(Array)
#2 C:\wamp64\www\oriel-web\vendor\codeigniter4\framework\system\CodeIgniter.php(832): App\Controllers\UjiKelayakan->addNewData()
#3 C:\wamp64\www\oriel-web\vendor\codeigniter4\framework\system\CodeIgniter.php(419): CodeIgniter\CodeIgniter->runController(Object(App\Controllers\UjiKelayakan))
#4 C:\wamp64\www\oriel-web\vendor\codeigniter4\framework\system\CodeIgniter.php(326): CodeIgniter\CodeIgniter->handleRequest(NULL, Object(Config\Cache), false)
#5 C:\wamp64\www\oriel-web\public\index.php(37): CodeIgniter\CodeIgniter->run()
#6 C:\wamp64\www\oriel-web\vendor\codeigniter4\framework\system\Commands\Server\rewrite.php(43): require_once('C:\\wamp64\\www\\o...')
#7 {main}
CRITICAL - 2023-08-07 02:53:19 --> Call to undefined method CodeIgniter\Database\MySQLi\Builder::getRowArray()
#0 C:\wamp64\www\oriel-web\app\Models\UjiKelayakan\UjiKelayakanModel.php(39): App\Models\UjiKelayakan\UjiKelayakanModel->getDataFormUjiKelayakanByNimAndStatus('2023000123', '1')
#1 C:\wamp64\www\oriel-web\app\Controllers\UjiKelayakan.php(58): App\Models\UjiKelayakan\UjiKelayakanModel->AddNew(Array)
#2 C:\wamp64\www\oriel-web\vendor\codeigniter4\framework\system\CodeIgniter.php(832): App\Controllers\UjiKelayakan->addNewData()
#3 C:\wamp64\www\oriel-web\vendor\codeigniter4\framework\system\CodeIgniter.php(419): CodeIgniter\CodeIgniter->runController(Object(App\Controllers\UjiKelayakan))
#4 C:\wamp64\www\oriel-web\vendor\codeigniter4\framework\system\CodeIgniter.php(326): CodeIgniter\CodeIgniter->handleRequest(NULL, Object(Config\Cache), false)
#5 C:\wamp64\www\oriel-web\public\index.php(37): CodeIgniter\CodeIgniter->run()
#6 C:\wamp64\www\oriel-web\vendor\codeigniter4\framework\system\Commands\Server\rewrite.php(43): require_once('C:\\wamp64\\www\\o...')
#7 {main}
