CRITICAL - 2021-11-02 12:00:33 --> Cannot declare class App\Controllers\Admin\Login, because the name is already in use
#0 [internal function]: CodeIgniter\Debug\Exceptions->shutdownHandler()
#1 {main}
CRITICAL - 2021-11-02 12:00:42 --> Cannot declare class App\Controllers\Admin\Login, because the name is already in use
#0 [internal function]: CodeIgniter\Debug\Exceptions->shutdownHandler()
#1 {main}
CRITICAL - 2021-11-02 12:01:41 --> Cannot declare class App\Controllers\Admin\Login, because the name is already in use
#0 [internal function]: CodeIgniter\Debug\Exceptions->shutdownHandler()
#1 {main}
CRITICAL - 2021-11-02 13:03:40 --> Undefined index: HTTPS
#0 C:\wamp64\www\framework-template-ci4\app\Controllers\Admin\Users.php(19): CodeIgniter\Debug\Exceptions->errorHandler(8, 'Undefined index...', 'C:\\wamp64\\www\\f...', 19, Array)
#1 C:\wamp64\www\framework-template-ci4\vendor\codeigniter4\framework\system\CodeIgniter.php(802): App\Controllers\Admin\Users->index()
#2 C:\wamp64\www\framework-template-ci4\vendor\codeigniter4\framework\system\CodeIgniter.php(399): CodeIgniter\CodeIgniter->runController(Object(App\Controllers\Admin\Users))
#3 C:\wamp64\www\framework-template-ci4\vendor\codeigniter4\framework\system\CodeIgniter.php(317): CodeIgniter\CodeIgniter->handleRequest(NULL, Object(Config\Cache), false)
#4 C:\wamp64\www\framework-template-ci4\public\index.php(37): CodeIgniter\CodeIgniter->run()
#5 {main}
CRITICAL - 2021-11-02 13:52:45 --> Undefined offset: -1
#0 C:\wamp64\www\framework-template-ci4\app\Views\admin\layout\breadcrumb.php(9): CodeIgniter\Debug\Exceptions->errorHandler(8, 'Undefined offse...', 'C:\\wamp64\\www\\f...', 9, Array)
#1 C:\wamp64\www\framework-template-ci4\vendor\codeigniter4\framework\system\View\View.php(214): include('C:\\wamp64\\www\\f...')
#2 C:\wamp64\www\framework-template-ci4\vendor\codeigniter4\framework\system\View\View.php(217): CodeIgniter\View\View->CodeIgniter\View\{closure}()
#3 C:\wamp64\www\framework-template-ci4\vendor\codeigniter4\framework\system\Common.php(1092): CodeIgniter\View\View->render('admin/layout/br...', Array, true)
#4 C:\wamp64\www\framework-template-ci4\app\Libraries\Template.php(21): view('admin/layout/br...', Array)
#5 C:\wamp64\www\framework-template-ci4\app\Controllers\Admin\Users.php(19): App\Libraries\Template->Cms('admin/users/com...')
#6 C:\wamp64\www\framework-template-ci4\vendor\codeigniter4\framework\system\CodeIgniter.php(802): App\Controllers\Admin\Users->index()
#7 C:\wamp64\www\framework-template-ci4\vendor\codeigniter4\framework\system\CodeIgniter.php(399): CodeIgniter\CodeIgniter->runController(Object(App\Controllers\Admin\Users))
#8 C:\wamp64\www\framework-template-ci4\vendor\codeigniter4\framework\system\CodeIgniter.php(317): CodeIgniter\CodeIgniter->handleRequest(NULL, Object(Config\Cache), false)
#9 C:\wamp64\www\framework-template-ci4\public\index.php(37): CodeIgniter\CodeIgniter->run()
#10 {main}
CRITICAL - 2021-11-02 14:25:31 --> Call to undefined method CodeIgniter\Database\MySQLi\Connection::from()
#0 C:\wamp64\www\framework-template-ci4\app\Models\Admin\Users\UsersModel.php(72): App\Models\Admin\Users\UsersModel->getDatatablesQuery()
#1 C:\wamp64\www\framework-template-ci4\app\Controllers\Admin\Users.php(25): App\Models\Admin\Users\UsersModel->getDatatables()
#2 C:\wamp64\www\framework-template-ci4\vendor\codeigniter4\framework\system\CodeIgniter.php(802): App\Controllers\Admin\Users->Getdata()
#3 C:\wamp64\www\framework-template-ci4\vendor\codeigniter4\framework\system\CodeIgniter.php(399): CodeIgniter\CodeIgniter->runController(Object(App\Controllers\Admin\Users))
#4 C:\wamp64\www\framework-template-ci4\vendor\codeigniter4\framework\system\CodeIgniter.php(317): CodeIgniter\CodeIgniter->handleRequest(NULL, Object(Config\Cache), false)
#5 C:\wamp64\www\framework-template-ci4\public\index.php(37): CodeIgniter\CodeIgniter->run()
#6 {main}
CRITICAL - 2021-11-02 14:26:19 --> Call to undefined method CodeIgniter\Database\MySQLi\Connection::from()
#0 C:\wamp64\www\framework-template-ci4\app\Models\Admin\Users\UsersModel.php(72): App\Models\Admin\Users\UsersModel->getDatatablesQuery()
#1 C:\wamp64\www\framework-template-ci4\app\Controllers\Admin\Users.php(25): App\Models\Admin\Users\UsersModel->getDatatables()
#2 C:\wamp64\www\framework-template-ci4\vendor\codeigniter4\framework\system\CodeIgniter.php(802): App\Controllers\Admin\Users->getdata()
#3 C:\wamp64\www\framework-template-ci4\vendor\codeigniter4\framework\system\CodeIgniter.php(399): CodeIgniter\CodeIgniter->runController(Object(App\Controllers\Admin\Users))
#4 C:\wamp64\www\framework-template-ci4\vendor\codeigniter4\framework\system\CodeIgniter.php(317): CodeIgniter\CodeIgniter->handleRequest(NULL, Object(Config\Cache), false)
#5 C:\wamp64\www\framework-template-ci4\public\index.php(37): CodeIgniter\CodeIgniter->run()
#6 {main}
CRITICAL - 2021-11-02 14:28:33 --> Call to undefined method CodeIgniter\Database\MySQLi\Connection::from()
#0 C:\wamp64\www\framework-template-ci4\app\Models\Admin\Users\UsersModel.php(72): App\Models\Admin\Users\UsersModel->getDatatablesQuery()
#1 C:\wamp64\www\framework-template-ci4\app\Controllers\Admin\Users.php(25): App\Models\Admin\Users\UsersModel->getDatatables()
#2 C:\wamp64\www\framework-template-ci4\vendor\codeigniter4\framework\system\CodeIgniter.php(802): App\Controllers\Admin\Users->getdata()
#3 C:\wamp64\www\framework-template-ci4\vendor\codeigniter4\framework\system\CodeIgniter.php(399): CodeIgniter\CodeIgniter->runController(Object(App\Controllers\Admin\Users))
#4 C:\wamp64\www\framework-template-ci4\vendor\codeigniter4\framework\system\CodeIgniter.php(317): CodeIgniter\CodeIgniter->handleRequest(NULL, Object(Config\Cache), false)
#5 C:\wamp64\www\framework-template-ci4\public\index.php(37): CodeIgniter\CodeIgniter->run()
#6 {main}
CRITICAL - 2021-11-02 14:29:18 --> Call to undefined method CodeIgniter\Database\MySQLi\Connection::from()
#0 C:\wamp64\www\framework-template-ci4\app\Models\Admin\Users\UsersModel.php(72): App\Models\Admin\Users\UsersModel->getDatatablesQuery()
#1 C:\wamp64\www\framework-template-ci4\app\Controllers\Admin\Users.php(25): App\Models\Admin\Users\UsersModel->getDatatables()
#2 C:\wamp64\www\framework-template-ci4\vendor\codeigniter4\framework\system\CodeIgniter.php(802): App\Controllers\Admin\Users->getdata()
#3 C:\wamp64\www\framework-template-ci4\vendor\codeigniter4\framework\system\CodeIgniter.php(399): CodeIgniter\CodeIgniter->runController(Object(App\Controllers\Admin\Users))
#4 C:\wamp64\www\framework-template-ci4\vendor\codeigniter4\framework\system\CodeIgniter.php(317): CodeIgniter\CodeIgniter->handleRequest(NULL, Object(Config\Cache), false)
#5 C:\wamp64\www\framework-template-ci4\public\index.php(37): CodeIgniter\CodeIgniter->run()
#6 {main}
CRITICAL - 2021-11-02 14:29:48 --> Call to undefined method CodeIgniter\Database\MySQLi\Connection::from()
#0 C:\wamp64\www\framework-template-ci4\app\Models\Admin\Users\UsersModel.php(72): App\Models\Admin\Users\UsersModel->getDatatablesQuery()
#1 C:\wamp64\www\framework-template-ci4\app\Controllers\Admin\Users.php(25): App\Models\Admin\Users\UsersModel->getDatatables()
#2 C:\wamp64\www\framework-template-ci4\vendor\codeigniter4\framework\system\CodeIgniter.php(802): App\Controllers\Admin\Users->getdata()
#3 C:\wamp64\www\framework-template-ci4\vendor\codeigniter4\framework\system\CodeIgniter.php(399): CodeIgniter\CodeIgniter->runController(Object(App\Controllers\Admin\Users))
#4 C:\wamp64\www\framework-template-ci4\vendor\codeigniter4\framework\system\CodeIgniter.php(317): CodeIgniter\CodeIgniter->handleRequest(NULL, Object(Config\Cache), false)
#5 C:\wamp64\www\framework-template-ci4\public\index.php(37): CodeIgniter\CodeIgniter->run()
#6 {main}
CRITICAL - 2021-11-02 14:32:13 --> Call to undefined method CodeIgniter\Database\MySQLi\Connection::from()
#0 C:\wamp64\www\framework-template-ci4\app\Models\Admin\Users\UsersModel.php(72): App\Models\Admin\Users\UsersModel->getDatatablesQuery()
#1 C:\wamp64\www\framework-template-ci4\app\Controllers\Admin\Users.php(25): App\Models\Admin\Users\UsersModel->getDatatables()
#2 C:\wamp64\www\framework-template-ci4\vendor\codeigniter4\framework\system\CodeIgniter.php(802): App\Controllers\Admin\Users->getdata()
#3 C:\wamp64\www\framework-template-ci4\vendor\codeigniter4\framework\system\CodeIgniter.php(399): CodeIgniter\CodeIgniter->runController(Object(App\Controllers\Admin\Users))
#4 C:\wamp64\www\framework-template-ci4\vendor\codeigniter4\framework\system\CodeIgniter.php(317): CodeIgniter\CodeIgniter->handleRequest(NULL, Object(Config\Cache), false)
#5 C:\wamp64\www\framework-template-ci4\public\index.php(37): CodeIgniter\CodeIgniter->run()
#6 {main}
CRITICAL - 2021-11-02 14:32:54 --> Call to undefined method CodeIgniter\Database\MySQLi\Connection::from()
#0 C:\wamp64\www\framework-template-ci4\app\Models\Admin\Users\UsersModel.php(72): App\Models\Admin\Users\UsersModel->getDatatablesQuery()
#1 C:\wamp64\www\framework-template-ci4\app\Controllers\Admin\Users.php(25): App\Models\Admin\Users\UsersModel->getDatatables()
#2 C:\wamp64\www\framework-template-ci4\vendor\codeigniter4\framework\system\CodeIgniter.php(802): App\Controllers\Admin\Users->getdata()
#3 C:\wamp64\www\framework-template-ci4\vendor\codeigniter4\framework\system\CodeIgniter.php(399): CodeIgniter\CodeIgniter->runController(Object(App\Controllers\Admin\Users))
#4 C:\wamp64\www\framework-template-ci4\vendor\codeigniter4\framework\system\CodeIgniter.php(317): CodeIgniter\CodeIgniter->handleRequest(NULL, Object(Config\Cache), false)
#5 C:\wamp64\www\framework-template-ci4\public\index.php(37): CodeIgniter\CodeIgniter->run()
#6 {main}
CRITICAL - 2021-11-02 14:33:07 --> Call to undefined method CodeIgniter\Database\MySQLi\Connection::from()
#0 C:\wamp64\www\framework-template-ci4\app\Models\Admin\Users\UsersModel.php(72): App\Models\Admin\Users\UsersModel->getDatatablesQuery()
#1 C:\wamp64\www\framework-template-ci4\app\Controllers\Admin\Users.php(25): App\Models\Admin\Users\UsersModel->getDatatables()
#2 C:\wamp64\www\framework-template-ci4\vendor\codeigniter4\framework\system\CodeIgniter.php(802): App\Controllers\Admin\Users->getdata()
#3 C:\wamp64\www\framework-template-ci4\vendor\codeigniter4\framework\system\CodeIgniter.php(399): CodeIgniter\CodeIgniter->runController(Object(App\Controllers\Admin\Users))
#4 C:\wamp64\www\framework-template-ci4\vendor\codeigniter4\framework\system\CodeIgniter.php(317): CodeIgniter\CodeIgniter->handleRequest(NULL, Object(Config\Cache), false)
#5 C:\wamp64\www\framework-template-ci4\public\index.php(37): CodeIgniter\CodeIgniter->run()
#6 {main}
CRITICAL - 2021-11-02 14:33:19 --> Call to undefined method CodeIgniter\Database\MySQLi\Connection::from()
#0 C:\wamp64\www\framework-template-ci4\app\Models\Admin\Users\UsersModel.php(72): App\Models\Admin\Users\UsersModel->getDatatablesQuery()
#1 C:\wamp64\www\framework-template-ci4\app\Controllers\Admin\Users.php(25): App\Models\Admin\Users\UsersModel->getDatatables()
#2 C:\wamp64\www\framework-template-ci4\vendor\codeigniter4\framework\system\CodeIgniter.php(802): App\Controllers\Admin\Users->getdata()
#3 C:\wamp64\www\framework-template-ci4\vendor\codeigniter4\framework\system\CodeIgniter.php(399): CodeIgniter\CodeIgniter->runController(Object(App\Controllers\Admin\Users))
#4 C:\wamp64\www\framework-template-ci4\vendor\codeigniter4\framework\system\CodeIgniter.php(317): CodeIgniter\CodeIgniter->handleRequest(NULL, Object(Config\Cache), false)
#5 C:\wamp64\www\framework-template-ci4\public\index.php(37): CodeIgniter\CodeIgniter->run()
#6 {main}
CRITICAL - 2021-11-02 14:33:26 --> Call to undefined method CodeIgniter\Database\MySQLi\Connection::from()
#0 C:\wamp64\www\framework-template-ci4\app\Models\Admin\Users\UsersModel.php(72): App\Models\Admin\Users\UsersModel->getDatatablesQuery()
#1 C:\wamp64\www\framework-template-ci4\app\Controllers\Admin\Users.php(25): App\Models\Admin\Users\UsersModel->getDatatables()
#2 C:\wamp64\www\framework-template-ci4\vendor\codeigniter4\framework\system\CodeIgniter.php(802): App\Controllers\Admin\Users->getdata()
#3 C:\wamp64\www\framework-template-ci4\vendor\codeigniter4\framework\system\CodeIgniter.php(399): CodeIgniter\CodeIgniter->runController(Object(App\Controllers\Admin\Users))
#4 C:\wamp64\www\framework-template-ci4\vendor\codeigniter4\framework\system\CodeIgniter.php(317): CodeIgniter\CodeIgniter->handleRequest(NULL, Object(Config\Cache), false)
#5 C:\wamp64\www\framework-template-ci4\public\index.php(37): CodeIgniter\CodeIgniter->run()
#6 {main}
CRITICAL - 2021-11-02 14:33:35 --> Call to undefined method CodeIgniter\Database\MySQLi\Connection::from()
#0 C:\wamp64\www\framework-template-ci4\app\Models\Admin\Users\UsersModel.php(72): App\Models\Admin\Users\UsersModel->getDatatablesQuery()
#1 C:\wamp64\www\framework-template-ci4\app\Controllers\Admin\Users.php(25): App\Models\Admin\Users\UsersModel->getDatatables()
#2 C:\wamp64\www\framework-template-ci4\vendor\codeigniter4\framework\system\CodeIgniter.php(802): App\Controllers\Admin\Users->getdata()
#3 C:\wamp64\www\framework-template-ci4\vendor\codeigniter4\framework\system\CodeIgniter.php(399): CodeIgniter\CodeIgniter->runController(Object(App\Controllers\Admin\Users))
#4 C:\wamp64\www\framework-template-ci4\vendor\codeigniter4\framework\system\CodeIgniter.php(317): CodeIgniter\CodeIgniter->handleRequest(NULL, Object(Config\Cache), false)
#5 C:\wamp64\www\framework-template-ci4\public\index.php(37): CodeIgniter\CodeIgniter->run()
#6 {main}
CRITICAL - 2021-11-02 14:34:01 --> Call to undefined method CodeIgniter\Database\MySQLi\Connection::from()
#0 C:\wamp64\www\framework-template-ci4\app\Models\Admin\Users\UsersModel.php(72): App\Models\Admin\Users\UsersModel->getDatatablesQuery()
#1 C:\wamp64\www\framework-template-ci4\app\Controllers\Admin\Users.php(25): App\Models\Admin\Users\UsersModel->getDatatables()
#2 C:\wamp64\www\framework-template-ci4\vendor\codeigniter4\framework\system\CodeIgniter.php(802): App\Controllers\Admin\Users->getdata()
#3 C:\wamp64\www\framework-template-ci4\vendor\codeigniter4\framework\system\CodeIgniter.php(399): CodeIgniter\CodeIgniter->runController(Object(App\Controllers\Admin\Users))
#4 C:\wamp64\www\framework-template-ci4\vendor\codeigniter4\framework\system\CodeIgniter.php(317): CodeIgniter\CodeIgniter->handleRequest(NULL, Object(Config\Cache), false)
#5 C:\wamp64\www\framework-template-ci4\public\index.php(37): CodeIgniter\CodeIgniter->run()
#6 {main}
CRITICAL - 2021-11-02 14:34:12 --> Call to undefined method CodeIgniter\Database\MySQLi\Connection::from()
#0 C:\wamp64\www\framework-template-ci4\app\Models\Admin\Users\UsersModel.php(72): App\Models\Admin\Users\UsersModel->getDatatablesQuery()
#1 C:\wamp64\www\framework-template-ci4\app\Controllers\Admin\Users.php(25): App\Models\Admin\Users\UsersModel->getDatatables()
#2 C:\wamp64\www\framework-template-ci4\vendor\codeigniter4\framework\system\CodeIgniter.php(802): App\Controllers\Admin\Users->getdata()
#3 C:\wamp64\www\framework-template-ci4\vendor\codeigniter4\framework\system\CodeIgniter.php(399): CodeIgniter\CodeIgniter->runController(Object(App\Controllers\Admin\Users))
#4 C:\wamp64\www\framework-template-ci4\vendor\codeigniter4\framework\system\CodeIgniter.php(317): CodeIgniter\CodeIgniter->handleRequest(NULL, Object(Config\Cache), false)
#5 C:\wamp64\www\framework-template-ci4\public\index.php(37): CodeIgniter\CodeIgniter->run()
#6 {main}
CRITICAL - 2021-11-02 14:34:47 --> Call to undefined method CodeIgniter\Database\MySQLi\Connection::from()
#0 C:\wamp64\www\framework-template-ci4\app\Models\Admin\Users\UsersModel.php(72): App\Models\Admin\Users\UsersModel->getDatatablesQuery()
#1 C:\wamp64\www\framework-template-ci4\app\Controllers\Admin\Users.php(25): App\Models\Admin\Users\UsersModel->getDatatables()
#2 C:\wamp64\www\framework-template-ci4\vendor\codeigniter4\framework\system\CodeIgniter.php(802): App\Controllers\Admin\Users->getdata()
#3 C:\wamp64\www\framework-template-ci4\vendor\codeigniter4\framework\system\CodeIgniter.php(399): CodeIgniter\CodeIgniter->runController(Object(App\Controllers\Admin\Users))
#4 C:\wamp64\www\framework-template-ci4\vendor\codeigniter4\framework\system\CodeIgniter.php(317): CodeIgniter\CodeIgniter->handleRequest(NULL, Object(Config\Cache), false)
#5 C:\wamp64\www\framework-template-ci4\public\index.php(37): CodeIgniter\CodeIgniter->run()
#6 {main}
CRITICAL - 2021-11-02 14:34:54 --> Call to undefined method CodeIgniter\Database\MySQLi\Connection::from()
#0 C:\wamp64\www\framework-template-ci4\app\Models\Admin\Users\UsersModel.php(72): App\Models\Admin\Users\UsersModel->getDatatablesQuery()
#1 C:\wamp64\www\framework-template-ci4\app\Controllers\Admin\Users.php(25): App\Models\Admin\Users\UsersModel->getDatatables()
#2 C:\wamp64\www\framework-template-ci4\vendor\codeigniter4\framework\system\CodeIgniter.php(802): App\Controllers\Admin\Users->getdata()
#3 C:\wamp64\www\framework-template-ci4\vendor\codeigniter4\framework\system\CodeIgniter.php(399): CodeIgniter\CodeIgniter->runController(Object(App\Controllers\Admin\Users))
#4 C:\wamp64\www\framework-template-ci4\vendor\codeigniter4\framework\system\CodeIgniter.php(317): CodeIgniter\CodeIgniter->handleRequest(NULL, Object(Config\Cache), false)
#5 C:\wamp64\www\framework-template-ci4\public\index.php(37): CodeIgniter\CodeIgniter->run()
#6 {main}
CRITICAL - 2021-11-02 14:35:13 --> Call to undefined method CodeIgniter\Database\MySQLi\Connection::from()
#0 C:\wamp64\www\framework-template-ci4\app\Models\Admin\Users\UsersModel.php(72): App\Models\Admin\Users\UsersModel->getDatatablesQuery()
#1 C:\wamp64\www\framework-template-ci4\app\Controllers\Admin\Users.php(25): App\Models\Admin\Users\UsersModel->getDatatables()
#2 C:\wamp64\www\framework-template-ci4\vendor\codeigniter4\framework\system\CodeIgniter.php(802): App\Controllers\Admin\Users->getdata()
#3 C:\wamp64\www\framework-template-ci4\vendor\codeigniter4\framework\system\CodeIgniter.php(399): CodeIgniter\CodeIgniter->runController(Object(App\Controllers\Admin\Users))
#4 C:\wamp64\www\framework-template-ci4\vendor\codeigniter4\framework\system\CodeIgniter.php(317): CodeIgniter\CodeIgniter->handleRequest(NULL, Object(Config\Cache), false)
#5 C:\wamp64\www\framework-template-ci4\public\index.php(37): CodeIgniter\CodeIgniter->run()
#6 {main}
CRITICAL - 2021-11-02 14:37:07 --> Call to undefined method CodeIgniter\Database\MySQLi\Connection::from()
#0 C:\wamp64\www\framework-template-ci4\app\Models\Admin\Users\UsersModel.php(72): App\Models\Admin\Users\UsersModel->getDatatablesQuery()
#1 C:\wamp64\www\framework-template-ci4\app\Controllers\Admin\Users.php(25): App\Models\Admin\Users\UsersModel->getDatatables()
#2 C:\wamp64\www\framework-template-ci4\vendor\codeigniter4\framework\system\CodeIgniter.php(802): App\Controllers\Admin\Users->getdata()
#3 C:\wamp64\www\framework-template-ci4\vendor\codeigniter4\framework\system\CodeIgniter.php(399): CodeIgniter\CodeIgniter->runController(Object(App\Controllers\Admin\Users))
#4 C:\wamp64\www\framework-template-ci4\vendor\codeigniter4\framework\system\CodeIgniter.php(317): CodeIgniter\CodeIgniter->handleRequest(NULL, Object(Config\Cache), false)
#5 C:\wamp64\www\framework-template-ci4\public\index.php(37): CodeIgniter\CodeIgniter->run()
#6 {main}
CRITICAL - 2021-11-02 14:37:42 --> Call to undefined method CodeIgniter\Database\MySQLi\Connection::from()
#0 C:\wamp64\www\framework-template-ci4\app\Models\Admin\Users\UsersModel.php(72): App\Models\Admin\Users\UsersModel->getDatatablesQuery()
#1 C:\wamp64\www\framework-template-ci4\app\Controllers\Admin\Users.php(25): App\Models\Admin\Users\UsersModel->getDatatables()
#2 C:\wamp64\www\framework-template-ci4\vendor\codeigniter4\framework\system\CodeIgniter.php(802): App\Controllers\Admin\Users->getdata()
#3 C:\wamp64\www\framework-template-ci4\vendor\codeigniter4\framework\system\CodeIgniter.php(399): CodeIgniter\CodeIgniter->runController(Object(App\Controllers\Admin\Users))
#4 C:\wamp64\www\framework-template-ci4\vendor\codeigniter4\framework\system\CodeIgniter.php(317): CodeIgniter\CodeIgniter->handleRequest(NULL, Object(Config\Cache), false)
#5 C:\wamp64\www\framework-template-ci4\public\index.php(37): CodeIgniter\CodeIgniter->run()
#6 {main}
CRITICAL - 2021-11-02 14:37:57 --> Call to undefined method CodeIgniter\Database\MySQLi\Connection::from()
#0 C:\wamp64\www\framework-template-ci4\app\Models\Admin\Users\UsersModel.php(72): App\Models\Admin\Users\UsersModel->getDatatablesQuery()
#1 C:\wamp64\www\framework-template-ci4\app\Controllers\Admin\Users.php(25): App\Models\Admin\Users\UsersModel->getDatatables()
#2 C:\wamp64\www\framework-template-ci4\vendor\codeigniter4\framework\system\CodeIgniter.php(802): App\Controllers\Admin\Users->getdata()
#3 C:\wamp64\www\framework-template-ci4\vendor\codeigniter4\framework\system\CodeIgniter.php(399): CodeIgniter\CodeIgniter->runController(Object(App\Controllers\Admin\Users))
#4 C:\wamp64\www\framework-template-ci4\vendor\codeigniter4\framework\system\CodeIgniter.php(317): CodeIgniter\CodeIgniter->handleRequest(NULL, Object(Config\Cache), false)
#5 C:\wamp64\www\framework-template-ci4\public\index.php(37): CodeIgniter\CodeIgniter->run()
#6 {main}
CRITICAL - 2021-11-02 14:38:36 --> Call to undefined method CodeIgniter\Database\MySQLi\Connection::from()
#0 C:\wamp64\www\framework-template-ci4\app\Models\Admin\Users\UsersModel.php(72): App\Models\Admin\Users\UsersModel->getDatatablesQuery()
#1 C:\wamp64\www\framework-template-ci4\app\Controllers\Admin\Users.php(25): App\Models\Admin\Users\UsersModel->getDatatables()
#2 C:\wamp64\www\framework-template-ci4\vendor\codeigniter4\framework\system\CodeIgniter.php(802): App\Controllers\Admin\Users->getdata()
#3 C:\wamp64\www\framework-template-ci4\vendor\codeigniter4\framework\system\CodeIgniter.php(399): CodeIgniter\CodeIgniter->runController(Object(App\Controllers\Admin\Users))
#4 C:\wamp64\www\framework-template-ci4\vendor\codeigniter4\framework\system\CodeIgniter.php(317): CodeIgniter\CodeIgniter->handleRequest(NULL, Object(Config\Cache), false)
#5 C:\wamp64\www\framework-template-ci4\public\index.php(37): CodeIgniter\CodeIgniter->run()
#6 {main}
CRITICAL - 2021-11-02 14:39:28 --> Call to undefined method CodeIgniter\Database\MySQLi\Connection::from()
#0 C:\wamp64\www\framework-template-ci4\app\Models\Admin\Users\UsersModel.php(72): App\Models\Admin\Users\UsersModel->getDatatablesQuery()
#1 C:\wamp64\www\framework-template-ci4\app\Controllers\Admin\Users.php(25): App\Models\Admin\Users\UsersModel->getDatatables()
#2 C:\wamp64\www\framework-template-ci4\vendor\codeigniter4\framework\system\CodeIgniter.php(802): App\Controllers\Admin\Users->getdata()
#3 C:\wamp64\www\framework-template-ci4\vendor\codeigniter4\framework\system\CodeIgniter.php(399): CodeIgniter\CodeIgniter->runController(Object(App\Controllers\Admin\Users))
#4 C:\wamp64\www\framework-template-ci4\vendor\codeigniter4\framework\system\CodeIgniter.php(317): CodeIgniter\CodeIgniter->handleRequest(NULL, Object(Config\Cache), false)
#5 C:\wamp64\www\framework-template-ci4\public\index.php(37): CodeIgniter\CodeIgniter->run()
#6 {main}
CRITICAL - 2021-11-02 14:39:49 --> Call to undefined method CodeIgniter\Database\MySQLi\Connection::from()
#0 C:\wamp64\www\framework-template-ci4\app\Models\Admin\Users\UsersModel.php(72): App\Models\Admin\Users\UsersModel->getDatatablesQuery()
#1 C:\wamp64\www\framework-template-ci4\app\Controllers\Admin\Users.php(25): App\Models\Admin\Users\UsersModel->getDatatables()
#2 C:\wamp64\www\framework-template-ci4\vendor\codeigniter4\framework\system\CodeIgniter.php(802): App\Controllers\Admin\Users->getdata()
#3 C:\wamp64\www\framework-template-ci4\vendor\codeigniter4\framework\system\CodeIgniter.php(399): CodeIgniter\CodeIgniter->runController(Object(App\Controllers\Admin\Users))
#4 C:\wamp64\www\framework-template-ci4\vendor\codeigniter4\framework\system\CodeIgniter.php(317): CodeIgniter\CodeIgniter->handleRequest(NULL, Object(Config\Cache), false)
#5 C:\wamp64\www\framework-template-ci4\public\index.php(37): CodeIgniter\CodeIgniter->run()
#6 {main}
CRITICAL - 2021-11-02 14:40:06 --> Call to undefined method CodeIgniter\Database\MySQLi\Connection::from()
#0 C:\wamp64\www\framework-template-ci4\app\Models\Admin\Users\UsersModel.php(72): App\Models\Admin\Users\UsersModel->getDatatablesQuery()
#1 C:\wamp64\www\framework-template-ci4\app\Controllers\Admin\Users.php(25): App\Models\Admin\Users\UsersModel->getDatatables()
#2 C:\wamp64\www\framework-template-ci4\vendor\codeigniter4\framework\system\CodeIgniter.php(802): App\Controllers\Admin\Users->getdata()
#3 C:\wamp64\www\framework-template-ci4\vendor\codeigniter4\framework\system\CodeIgniter.php(399): CodeIgniter\CodeIgniter->runController(Object(App\Controllers\Admin\Users))
#4 C:\wamp64\www\framework-template-ci4\vendor\codeigniter4\framework\system\CodeIgniter.php(317): CodeIgniter\CodeIgniter->handleRequest(NULL, Object(Config\Cache), false)
#5 C:\wamp64\www\framework-template-ci4\public\index.php(37): CodeIgniter\CodeIgniter->run()
#6 {main}
CRITICAL - 2021-11-02 14:40:51 --> Call to undefined method CodeIgniter\Database\MySQLi\Connection::from()
#0 C:\wamp64\www\framework-template-ci4\app\Models\Admin\Users\UsersModel.php(72): App\Models\Admin\Users\UsersModel->getDatatablesQuery()
#1 C:\wamp64\www\framework-template-ci4\app\Controllers\Admin\Users.php(25): App\Models\Admin\Users\UsersModel->getDatatables()
#2 C:\wamp64\www\framework-template-ci4\vendor\codeigniter4\framework\system\CodeIgniter.php(802): App\Controllers\Admin\Users->getdata()
#3 C:\wamp64\www\framework-template-ci4\vendor\codeigniter4\framework\system\CodeIgniter.php(399): CodeIgniter\CodeIgniter->runController(Object(App\Controllers\Admin\Users))
#4 C:\wamp64\www\framework-template-ci4\vendor\codeigniter4\framework\system\CodeIgniter.php(317): CodeIgniter\CodeIgniter->handleRequest(NULL, Object(Config\Cache), false)
#5 C:\wamp64\www\framework-template-ci4\public\index.php(37): CodeIgniter\CodeIgniter->run()
#6 {main}
CRITICAL - 2021-11-02 14:53:21 --> Call to undefined method CodeIgniter\Database\MySQLi\Connection::from()
#0 C:\wamp64\www\framework-template-ci4\app\Models\Admin\Users\UsersModel.php(72): App\Models\Admin\Users\UsersModel->getDatatablesQuery()
#1 C:\wamp64\www\framework-template-ci4\app\Controllers\Admin\Users.php(25): App\Models\Admin\Users\UsersModel->getDatatables()
#2 C:\wamp64\www\framework-template-ci4\vendor\codeigniter4\framework\system\CodeIgniter.php(802): App\Controllers\Admin\Users->getdata()
#3 C:\wamp64\www\framework-template-ci4\vendor\codeigniter4\framework\system\CodeIgniter.php(399): CodeIgniter\CodeIgniter->runController(Object(App\Controllers\Admin\Users))
#4 C:\wamp64\www\framework-template-ci4\vendor\codeigniter4\framework\system\CodeIgniter.php(317): CodeIgniter\CodeIgniter->handleRequest(NULL, Object(Config\Cache), false)
#5 C:\wamp64\www\framework-template-ci4\public\index.php(37): CodeIgniter\CodeIgniter->run()
#6 {main}
CRITICAL - 2021-11-02 14:54:09 --> Call to undefined method CodeIgniter\Database\MySQLi\Connection::from()
#0 C:\wamp64\www\framework-template-ci4\app\Models\Admin\Users\UsersModel.php(74): App\Models\Admin\Users\UsersModel->getDatatablesQuery()
#1 C:\wamp64\www\framework-template-ci4\app\Controllers\Admin\Users.php(25): App\Models\Admin\Users\UsersModel->getDatatables()
#2 C:\wamp64\www\framework-template-ci4\vendor\codeigniter4\framework\system\CodeIgniter.php(802): App\Controllers\Admin\Users->getdata()
#3 C:\wamp64\www\framework-template-ci4\vendor\codeigniter4\framework\system\CodeIgniter.php(399): CodeIgniter\CodeIgniter->runController(Object(App\Controllers\Admin\Users))
#4 C:\wamp64\www\framework-template-ci4\vendor\codeigniter4\framework\system\CodeIgniter.php(317): CodeIgniter\CodeIgniter->handleRequest(NULL, Object(Config\Cache), false)
#5 C:\wamp64\www\framework-template-ci4\public\index.php(37): CodeIgniter\CodeIgniter->run()
#6 {main}
CRITICAL - 2021-11-02 14:54:32 --> Call to undefined method CodeIgniter\Database\MySQLi\Connection::from()
#0 C:\wamp64\www\framework-template-ci4\app\Models\Admin\Users\UsersModel.php(75): App\Models\Admin\Users\UsersModel->getDatatablesQuery()
#1 C:\wamp64\www\framework-template-ci4\app\Controllers\Admin\Users.php(25): App\Models\Admin\Users\UsersModel->getDatatables()
#2 C:\wamp64\www\framework-template-ci4\vendor\codeigniter4\framework\system\CodeIgniter.php(802): App\Controllers\Admin\Users->getdata()
#3 C:\wamp64\www\framework-template-ci4\vendor\codeigniter4\framework\system\CodeIgniter.php(399): CodeIgniter\CodeIgniter->runController(Object(App\Controllers\Admin\Users))
#4 C:\wamp64\www\framework-template-ci4\vendor\codeigniter4\framework\system\CodeIgniter.php(317): CodeIgniter\CodeIgniter->handleRequest(NULL, Object(Config\Cache), false)
#5 C:\wamp64\www\framework-template-ci4\public\index.php(37): CodeIgniter\CodeIgniter->run()
#6 {main}
CRITICAL - 2021-11-02 14:55:21 --> Call to undefined method CodeIgniter\Database\MySQLi\Connection::from()
#0 C:\wamp64\www\framework-template-ci4\app\Controllers\Admin\Users.php(25): App\Models\Admin\Users\UsersModel->getDatatables()
#1 C:\wamp64\www\framework-template-ci4\vendor\codeigniter4\framework\system\CodeIgniter.php(802): App\Controllers\Admin\Users->getdata()
#2 C:\wamp64\www\framework-template-ci4\vendor\codeigniter4\framework\system\CodeIgniter.php(399): CodeIgniter\CodeIgniter->runController(Object(App\Controllers\Admin\Users))
#3 C:\wamp64\www\framework-template-ci4\vendor\codeigniter4\framework\system\CodeIgniter.php(317): CodeIgniter\CodeIgniter->handleRequest(NULL, Object(Config\Cache), false)
#4 C:\wamp64\www\framework-template-ci4\public\index.php(37): CodeIgniter\CodeIgniter->run()
#5 {main}
CRITICAL - 2021-11-02 14:55:28 --> Call to undefined method CodeIgniter\Database\MySQLi\Connection::from()
#0 C:\wamp64\www\framework-template-ci4\app\Controllers\Admin\Users.php(25): App\Models\Admin\Users\UsersModel->getDatatables()
#1 C:\wamp64\www\framework-template-ci4\vendor\codeigniter4\framework\system\CodeIgniter.php(802): App\Controllers\Admin\Users->getdata()
#2 C:\wamp64\www\framework-template-ci4\vendor\codeigniter4\framework\system\CodeIgniter.php(399): CodeIgniter\CodeIgniter->runController(Object(App\Controllers\Admin\Users))
#3 C:\wamp64\www\framework-template-ci4\vendor\codeigniter4\framework\system\CodeIgniter.php(317): CodeIgniter\CodeIgniter->handleRequest(NULL, Object(Config\Cache), false)
#4 C:\wamp64\www\framework-template-ci4\public\index.php(37): CodeIgniter\CodeIgniter->run()
#5 {main}
CRITICAL - 2021-11-02 15:03:19 --> Class 'App\Controllers\Admin\Services' not found
#0 C:\wamp64\www\framework-template-ci4\vendor\codeigniter4\framework\system\CodeIgniter.php(802): App\Controllers\Admin\Users->getdata()
#1 C:\wamp64\www\framework-template-ci4\vendor\codeigniter4\framework\system\CodeIgniter.php(399): CodeIgniter\CodeIgniter->runController(Object(App\Controllers\Admin\Users))
#2 C:\wamp64\www\framework-template-ci4\vendor\codeigniter4\framework\system\CodeIgniter.php(317): CodeIgniter\CodeIgniter->handleRequest(NULL, Object(Config\Cache), false)
#3 C:\wamp64\www\framework-template-ci4\public\index.php(37): CodeIgniter\CodeIgniter->run()
#4 {main}
CRITICAL - 2021-11-02 15:04:07 --> Too few arguments to function App\Models\Admin\Users\UsersModel::__construct(), 0 passed in C:\wamp64\www\framework-template-ci4\app\Controllers\Admin\Users.php on line 24 and exactly 1 expected
#0 C:\wamp64\www\framework-template-ci4\app\Controllers\Admin\Users.php(24): App\Models\Admin\Users\UsersModel->__construct()
#1 C:\wamp64\www\framework-template-ci4\vendor\codeigniter4\framework\system\CodeIgniter.php(802): App\Controllers\Admin\Users->getdata()
#2 C:\wamp64\www\framework-template-ci4\vendor\codeigniter4\framework\system\CodeIgniter.php(399): CodeIgniter\CodeIgniter->runController(Object(App\Controllers\Admin\Users))
#3 C:\wamp64\www\framework-template-ci4\vendor\codeigniter4\framework\system\CodeIgniter.php(317): CodeIgniter\CodeIgniter->handleRequest(NULL, Object(Config\Cache), false)
#4 C:\wamp64\www\framework-template-ci4\public\index.php(37): CodeIgniter\CodeIgniter->run()
#5 {main}
CRITICAL - 2021-11-02 15:05:28 --> Too few arguments to function App\Models\Admin\Users\UsersModel::__construct(), 0 passed in C:\wamp64\www\framework-template-ci4\app\Controllers\Admin\Users.php on line 24 and exactly 1 expected
#0 C:\wamp64\www\framework-template-ci4\app\Controllers\Admin\Users.php(24): App\Models\Admin\Users\UsersModel->__construct()
#1 C:\wamp64\www\framework-template-ci4\vendor\codeigniter4\framework\system\CodeIgniter.php(802): App\Controllers\Admin\Users->getdata()
#2 C:\wamp64\www\framework-template-ci4\vendor\codeigniter4\framework\system\CodeIgniter.php(399): CodeIgniter\CodeIgniter->runController(Object(App\Controllers\Admin\Users))
#3 C:\wamp64\www\framework-template-ci4\vendor\codeigniter4\framework\system\CodeIgniter.php(317): CodeIgniter\CodeIgniter->handleRequest(NULL, Object(Config\Cache), false)
#4 C:\wamp64\www\framework-template-ci4\public\index.php(37): CodeIgniter\CodeIgniter->run()
#5 {main}
ERROR - 2021-11-02 15:09:22 --> Table 'db_template-ci4.users' doesn't exist
CRITICAL - 2021-11-02 15:09:22 --> Table 'db_template-ci4.users' doesn't exist
#0 C:\wamp64\www\framework-template-ci4\vendor\codeigniter4\framework\system\Database\MySQLi\Connection.php(280): mysqli->query('SELECT *\nFROM `...')
#1 C:\wamp64\www\framework-template-ci4\vendor\codeigniter4\framework\system\Database\BaseConnection.php(663): CodeIgniter\Database\MySQLi\Connection->execute('SELECT *\nFROM `...')
#2 C:\wamp64\www\framework-template-ci4\vendor\codeigniter4\framework\system\Database\BaseConnection.php(591): CodeIgniter\Database\BaseConnection->simpleQuery('SELECT *\nFROM `...')
#3 C:\wamp64\www\framework-template-ci4\vendor\codeigniter4\framework\system\Database\BaseBuilder.php(1428): CodeIgniter\Database\BaseConnection->query('SELECT *\nFROM `...', Array, false)
#4 C:\wamp64\www\framework-template-ci4\app\Models\Admin\Users\UsersModel.php(80): CodeIgniter\Database\BaseBuilder->get()
#5 C:\wamp64\www\framework-template-ci4\app\Controllers\Admin\Users.php(28): App\Models\Admin\Users\UsersModel->getDatatables()
#6 C:\wamp64\www\framework-template-ci4\vendor\codeigniter4\framework\system\CodeIgniter.php(802): App\Controllers\Admin\Users->getdata()
#7 C:\wamp64\www\framework-template-ci4\vendor\codeigniter4\framework\system\CodeIgniter.php(399): CodeIgniter\CodeIgniter->runController(Object(App\Controllers\Admin\Users))
#8 C:\wamp64\www\framework-template-ci4\vendor\codeigniter4\framework\system\CodeIgniter.php(317): CodeIgniter\CodeIgniter->handleRequest(NULL, Object(Config\Cache), false)
#9 C:\wamp64\www\framework-template-ci4\public\index.php(37): CodeIgniter\CodeIgniter->run()
#10 {main}
CRITICAL - 2021-11-02 15:09:54 --> Undefined variable: value
#0 C:\wamp64\www\framework-template-ci4\app\Controllers\Admin\Users.php(35): CodeIgniter\Debug\Exceptions->errorHandler(8, 'Undefined varia...', 'C:\\wamp64\\www\\f...', 35, Array)
#1 C:\wamp64\www\framework-template-ci4\vendor\codeigniter4\framework\system\CodeIgniter.php(802): App\Controllers\Admin\Users->getdata()
#2 C:\wamp64\www\framework-template-ci4\vendor\codeigniter4\framework\system\CodeIgniter.php(399): CodeIgniter\CodeIgniter->runController(Object(App\Controllers\Admin\Users))
#3 C:\wamp64\www\framework-template-ci4\vendor\codeigniter4\framework\system\CodeIgniter.php(317): CodeIgniter\CodeIgniter->handleRequest(NULL, Object(Config\Cache), false)
#4 C:\wamp64\www\framework-template-ci4\public\index.php(37): CodeIgniter\CodeIgniter->run()
#5 {main}
CRITICAL - 2021-11-02 15:11:05 --> Undefined variable: datatable
#0 C:\wamp64\www\framework-template-ci4\app\Controllers\Admin\Users.php(50): CodeIgniter\Debug\Exceptions->errorHandler(8, 'Undefined varia...', 'C:\\wamp64\\www\\f...', 50, Array)
#1 C:\wamp64\www\framework-template-ci4\vendor\codeigniter4\framework\system\CodeIgniter.php(802): App\Controllers\Admin\Users->getdata()
#2 C:\wamp64\www\framework-template-ci4\vendor\codeigniter4\framework\system\CodeIgniter.php(399): CodeIgniter\CodeIgniter->runController(Object(App\Controllers\Admin\Users))
#3 C:\wamp64\www\framework-template-ci4\vendor\codeigniter4\framework\system\CodeIgniter.php(317): CodeIgniter\CodeIgniter->handleRequest(NULL, Object(Config\Cache), false)
#4 C:\wamp64\www\framework-template-ci4\public\index.php(37): CodeIgniter\CodeIgniter->run()
#5 {main}
