CRITICAL - 2021-10-14 10:13:34 --> Class 'App\Controllers\Template' not found
#0 C:\wamp64\www\tms\vendor\codeigniter4\framework\system\CodeIgniter.php(780): App\Controllers\BaseController->initController(Object(CodeIgniter\HTTP\IncomingRequest), Object(CodeIgniter\HTTP\Response), Object(CodeIgniter\Log\Logger))
#1 C:\wamp64\www\tms\vendor\codeigniter4\framework\system\CodeIgniter.php(390): CodeIgniter\CodeIgniter->createController()
#2 C:\wamp64\www\tms\vendor\codeigniter4\framework\system\CodeIgniter.php(317): CodeIgniter\CodeIgniter->handleRequest(NULL, Object(Config\Cache), false)
#3 C:\wamp64\www\tms\public\index.php(37): CodeIgniter\CodeIgniter->run()
#4 C:\wamp64\www\tms\vendor\codeigniter4\framework\system\Commands\Server\rewrite.php(43): require_once('C:\\wamp64\\www\\t...')
#5 {main}
CRITICAL - 2021-10-14 10:14:30 --> Undefined property: App\Libraries\Template::$_ci
#0 C:\wamp64\www\tms\app\Libraries\Template.php(12): CodeIgniter\Debug\Exceptions->errorHandler(8, 'Undefined prope...', 'C:\\wamp64\\www\\t...', 12, Array)
#1 C:\wamp64\www\tms\app\Controllers\Main.php(9): App\Libraries\Template->Cms('layout/index', Array)
#2 C:\wamp64\www\tms\vendor\codeigniter4\framework\system\CodeIgniter.php(802): App\Controllers\Main->index()
#3 C:\wamp64\www\tms\vendor\codeigniter4\framework\system\CodeIgniter.php(399): CodeIgniter\CodeIgniter->runController(Object(App\Controllers\Main))
#4 C:\wamp64\www\tms\vendor\codeigniter4\framework\system\CodeIgniter.php(317): CodeIgniter\CodeIgniter->handleRequest(NULL, Object(Config\Cache), false)
#5 C:\wamp64\www\tms\public\index.php(37): CodeIgniter\CodeIgniter->run()
#6 C:\wamp64\www\tms\vendor\codeigniter4\framework\system\Commands\Server\rewrite.php(43): require_once('C:\\wamp64\\www\\t...')
#7 {main}
CRITICAL - 2021-10-14 10:15:09 --> Undefined variable: view
#0 C:\wamp64\www\tms\app\Libraries\Template.php(13): CodeIgniter\Debug\Exceptions->errorHandler(8, 'Undefined varia...', 'C:\\wamp64\\www\\t...', 13, Array)
#1 C:\wamp64\www\tms\app\Controllers\Main.php(9): App\Libraries\Template->Cms('layout/index', Array)
#2 C:\wamp64\www\tms\vendor\codeigniter4\framework\system\CodeIgniter.php(802): App\Controllers\Main->index()
#3 C:\wamp64\www\tms\vendor\codeigniter4\framework\system\CodeIgniter.php(399): CodeIgniter\CodeIgniter->runController(Object(App\Controllers\Main))
#4 C:\wamp64\www\tms\vendor\codeigniter4\framework\system\CodeIgniter.php(317): CodeIgniter\CodeIgniter->handleRequest(NULL, Object(Config\Cache), false)
#5 C:\wamp64\www\tms\public\index.php(37): CodeIgniter\CodeIgniter->run()
#6 C:\wamp64\www\tms\vendor\codeigniter4\framework\system\Commands\Server\rewrite.php(43): require_once('C:\\wamp64\\www\\t...')
#7 {main}
CRITICAL - 2021-10-14 10:16:31 --> Call to undefined function App\Libraries\get_instance()
#0 C:\wamp64\www\tms\app\Controllers\BaseController.php(55): App\Libraries\Template->__construct()
#1 C:\wamp64\www\tms\vendor\codeigniter4\framework\system\CodeIgniter.php(780): App\Controllers\BaseController->initController(Object(CodeIgniter\HTTP\IncomingRequest), Object(CodeIgniter\HTTP\Response), Object(CodeIgniter\Log\Logger))
#2 C:\wamp64\www\tms\vendor\codeigniter4\framework\system\CodeIgniter.php(390): CodeIgniter\CodeIgniter->createController()
#3 C:\wamp64\www\tms\vendor\codeigniter4\framework\system\CodeIgniter.php(317): CodeIgniter\CodeIgniter->handleRequest(NULL, Object(Config\Cache), false)
#4 C:\wamp64\www\tms\public\index.php(37): CodeIgniter\CodeIgniter->run()
#5 C:\wamp64\www\tms\vendor\codeigniter4\framework\system\Commands\Server\rewrite.php(43): require_once('C:\\wamp64\\www\\t...')
#6 {main}
CRITICAL - 2021-10-14 10:17:39 --> Argument 3 passed to view() must be of the type array, bool given, called in C:\wamp64\www\tms\app\Libraries\Template.php on line 15
#0 C:\wamp64\www\tms\app\Libraries\Template.php(15): view('layout/index', Array, true)
#1 C:\wamp64\www\tms\app\Controllers\Main.php(9): App\Libraries\Template->Cms('layout/index', Array)
#2 C:\wamp64\www\tms\vendor\codeigniter4\framework\system\CodeIgniter.php(802): App\Controllers\Main->index()
#3 C:\wamp64\www\tms\vendor\codeigniter4\framework\system\CodeIgniter.php(399): CodeIgniter\CodeIgniter->runController(Object(App\Controllers\Main))
#4 C:\wamp64\www\tms\vendor\codeigniter4\framework\system\CodeIgniter.php(317): CodeIgniter\CodeIgniter->handleRequest(NULL, Object(Config\Cache), false)
#5 C:\wamp64\www\tms\public\index.php(37): CodeIgniter\CodeIgniter->run()
#6 C:\wamp64\www\tms\vendor\codeigniter4\framework\system\Commands\Server\rewrite.php(43): require_once('C:\\wamp64\\www\\t...')
#7 {main}
CRITICAL - 2021-10-14 10:21:58 --> Argument 3 passed to view() must be of the type array, bool given, called in C:\wamp64\www\tms\app\Libraries\Template.php on line 14
#0 C:\wamp64\www\tms\app\Libraries\Template.php(14): view('welcome_message', Array, true)
#1 C:\wamp64\www\tms\app\Controllers\Main.php(9): App\Libraries\Template->Cms('layout/index', Array)
#2 C:\wamp64\www\tms\vendor\codeigniter4\framework\system\CodeIgniter.php(802): App\Controllers\Main->index()
#3 C:\wamp64\www\tms\vendor\codeigniter4\framework\system\CodeIgniter.php(399): CodeIgniter\CodeIgniter->runController(Object(App\Controllers\Main))
#4 C:\wamp64\www\tms\vendor\codeigniter4\framework\system\CodeIgniter.php(317): CodeIgniter\CodeIgniter->handleRequest(NULL, Object(Config\Cache), false)
#5 C:\wamp64\www\tms\public\index.php(37): CodeIgniter\CodeIgniter->run()
#6 C:\wamp64\www\tms\vendor\codeigniter4\framework\system\Commands\Server\rewrite.php(43): require_once('C:\\wamp64\\www\\t...')
#7 {main}
CRITICAL - 2021-10-14 10:25:55 --> Undefined variable: content
#0 C:\wamp64\www\tms\app\Views\layout\index.php(7): CodeIgniter\Debug\Exceptions->errorHandler(8, 'Undefined varia...', 'C:\\wamp64\\www\\t...', 7, Array)
#1 C:\wamp64\www\tms\vendor\codeigniter4\framework\system\View\View.php(214): include('C:\\wamp64\\www\\t...')
#2 C:\wamp64\www\tms\vendor\codeigniter4\framework\system\View\View.php(217): CodeIgniter\View\View->CodeIgniter\View\{closure}()
#3 C:\wamp64\www\tms\vendor\codeigniter4\framework\system\Common.php(1092): CodeIgniter\View\View->render('layout/index', Array, true)
#4 C:\wamp64\www\tms\app\Libraries\Template.php(18): view('layout/index', Array)
#5 C:\wamp64\www\tms\app\Controllers\Main.php(9): App\Libraries\Template->Cms('layout/index', Array)
#6 C:\wamp64\www\tms\vendor\codeigniter4\framework\system\CodeIgniter.php(802): App\Controllers\Main->index()
#7 C:\wamp64\www\tms\vendor\codeigniter4\framework\system\CodeIgniter.php(399): CodeIgniter\CodeIgniter->runController(Object(App\Controllers\Main))
#8 C:\wamp64\www\tms\vendor\codeigniter4\framework\system\CodeIgniter.php(317): CodeIgniter\CodeIgniter->handleRequest(NULL, Object(Config\Cache), false)
#9 C:\wamp64\www\tms\public\index.php(37): CodeIgniter\CodeIgniter->run()
#10 C:\wamp64\www\tms\vendor\codeigniter4\framework\system\Commands\Server\rewrite.php(43): require_once('C:\\wamp64\\www\\t...')
#11 {main}
CRITICAL - 2021-10-14 10:26:39 --> Undefined variable: content
#0 C:\wamp64\www\tms\app\Views\layout\index.php(7): CodeIgniter\Debug\Exceptions->errorHandler(8, 'Undefined varia...', 'C:\\wamp64\\www\\t...', 7, Array)
#1 C:\wamp64\www\tms\vendor\codeigniter4\framework\system\View\View.php(214): include('C:\\wamp64\\www\\t...')
#2 C:\wamp64\www\tms\vendor\codeigniter4\framework\system\View\View.php(217): CodeIgniter\View\View->CodeIgniter\View\{closure}()
#3 C:\wamp64\www\tms\vendor\codeigniter4\framework\system\Common.php(1092): CodeIgniter\View\View->render('layout/index', Array, true)
#4 C:\wamp64\www\tms\app\Libraries\Template.php(18): view('layout/index', Array)
#5 C:\wamp64\www\tms\app\Controllers\Main.php(9): App\Libraries\Template->Cms('layout/index', Array)
#6 C:\wamp64\www\tms\vendor\codeigniter4\framework\system\CodeIgniter.php(802): App\Controllers\Main->index()
#7 C:\wamp64\www\tms\vendor\codeigniter4\framework\system\CodeIgniter.php(399): CodeIgniter\CodeIgniter->runController(Object(App\Controllers\Main))
#8 C:\wamp64\www\tms\vendor\codeigniter4\framework\system\CodeIgniter.php(317): CodeIgniter\CodeIgniter->handleRequest(NULL, Object(Config\Cache), false)
#9 C:\wamp64\www\tms\public\index.php(37): CodeIgniter\CodeIgniter->run()
#10 C:\wamp64\www\tms\vendor\codeigniter4\framework\system\Commands\Server\rewrite.php(43): require_once('C:\\wamp64\\www\\t...')
#11 {main}
CRITICAL - 2021-10-14 10:30:12 -->  route cannot be found while reverse-routing.
#0 C:\wamp64\www\tms\vendor\codeigniter4\framework\system\HTTP\RedirectResponse.php(56): CodeIgniter\HTTP\Exceptions\HTTPException::forInvalidRedirectRoute('')
#1 C:\wamp64\www\tms\vendor\codeigniter4\framework\system\Common.php(835): CodeIgniter\HTTP\RedirectResponse->route(false)
#2 C:\wamp64\www\tms\app\Controllers\Main.php(10): redirect('http://localhos...')
#3 C:\wamp64\www\tms\vendor\codeigniter4\framework\system\CodeIgniter.php(802): App\Controllers\Main->index()
#4 C:\wamp64\www\tms\vendor\codeigniter4\framework\system\CodeIgniter.php(399): CodeIgniter\CodeIgniter->runController(Object(App\Controllers\Main))
#5 C:\wamp64\www\tms\vendor\codeigniter4\framework\system\CodeIgniter.php(317): CodeIgniter\CodeIgniter->handleRequest(NULL, Object(Config\Cache), false)
#6 C:\wamp64\www\tms\public\index.php(37): CodeIgniter\CodeIgniter->run()
#7 C:\wamp64\www\tms\vendor\codeigniter4\framework\system\Commands\Server\rewrite.php(43): require_once('C:\\wamp64\\www\\t...')
#8 {main}
CRITICAL - 2021-10-14 10:33:32 --> syntax error, unexpected 'print_r' (T_STRING)
#0 C:\wamp64\www\tms\vendor\codeigniter4\framework\system\Autoloader\Autoloader.php(241): CodeIgniter\Autoloader\Autoloader->includeFile('C:\\wamp64\\www\\t...')
#1 C:\wamp64\www\tms\vendor\codeigniter4\framework\system\Autoloader\Autoloader.php(219): CodeIgniter\Autoloader\Autoloader->loadInNamespace('App\\Libraries\\T...')
#2 [internal function]: CodeIgniter\Autoloader\Autoloader->loadClass('App\\Libraries\\T...')
#3 C:\wamp64\www\tms\app\Controllers\BaseController.php(55): spl_autoload_call('App\\Libraries\\T...')
#4 C:\wamp64\www\tms\vendor\codeigniter4\framework\system\CodeIgniter.php(780): App\Controllers\BaseController->initController(Object(CodeIgniter\HTTP\IncomingRequest), Object(CodeIgniter\HTTP\Response), Object(CodeIgniter\Log\Logger))
#5 C:\wamp64\www\tms\vendor\codeigniter4\framework\system\CodeIgniter.php(390): CodeIgniter\CodeIgniter->createController()
#6 C:\wamp64\www\tms\vendor\codeigniter4\framework\system\CodeIgniter.php(317): CodeIgniter\CodeIgniter->handleRequest(NULL, Object(Config\Cache), false)
#7 C:\wamp64\www\tms\public\index.php(37): CodeIgniter\CodeIgniter->run()
#8 C:\wamp64\www\tms\vendor\codeigniter4\framework\system\Commands\Server\rewrite.php(43): require_once('C:\\wamp64\\www\\t...')
#9 {main}
CRITICAL - 2021-10-14 10:35:22 --> Undefined variable: content
#0 C:\wamp64\www\tms\app\Views\layout\index.php(7): CodeIgniter\Debug\Exceptions->errorHandler(8, 'Undefined varia...', 'C:\\wamp64\\www\\t...', 7, Array)
#1 C:\wamp64\www\tms\vendor\codeigniter4\framework\system\View\View.php(214): include('C:\\wamp64\\www\\t...')
#2 C:\wamp64\www\tms\vendor\codeigniter4\framework\system\View\View.php(217): CodeIgniter\View\View->CodeIgniter\View\{closure}()
#3 C:\wamp64\www\tms\vendor\codeigniter4\framework\system\Common.php(1092): CodeIgniter\View\View->render('layout/index', Array, true)
#4 C:\wamp64\www\tms\app\Libraries\Template.php(22): view('layout/index', Array)
#5 C:\wamp64\www\tms\app\Controllers\Main.php(9): App\Libraries\Template->Cms('layout/index', Array)
#6 C:\wamp64\www\tms\vendor\codeigniter4\framework\system\CodeIgniter.php(802): App\Controllers\Main->index()
#7 C:\wamp64\www\tms\vendor\codeigniter4\framework\system\CodeIgniter.php(399): CodeIgniter\CodeIgniter->runController(Object(App\Controllers\Main))
#8 C:\wamp64\www\tms\vendor\codeigniter4\framework\system\CodeIgniter.php(317): CodeIgniter\CodeIgniter->handleRequest(NULL, Object(Config\Cache), false)
#9 C:\wamp64\www\tms\public\index.php(37): CodeIgniter\CodeIgniter->run()
#10 C:\wamp64\www\tms\vendor\codeigniter4\framework\system\Commands\Server\rewrite.php(43): require_once('C:\\wamp64\\www\\t...')
#11 {main}
CRITICAL - 2021-10-14 10:36:43 --> Undefined variable: data
#0 C:\wamp64\www\tms\app\Views\layout\index.php(1): CodeIgniter\Debug\Exceptions->errorHandler(8, 'Undefined varia...', 'C:\\wamp64\\www\\t...', 1, Array)
#1 C:\wamp64\www\tms\vendor\codeigniter4\framework\system\View\View.php(214): include('C:\\wamp64\\www\\t...')
#2 C:\wamp64\www\tms\vendor\codeigniter4\framework\system\View\View.php(217): CodeIgniter\View\View->CodeIgniter\View\{closure}()
#3 C:\wamp64\www\tms\vendor\codeigniter4\framework\system\Common.php(1092): CodeIgniter\View\View->render('layout/index', Array, true)
#4 C:\wamp64\www\tms\app\Libraries\Template.php(22): view('layout/index', Array)
#5 C:\wamp64\www\tms\app\Controllers\Main.php(9): App\Libraries\Template->Cms('layout/index', Array)
#6 C:\wamp64\www\tms\vendor\codeigniter4\framework\system\CodeIgniter.php(802): App\Controllers\Main->index()
#7 C:\wamp64\www\tms\vendor\codeigniter4\framework\system\CodeIgniter.php(399): CodeIgniter\CodeIgniter->runController(Object(App\Controllers\Main))
#8 C:\wamp64\www\tms\vendor\codeigniter4\framework\system\CodeIgniter.php(317): CodeIgniter\CodeIgniter->handleRequest(NULL, Object(Config\Cache), false)
#9 C:\wamp64\www\tms\public\index.php(37): CodeIgniter\CodeIgniter->run()
#10 C:\wamp64\www\tms\vendor\codeigniter4\framework\system\Commands\Server\rewrite.php(43): require_once('C:\\wamp64\\www\\t...')
#11 {main}
CRITICAL - 2021-10-14 10:38:50 -->  route cannot be found while reverse-routing.
#0 C:\wamp64\www\tms\vendor\codeigniter4\framework\system\HTTP\RedirectResponse.php(56): CodeIgniter\HTTP\Exceptions\HTTPException::forInvalidRedirectRoute('')
#1 C:\wamp64\www\tms\vendor\codeigniter4\framework\system\Common.php(835): CodeIgniter\HTTP\RedirectResponse->route(false)
#2 C:\wamp64\www\tms\app\Controllers\Main.php(11): redirect('http://localhos...')
#3 C:\wamp64\www\tms\vendor\codeigniter4\framework\system\CodeIgniter.php(802): App\Controllers\Main->index()
#4 C:\wamp64\www\tms\vendor\codeigniter4\framework\system\CodeIgniter.php(399): CodeIgniter\CodeIgniter->runController(Object(App\Controllers\Main))
#5 C:\wamp64\www\tms\vendor\codeigniter4\framework\system\CodeIgniter.php(317): CodeIgniter\CodeIgniter->handleRequest(NULL, Object(Config\Cache), false)
#6 C:\wamp64\www\tms\public\index.php(37): CodeIgniter\CodeIgniter->run()
#7 C:\wamp64\www\tms\vendor\codeigniter4\framework\system\Commands\Server\rewrite.php(43): require_once('C:\\wamp64\\www\\t...')
#8 {main}
CRITICAL - 2021-10-14 10:41:28 --> Undefined variable: data
#0 C:\wamp64\www\tms\app\Views\layout\index.php(1): CodeIgniter\Debug\Exceptions->errorHandler(8, 'Undefined varia...', 'C:\\wamp64\\www\\t...', 1, Array)
#1 C:\wamp64\www\tms\vendor\codeigniter4\framework\system\View\View.php(214): include('C:\\wamp64\\www\\t...')
#2 C:\wamp64\www\tms\vendor\codeigniter4\framework\system\View\View.php(217): CodeIgniter\View\View->CodeIgniter\View\{closure}()
#3 C:\wamp64\www\tms\vendor\codeigniter4\framework\system\Common.php(1092): CodeIgniter\View\View->render('layout/index', Array, true)
#4 C:\wamp64\www\tms\app\Libraries\Template.php(25): view('layout/index', Array)
#5 C:\wamp64\www\tms\app\Controllers\Main.php(10): App\Libraries\Template->Cms('admin/component...', Array)
#6 C:\wamp64\www\tms\vendor\codeigniter4\framework\system\CodeIgniter.php(802): App\Controllers\Main->index()
#7 C:\wamp64\www\tms\vendor\codeigniter4\framework\system\CodeIgniter.php(399): CodeIgniter\CodeIgniter->runController(Object(App\Controllers\Main))
#8 C:\wamp64\www\tms\vendor\codeigniter4\framework\system\CodeIgniter.php(317): CodeIgniter\CodeIgniter->handleRequest(NULL, Object(Config\Cache), false)
#9 C:\wamp64\www\tms\public\index.php(37): CodeIgniter\CodeIgniter->run()
#10 C:\wamp64\www\tms\vendor\codeigniter4\framework\system\Commands\Server\rewrite.php(43): require_once('C:\\wamp64\\www\\t...')
#11 {main}
CRITICAL - 2021-10-14 10:41:53 --> Undefined variable: data
#0 C:\wamp64\www\tms\app\Views\layout\index.php(1): CodeIgniter\Debug\Exceptions->errorHandler(8, 'Undefined varia...', 'C:\\wamp64\\www\\t...', 1, Array)
#1 C:\wamp64\www\tms\vendor\codeigniter4\framework\system\View\View.php(214): include('C:\\wamp64\\www\\t...')
#2 C:\wamp64\www\tms\vendor\codeigniter4\framework\system\View\View.php(217): CodeIgniter\View\View->CodeIgniter\View\{closure}()
#3 C:\wamp64\www\tms\vendor\codeigniter4\framework\system\Common.php(1092): CodeIgniter\View\View->render('layout/index', Array, true)
#4 C:\wamp64\www\tms\app\Libraries\Template.php(22): view('layout/index', Array)
#5 C:\wamp64\www\tms\app\Controllers\Main.php(10): App\Libraries\Template->Cms('admin/component...', Array)
#6 C:\wamp64\www\tms\vendor\codeigniter4\framework\system\CodeIgniter.php(802): App\Controllers\Main->index()
#7 C:\wamp64\www\tms\vendor\codeigniter4\framework\system\CodeIgniter.php(399): CodeIgniter\CodeIgniter->runController(Object(App\Controllers\Main))
#8 C:\wamp64\www\tms\vendor\codeigniter4\framework\system\CodeIgniter.php(317): CodeIgniter\CodeIgniter->handleRequest(NULL, Object(Config\Cache), false)
#9 C:\wamp64\www\tms\public\index.php(37): CodeIgniter\CodeIgniter->run()
#10 C:\wamp64\www\tms\vendor\codeigniter4\framework\system\Commands\Server\rewrite.php(43): require_once('C:\\wamp64\\www\\t...')
#11 {main}
CRITICAL - 2021-10-14 10:55:17 -->  route cannot be found while reverse-routing.
#0 C:\wamp64\www\tms\vendor\codeigniter4\framework\system\HTTP\RedirectResponse.php(56): CodeIgniter\HTTP\Exceptions\HTTPException::forInvalidRedirectRoute('')
#1 C:\wamp64\www\tms\vendor\codeigniter4\framework\system\Common.php(835): CodeIgniter\HTTP\RedirectResponse->route(false)
#2 C:\wamp64\www\tms\app\Controllers\Main.php(9): redirect('http://localhos...')
#3 C:\wamp64\www\tms\vendor\codeigniter4\framework\system\CodeIgniter.php(802): App\Controllers\Main->index()
#4 C:\wamp64\www\tms\vendor\codeigniter4\framework\system\CodeIgniter.php(399): CodeIgniter\CodeIgniter->runController(Object(App\Controllers\Main))
#5 C:\wamp64\www\tms\vendor\codeigniter4\framework\system\CodeIgniter.php(317): CodeIgniter\CodeIgniter->handleRequest(NULL, Object(Config\Cache), false)
#6 C:\wamp64\www\tms\public\index.php(37): CodeIgniter\CodeIgniter->run()
#7 C:\wamp64\www\tms\vendor\codeigniter4\framework\system\Commands\Server\rewrite.php(43): require_once('C:\\wamp64\\www\\t...')
#8 {main}
CRITICAL - 2021-10-14 22:58:20 --> Invalid file: http://localhost:8080.php
#0 C:\wamp64\www\tms\vendor\codeigniter4\framework\system\View\View.php(198): CodeIgniter\Exceptions\FrameworkException::forInvalidFile('http://localhos...')
#1 C:\wamp64\www\tms\vendor\codeigniter4\framework\system\Common.php(1092): CodeIgniter\View\View->render('http://localhos...', Array, true)
#2 C:\wamp64\www\tms\app\Controllers\Main.php(9): view('http://localhos...')
#3 C:\wamp64\www\tms\vendor\codeigniter4\framework\system\CodeIgniter.php(802): App\Controllers\Main->index()
#4 C:\wamp64\www\tms\vendor\codeigniter4\framework\system\CodeIgniter.php(399): CodeIgniter\CodeIgniter->runController(Object(App\Controllers\Main))
#5 C:\wamp64\www\tms\vendor\codeigniter4\framework\system\CodeIgniter.php(317): CodeIgniter\CodeIgniter->handleRequest(NULL, Object(Config\Cache), false)
#6 C:\wamp64\www\tms\public\index.php(37): CodeIgniter\CodeIgniter->run()
#7 C:\wamp64\www\tms\vendor\codeigniter4\framework\system\Commands\Server\rewrite.php(43): require_once('C:\\wamp64\\www\\t...')
#8 {main}
CRITICAL - 2021-10-14 22:59:06 -->  route cannot be found while reverse-routing.
#0 C:\wamp64\www\tms\vendor\codeigniter4\framework\system\HTTP\RedirectResponse.php(56): CodeIgniter\HTTP\Exceptions\HTTPException::forInvalidRedirectRoute('')
#1 C:\wamp64\www\tms\vendor\codeigniter4\framework\system\Common.php(835): CodeIgniter\HTTP\RedirectResponse->route(false)
#2 C:\wamp64\www\tms\app\Controllers\Main.php(9): redirect('http://localhos...')
#3 C:\wamp64\www\tms\vendor\codeigniter4\framework\system\CodeIgniter.php(802): App\Controllers\Main->index()
#4 C:\wamp64\www\tms\vendor\codeigniter4\framework\system\CodeIgniter.php(399): CodeIgniter\CodeIgniter->runController(Object(App\Controllers\Main))
#5 C:\wamp64\www\tms\vendor\codeigniter4\framework\system\CodeIgniter.php(317): CodeIgniter\CodeIgniter->handleRequest(NULL, Object(Config\Cache), false)
#6 C:\wamp64\www\tms\public\index.php(37): CodeIgniter\CodeIgniter->run()
#7 C:\wamp64\www\tms\vendor\codeigniter4\framework\system\Commands\Server\rewrite.php(43): require_once('C:\\wamp64\\www\\t...')
#8 {main}
CRITICAL - 2021-10-14 23:08:05 --> Invalid file: layout/controlSidebar.php
#0 C:\wamp64\www\tms\vendor\codeigniter4\framework\system\View\View.php(198): CodeIgniter\Exceptions\FrameworkException::forInvalidFile('layout/controlS...')
#1 C:\wamp64\www\tms\vendor\codeigniter4\framework\system\Common.php(1092): CodeIgniter\View\View->render('layout/controlS...', Array, true)
#2 C:\wamp64\www\tms\app\Libraries\Template.php(20): view('layout/controlS...', Array)
#3 C:\wamp64\www\tms\app\Controllers\Login.php(9): App\Libraries\Template->Cms('admin/component...', Array)
#4 C:\wamp64\www\tms\vendor\codeigniter4\framework\system\CodeIgniter.php(802): App\Controllers\Login->index()
#5 C:\wamp64\www\tms\vendor\codeigniter4\framework\system\CodeIgniter.php(399): CodeIgniter\CodeIgniter->runController(Object(App\Controllers\Login))
#6 C:\wamp64\www\tms\vendor\codeigniter4\framework\system\CodeIgniter.php(317): CodeIgniter\CodeIgniter->handleRequest(NULL, Object(Config\Cache), false)
#7 C:\wamp64\www\tms\public\index.php(37): CodeIgniter\CodeIgniter->run()
#8 C:\wamp64\www\tms\vendor\codeigniter4\framework\system\Commands\Server\rewrite.php(43): require_once('C:\\wamp64\\www\\t...')
#9 {main}
CRITICAL - 2021-10-14 23:11:29 --> Cannot declare class App\Controllers\Login, because the name is already in use
#0 [internal function]: CodeIgniter\Debug\Exceptions->shutdownHandler()
#1 {main}
CRITICAL - 2021-10-14 23:11:59 --> Class 'App\Controllers\Admin\BaseController' not found
#0 C:\wamp64\www\tms\vendor\codeigniter4\framework\system\Router\Router.php(491): include_once()
#1 C:\wamp64\www\tms\vendor\codeigniter4\framework\system\Router\Router.php(160): CodeIgniter\Router\Router->autoRoute('admin/login')
#2 C:\wamp64\www\tms\vendor\codeigniter4\framework\system\CodeIgniter.php(702): CodeIgniter\Router\Router->handle('admin/login')
#3 C:\wamp64\www\tms\vendor\codeigniter4\framework\system\CodeIgniter.php(358): CodeIgniter\CodeIgniter->tryToRouteIt(Object(CodeIgniter\Router\RouteCollection))
#4 C:\wamp64\www\tms\vendor\codeigniter4\framework\system\CodeIgniter.php(317): CodeIgniter\CodeIgniter->handleRequest(NULL, Object(Config\Cache), false)
#5 C:\wamp64\www\tms\public\index.php(37): CodeIgniter\CodeIgniter->run()
#6 C:\wamp64\www\tms\vendor\codeigniter4\framework\system\Commands\Server\rewrite.php(43): require_once('C:\\wamp64\\www\\t...')
#7 {main}
CRITICAL - 2021-10-14 23:14:28 --> Class 'App\Controllers\Admin\BaseController' not found
#0 C:\wamp64\www\tms\vendor\codeigniter4\framework\system\Router\Router.php(491): include_once()
#1 C:\wamp64\www\tms\vendor\codeigniter4\framework\system\Router\Router.php(160): CodeIgniter\Router\Router->autoRoute('admin/login')
#2 C:\wamp64\www\tms\vendor\codeigniter4\framework\system\CodeIgniter.php(702): CodeIgniter\Router\Router->handle('admin/login')
#3 C:\wamp64\www\tms\vendor\codeigniter4\framework\system\CodeIgniter.php(358): CodeIgniter\CodeIgniter->tryToRouteIt(Object(CodeIgniter\Router\RouteCollection))
#4 C:\wamp64\www\tms\vendor\codeigniter4\framework\system\CodeIgniter.php(317): CodeIgniter\CodeIgniter->handleRequest(NULL, Object(Config\Cache), false)
#5 C:\wamp64\www\tms\public\index.php(37): CodeIgniter\CodeIgniter->run()
#6 C:\wamp64\www\tms\vendor\codeigniter4\framework\system\Commands\Server\rewrite.php(43): require_once('C:\\wamp64\\www\\t...')
#7 {main}
CRITICAL - 2021-10-14 23:15:34 --> Cannot declare class App\Controllers\Login, because the name is already in use
#0 [internal function]: CodeIgniter\Debug\Exceptions->shutdownHandler()
#1 {main}
CRITICAL - 2021-10-14 23:17:04 --> Undefined property: App\Controllers\Admin\Login::$template
#0 C:\wamp64\www\tms\app\Controllers\Admin\Login.php(10): CodeIgniter\Debug\Exceptions->errorHandler(8, 'Undefined prope...', 'C:\\wamp64\\www\\t...', 10, Array)
#1 C:\wamp64\www\tms\vendor\codeigniter4\framework\system\CodeIgniter.php(802): App\Controllers\Admin\Login->index()
#2 C:\wamp64\www\tms\vendor\codeigniter4\framework\system\CodeIgniter.php(399): CodeIgniter\CodeIgniter->runController(Object(App\Controllers\Admin\Login))
#3 C:\wamp64\www\tms\vendor\codeigniter4\framework\system\CodeIgniter.php(317): CodeIgniter\CodeIgniter->handleRequest(NULL, Object(Config\Cache), false)
#4 C:\wamp64\www\tms\public\index.php(37): CodeIgniter\CodeIgniter->run()
#5 C:\wamp64\www\tms\vendor\codeigniter4\framework\system\Commands\Server\rewrite.php(43): require_once('C:\\wamp64\\www\\t...')
#6 {main}
CRITICAL - 2021-10-14 23:22:00 --> Undefined variable: content
#0 C:\wamp64\www\tms\app\Views\layout\index.php(6): CodeIgniter\Debug\Exceptions->errorHandler(8, 'Undefined varia...', 'C:\\wamp64\\www\\t...', 6, Array)
#1 C:\wamp64\www\tms\vendor\codeigniter4\framework\system\View\View.php(214): include('C:\\wamp64\\www\\t...')
#2 C:\wamp64\www\tms\vendor\codeigniter4\framework\system\View\View.php(217): CodeIgniter\View\View->CodeIgniter\View\{closure}()
#3 C:\wamp64\www\tms\vendor\codeigniter4\framework\system\Common.php(1092): CodeIgniter\View\View->render('layout/index', Array, true)
#4 C:\wamp64\www\tms\app\Libraries\Template.php(22): view('layout/index', Array)
#5 C:\wamp64\www\tms\app\Controllers\Admin\Dashboard.php(10): App\Libraries\Template->Cms('admin/component...', Array)
#6 C:\wamp64\www\tms\vendor\codeigniter4\framework\system\CodeIgniter.php(802): App\Controllers\Admin\Dashboard->index()
#7 C:\wamp64\www\tms\vendor\codeigniter4\framework\system\CodeIgniter.php(399): CodeIgniter\CodeIgniter->runController(Object(App\Controllers\Admin\Dashboard))
#8 C:\wamp64\www\tms\vendor\codeigniter4\framework\system\CodeIgniter.php(317): CodeIgniter\CodeIgniter->handleRequest(NULL, Object(Config\Cache), false)
#9 C:\wamp64\www\tms\public\index.php(37): CodeIgniter\CodeIgniter->run()
#10 C:\wamp64\www\tms\vendor\codeigniter4\framework\system\Commands\Server\rewrite.php(43): require_once('C:\\wamp64\\www\\t...')
#11 {main}
CRITICAL - 2021-10-14 23:22:15 --> Undefined variable: content
#0 C:\wamp64\www\tms\app\Views\layout\index.php(6): CodeIgniter\Debug\Exceptions->errorHandler(8, 'Undefined varia...', 'C:\\wamp64\\www\\t...', 6, Array)
#1 C:\wamp64\www\tms\vendor\codeigniter4\framework\system\View\View.php(214): include('C:\\wamp64\\www\\t...')
#2 C:\wamp64\www\tms\vendor\codeigniter4\framework\system\View\View.php(217): CodeIgniter\View\View->CodeIgniter\View\{closure}()
#3 C:\wamp64\www\tms\vendor\codeigniter4\framework\system\Common.php(1092): CodeIgniter\View\View->render('layout/index', Array, true)
#4 C:\wamp64\www\tms\app\Libraries\Template.php(22): view('layout/index', Array)
#5 C:\wamp64\www\tms\app\Controllers\Admin\Dashboard.php(10): App\Libraries\Template->Cms('admin/component...', Array)
#6 C:\wamp64\www\tms\vendor\codeigniter4\framework\system\CodeIgniter.php(802): App\Controllers\Admin\Dashboard->index()
#7 C:\wamp64\www\tms\vendor\codeigniter4\framework\system\CodeIgniter.php(399): CodeIgniter\CodeIgniter->runController(Object(App\Controllers\Admin\Dashboard))
#8 C:\wamp64\www\tms\vendor\codeigniter4\framework\system\CodeIgniter.php(317): CodeIgniter\CodeIgniter->handleRequest(NULL, Object(Config\Cache), false)
#9 C:\wamp64\www\tms\public\index.php(37): CodeIgniter\CodeIgniter->run()
#10 C:\wamp64\www\tms\vendor\codeigniter4\framework\system\Commands\Server\rewrite.php(43): require_once('C:\\wamp64\\www\\t...')
#11 {main}
CRITICAL - 2021-10-14 23:23:08 --> Undefined variable: content
#0 C:\wamp64\www\tms\app\Views\layout\index.php(6): CodeIgniter\Debug\Exceptions->errorHandler(8, 'Undefined varia...', 'C:\\wamp64\\www\\t...', 6, Array)
#1 C:\wamp64\www\tms\vendor\codeigniter4\framework\system\View\View.php(214): include('C:\\wamp64\\www\\t...')
#2 C:\wamp64\www\tms\vendor\codeigniter4\framework\system\View\View.php(217): CodeIgniter\View\View->CodeIgniter\View\{closure}()
#3 C:\wamp64\www\tms\vendor\codeigniter4\framework\system\Common.php(1092): CodeIgniter\View\View->render('layout/index', Array, true)
#4 C:\wamp64\www\tms\app\Libraries\Template.php(22): view('layout/index', Array)
#5 C:\wamp64\www\tms\app\Controllers\Admin\Login.php(10): App\Libraries\Template->Cms('admin/component...', Array)
#6 C:\wamp64\www\tms\vendor\codeigniter4\framework\system\CodeIgniter.php(802): App\Controllers\Admin\Login->index()
#7 C:\wamp64\www\tms\vendor\codeigniter4\framework\system\CodeIgniter.php(399): CodeIgniter\CodeIgniter->runController(Object(App\Controllers\Admin\Login))
#8 C:\wamp64\www\tms\vendor\codeigniter4\framework\system\CodeIgniter.php(317): CodeIgniter\CodeIgniter->handleRequest(NULL, Object(Config\Cache), false)
#9 C:\wamp64\www\tms\public\index.php(37): CodeIgniter\CodeIgniter->run()
#10 C:\wamp64\www\tms\vendor\codeigniter4\framework\system\Commands\Server\rewrite.php(43): require_once('C:\\wamp64\\www\\t...')
#11 {main}
