CRITICAL - 2021-12-27 11:58:22 --> Trying to get property 'cms' of non-object
#0 C:\wamp64\www\framework-template-ci4\app\Views\admin\layout\header.php(5): CodeIgniter\Debug\Exceptions->errorHandler(8, 'Trying to get p...', 'C:\\wamp64\\www\\f...', 5, Array)
#1 C:\wamp64\www\framework-template-ci4\vendor\codeigniter4\framework\system\View\View.php(214): include('C:\\wamp64\\www\\f...')
#2 C:\wamp64\www\framework-template-ci4\vendor\codeigniter4\framework\system\View\View.php(217): CodeIgniter\View\View->CodeIgniter\View\{closure}()
#3 C:\wamp64\www\framework-template-ci4\vendor\codeigniter4\framework\system\Common.php(1097): CodeIgniter\View\View->render('admin/layout/he...', Array, true)
#4 C:\wamp64\www\framework-template-ci4\app\Libraries\Template.php(17): view('admin/layout/he...', Array)
#5 C:\wamp64\www\framework-template-ci4\app\Controllers\Admin\ConfigMail.php(25): App\Libraries\Template->Cms('admin/config-ma...')
#6 C:\wamp64\www\framework-template-ci4\vendor\codeigniter4\framework\system\CodeIgniter.php(824): App\Controllers\Admin\ConfigMail->index()
#7 C:\wamp64\www\framework-template-ci4\vendor\codeigniter4\framework\system\CodeIgniter.php(410): CodeIgniter\CodeIgniter->runController(Object(App\Controllers\Admin\ConfigMail))
#8 C:\wamp64\www\framework-template-ci4\vendor\codeigniter4\framework\system\CodeIgniter.php(318): CodeIgniter\CodeIgniter->handleRequest(NULL, Object(Config\Cache), false)
#9 C:\wamp64\www\framework-template-ci4\public\index.php(37): CodeIgniter\CodeIgniter->run()
#10 C:\wamp64\www\framework-template-ci4\vendor\codeigniter4\framework\system\Commands\Server\rewrite.php(43): require_once('C:\\wamp64\\www\\f...')
#11 {main}
CRITICAL - 2021-12-27 11:58:49 --> Trying to get property 'cms' of non-object
#0 C:\wamp64\www\framework-template-ci4\app\Views\admin\layout\header.php(5): CodeIgniter\Debug\Exceptions->errorHandler(8, 'Trying to get p...', 'C:\\wamp64\\www\\f...', 5, Array)
#1 C:\wamp64\www\framework-template-ci4\vendor\codeigniter4\framework\system\View\View.php(214): include('C:\\wamp64\\www\\f...')
#2 C:\wamp64\www\framework-template-ci4\vendor\codeigniter4\framework\system\View\View.php(217): CodeIgniter\View\View->CodeIgniter\View\{closure}()
#3 C:\wamp64\www\framework-template-ci4\vendor\codeigniter4\framework\system\Common.php(1097): CodeIgniter\View\View->render('admin/layout/he...', Array, true)
#4 C:\wamp64\www\framework-template-ci4\app\Libraries\Template.php(17): view('admin/layout/he...', Array)
#5 C:\wamp64\www\framework-template-ci4\app\Controllers\Admin\Dashboard.php(19): App\Libraries\Template->Cms('admin/dashboard...', Array)
#6 C:\wamp64\www\framework-template-ci4\vendor\codeigniter4\framework\system\CodeIgniter.php(824): App\Controllers\Admin\Dashboard->index()
#7 C:\wamp64\www\framework-template-ci4\vendor\codeigniter4\framework\system\CodeIgniter.php(410): CodeIgniter\CodeIgniter->runController(Object(App\Controllers\Admin\Dashboard))
#8 C:\wamp64\www\framework-template-ci4\vendor\codeigniter4\framework\system\CodeIgniter.php(318): CodeIgniter\CodeIgniter->handleRequest(NULL, Object(Config\Cache), false)
#9 C:\wamp64\www\framework-template-ci4\public\index.php(37): CodeIgniter\CodeIgniter->run()
#10 C:\wamp64\www\framework-template-ci4\vendor\codeigniter4\framework\system\Commands\Server\rewrite.php(43): require_once('C:\\wamp64\\www\\f...')
#11 {main}
CRITICAL - 2021-12-27 11:58:53 --> Trying to get property 'cms' of non-object
#0 C:\wamp64\www\framework-template-ci4\app\Views\admin\layout\header.php(5): CodeIgniter\Debug\Exceptions->errorHandler(8, 'Trying to get p...', 'C:\\wamp64\\www\\f...', 5, Array)
#1 C:\wamp64\www\framework-template-ci4\vendor\codeigniter4\framework\system\View\View.php(214): include('C:\\wamp64\\www\\f...')
#2 C:\wamp64\www\framework-template-ci4\vendor\codeigniter4\framework\system\View\View.php(217): CodeIgniter\View\View->CodeIgniter\View\{closure}()
#3 C:\wamp64\www\framework-template-ci4\vendor\codeigniter4\framework\system\Common.php(1097): CodeIgniter\View\View->render('admin/layout/he...', Array, true)
#4 C:\wamp64\www\framework-template-ci4\app\Libraries\Template.php(17): view('admin/layout/he...', Array)
#5 C:\wamp64\www\framework-template-ci4\app\Controllers\Admin\Dashboard.php(19): App\Libraries\Template->Cms('admin/dashboard...', Array)
#6 C:\wamp64\www\framework-template-ci4\vendor\codeigniter4\framework\system\CodeIgniter.php(824): App\Controllers\Admin\Dashboard->index()
#7 C:\wamp64\www\framework-template-ci4\vendor\codeigniter4\framework\system\CodeIgniter.php(410): CodeIgniter\CodeIgniter->runController(Object(App\Controllers\Admin\Dashboard))
#8 C:\wamp64\www\framework-template-ci4\vendor\codeigniter4\framework\system\CodeIgniter.php(318): CodeIgniter\CodeIgniter->handleRequest(NULL, Object(Config\Cache), false)
#9 C:\wamp64\www\framework-template-ci4\public\index.php(37): CodeIgniter\CodeIgniter->run()
#10 C:\wamp64\www\framework-template-ci4\vendor\codeigniter4\framework\system\Commands\Server\rewrite.php(43): require_once('C:\\wamp64\\www\\f...')
#11 {main}
CRITICAL - 2021-12-27 11:59:42 --> Trying to get property 'cms' of non-object
#0 C:\wamp64\www\framework-template-ci4\app\Views\admin\layout\header.php(5): CodeIgniter\Debug\Exceptions->errorHandler(8, 'Trying to get p...', 'C:\\wamp64\\www\\f...', 5, Array)
#1 C:\wamp64\www\framework-template-ci4\vendor\codeigniter4\framework\system\View\View.php(214): include('C:\\wamp64\\www\\f...')
#2 C:\wamp64\www\framework-template-ci4\vendor\codeigniter4\framework\system\View\View.php(217): CodeIgniter\View\View->CodeIgniter\View\{closure}()
#3 C:\wamp64\www\framework-template-ci4\vendor\codeigniter4\framework\system\Common.php(1097): CodeIgniter\View\View->render('admin/layout/he...', Array, true)
#4 C:\wamp64\www\framework-template-ci4\app\Libraries\Template.php(17): view('admin/layout/he...', Array)
#5 C:\wamp64\www\framework-template-ci4\app\Controllers\Admin\Dashboard.php(19): App\Libraries\Template->Cms('admin/dashboard...', Array)
#6 C:\wamp64\www\framework-template-ci4\vendor\codeigniter4\framework\system\CodeIgniter.php(824): App\Controllers\Admin\Dashboard->index()
#7 C:\wamp64\www\framework-template-ci4\vendor\codeigniter4\framework\system\CodeIgniter.php(410): CodeIgniter\CodeIgniter->runController(Object(App\Controllers\Admin\Dashboard))
#8 C:\wamp64\www\framework-template-ci4\vendor\codeigniter4\framework\system\CodeIgniter.php(318): CodeIgniter\CodeIgniter->handleRequest(NULL, Object(Config\Cache), false)
#9 C:\wamp64\www\framework-template-ci4\public\index.php(37): CodeIgniter\CodeIgniter->run()
#10 C:\wamp64\www\framework-template-ci4\vendor\codeigniter4\framework\system\Commands\Server\rewrite.php(43): require_once('C:\\wamp64\\www\\f...')
#11 {main}
CRITICAL - 2021-12-27 12:00:01 --> Trying to get property 'cms' of non-object
#0 C:\wamp64\www\framework-template-ci4\app\Views\admin\layout\header.php(5): CodeIgniter\Debug\Exceptions->errorHandler(8, 'Trying to get p...', 'C:\\wamp64\\www\\f...', 5, Array)
#1 C:\wamp64\www\framework-template-ci4\vendor\codeigniter4\framework\system\View\View.php(214): include('C:\\wamp64\\www\\f...')
#2 C:\wamp64\www\framework-template-ci4\vendor\codeigniter4\framework\system\View\View.php(217): CodeIgniter\View\View->CodeIgniter\View\{closure}()
#3 C:\wamp64\www\framework-template-ci4\vendor\codeigniter4\framework\system\Common.php(1097): CodeIgniter\View\View->render('admin/layout/he...', Array, true)
#4 C:\wamp64\www\framework-template-ci4\app\Libraries\Template.php(17): view('admin/layout/he...', Array)
#5 C:\wamp64\www\framework-template-ci4\app\Controllers\Admin\Dashboard.php(19): App\Libraries\Template->Cms('admin/dashboard...', Array)
#6 C:\wamp64\www\framework-template-ci4\vendor\codeigniter4\framework\system\CodeIgniter.php(824): App\Controllers\Admin\Dashboard->index()
#7 C:\wamp64\www\framework-template-ci4\vendor\codeigniter4\framework\system\CodeIgniter.php(410): CodeIgniter\CodeIgniter->runController(Object(App\Controllers\Admin\Dashboard))
#8 C:\wamp64\www\framework-template-ci4\vendor\codeigniter4\framework\system\CodeIgniter.php(318): CodeIgniter\CodeIgniter->handleRequest(NULL, Object(Config\Cache), false)
#9 C:\wamp64\www\framework-template-ci4\public\index.php(37): CodeIgniter\CodeIgniter->run()
#10 C:\wamp64\www\framework-template-ci4\vendor\codeigniter4\framework\system\Commands\Server\rewrite.php(43): require_once('C:\\wamp64\\www\\f...')
#11 {main}
CRITICAL - 2021-12-27 12:00:20 --> Invalid argument supplied for foreach()
#0 C:\wamp64\www\framework-template-ci4\app\Views\admin\layout\header.php(5): CodeIgniter\Debug\Exceptions->errorHandler(2, 'Invalid argumen...', 'C:\\wamp64\\www\\f...', 5, Array)
#1 C:\wamp64\www\framework-template-ci4\vendor\codeigniter4\framework\system\View\View.php(214): include('C:\\wamp64\\www\\f...')
#2 C:\wamp64\www\framework-template-ci4\vendor\codeigniter4\framework\system\View\View.php(217): CodeIgniter\View\View->CodeIgniter\View\{closure}()
#3 C:\wamp64\www\framework-template-ci4\vendor\codeigniter4\framework\system\Common.php(1097): CodeIgniter\View\View->render('admin/layout/he...', Array, true)
#4 C:\wamp64\www\framework-template-ci4\app\Libraries\Template.php(17): view('admin/layout/he...', Array)
#5 C:\wamp64\www\framework-template-ci4\app\Controllers\Admin\Dashboard.php(19): App\Libraries\Template->Cms('admin/dashboard...', Array)
#6 C:\wamp64\www\framework-template-ci4\vendor\codeigniter4\framework\system\CodeIgniter.php(824): App\Controllers\Admin\Dashboard->index()
#7 C:\wamp64\www\framework-template-ci4\vendor\codeigniter4\framework\system\CodeIgniter.php(410): CodeIgniter\CodeIgniter->runController(Object(App\Controllers\Admin\Dashboard))
#8 C:\wamp64\www\framework-template-ci4\vendor\codeigniter4\framework\system\CodeIgniter.php(318): CodeIgniter\CodeIgniter->handleRequest(NULL, Object(Config\Cache), false)
#9 C:\wamp64\www\framework-template-ci4\public\index.php(37): CodeIgniter\CodeIgniter->run()
#10 C:\wamp64\www\framework-template-ci4\vendor\codeigniter4\framework\system\Commands\Server\rewrite.php(43): require_once('C:\\wamp64\\www\\f...')
#11 {main}
CRITICAL - 2021-12-27 12:00:40 --> Invalid argument supplied for foreach()
#0 C:\wamp64\www\framework-template-ci4\app\Views\admin\layout\header.php(5): CodeIgniter\Debug\Exceptions->errorHandler(2, 'Invalid argumen...', 'C:\\wamp64\\www\\f...', 5, Array)
#1 C:\wamp64\www\framework-template-ci4\vendor\codeigniter4\framework\system\View\View.php(214): include('C:\\wamp64\\www\\f...')
#2 C:\wamp64\www\framework-template-ci4\vendor\codeigniter4\framework\system\View\View.php(217): CodeIgniter\View\View->CodeIgniter\View\{closure}()
#3 C:\wamp64\www\framework-template-ci4\vendor\codeigniter4\framework\system\Common.php(1097): CodeIgniter\View\View->render('admin/layout/he...', Array, true)
#4 C:\wamp64\www\framework-template-ci4\app\Libraries\Template.php(17): view('admin/layout/he...', Array)
#5 C:\wamp64\www\framework-template-ci4\app\Controllers\Admin\Dashboard.php(19): App\Libraries\Template->Cms('admin/dashboard...', Array)
#6 C:\wamp64\www\framework-template-ci4\vendor\codeigniter4\framework\system\CodeIgniter.php(824): App\Controllers\Admin\Dashboard->index()
#7 C:\wamp64\www\framework-template-ci4\vendor\codeigniter4\framework\system\CodeIgniter.php(410): CodeIgniter\CodeIgniter->runController(Object(App\Controllers\Admin\Dashboard))
#8 C:\wamp64\www\framework-template-ci4\vendor\codeigniter4\framework\system\CodeIgniter.php(318): CodeIgniter\CodeIgniter->handleRequest(NULL, Object(Config\Cache), false)
#9 C:\wamp64\www\framework-template-ci4\public\index.php(37): CodeIgniter\CodeIgniter->run()
#10 C:\wamp64\www\framework-template-ci4\vendor\codeigniter4\framework\system\Commands\Server\rewrite.php(43): require_once('C:\\wamp64\\www\\f...')
#11 {main}
ERROR - 2021-12-27 12:02:51 --> Table 'db_template-ci4.carousel' doesn't exist
CRITICAL - 2021-12-27 12:02:51 --> Table 'db_template-ci4.carousel' doesn't exist
#0 C:\wamp64\www\framework-template-ci4\vendor\codeigniter4\framework\system\Database\MySQLi\Connection.php(292): mysqli->query('SELECT *\nFROM `...', 0)
#1 C:\wamp64\www\framework-template-ci4\vendor\codeigniter4\framework\system\Database\BaseConnection.php(670): CodeIgniter\Database\MySQLi\Connection->execute('SELECT *\nFROM `...')
#2 C:\wamp64\www\framework-template-ci4\vendor\codeigniter4\framework\system\Database\BaseConnection.php(598): CodeIgniter\Database\BaseConnection->simpleQuery('SELECT *\nFROM `...')
#3 C:\wamp64\www\framework-template-ci4\vendor\codeigniter4\framework\system\Database\BaseBuilder.php(1443): CodeIgniter\Database\BaseConnection->query('SELECT *\nFROM `...', Array, false)
#4 C:\wamp64\www\framework-template-ci4\app\Models\Admin\ConfigMail\ConfigMailModel.php(108): CodeIgniter\Database\BaseBuilder->get()
#5 C:\wamp64\www\framework-template-ci4\app\Controllers\Admin\ConfigMail.php(33): App\Models\Admin\ConfigMail\ConfigMailModel->getDatatables()
#6 C:\wamp64\www\framework-template-ci4\vendor\codeigniter4\framework\system\CodeIgniter.php(824): App\Controllers\Admin\ConfigMail->getdata()
#7 C:\wamp64\www\framework-template-ci4\vendor\codeigniter4\framework\system\CodeIgniter.php(410): CodeIgniter\CodeIgniter->runController(Object(App\Controllers\Admin\ConfigMail))
#8 C:\wamp64\www\framework-template-ci4\vendor\codeigniter4\framework\system\CodeIgniter.php(318): CodeIgniter\CodeIgniter->handleRequest(NULL, Object(Config\Cache), false)
#9 C:\wamp64\www\framework-template-ci4\public\index.php(37): CodeIgniter\CodeIgniter->run()
#10 C:\wamp64\www\framework-template-ci4\vendor\codeigniter4\framework\system\Commands\Server\rewrite.php(43): require_once('C:\\wamp64\\www\\f...')
#11 {main}
CRITICAL - 2021-12-27 14:21:56 --> Undefined index: email_cc_list
#0 C:\wamp64\www\framework-template-ci4\app\Models\Admin\ConfigMail\ConfigMailModel.php(127): CodeIgniter\Debug\Exceptions->errorHandler(8, 'Undefined index...', 'C:\\wamp64\\www\\f...', 127, Array)
#1 C:\wamp64\www\framework-template-ci4\app\Controllers\Admin\ConfigMail.php(110): App\Models\Admin\ConfigMail\ConfigMailModel->AddNew(Array)
#2 C:\wamp64\www\framework-template-ci4\vendor\codeigniter4\framework\system\CodeIgniter.php(824): App\Controllers\Admin\ConfigMail->addNewData()
#3 C:\wamp64\www\framework-template-ci4\vendor\codeigniter4\framework\system\CodeIgniter.php(410): CodeIgniter\CodeIgniter->runController(Object(App\Controllers\Admin\ConfigMail))
#4 C:\wamp64\www\framework-template-ci4\vendor\codeigniter4\framework\system\CodeIgniter.php(318): CodeIgniter\CodeIgniter->handleRequest(NULL, Object(Config\Cache), false)
#5 C:\wamp64\www\framework-template-ci4\public\index.php(37): CodeIgniter\CodeIgniter->run()
#6 C:\wamp64\www\framework-template-ci4\vendor\codeigniter4\framework\system\Commands\Server\rewrite.php(43): require_once('C:\\wamp64\\www\\f...')
#7 {main}
CRITICAL - 2021-12-27 14:22:52 --> Undefined index: images
#0 C:\wamp64\www\framework-template-ci4\app\Models\Admin\ConfigMail\ConfigMailModel.php(132): CodeIgniter\Debug\Exceptions->errorHandler(8, 'Undefined index...', 'C:\\wamp64\\www\\f...', 132, Array)
#1 C:\wamp64\www\framework-template-ci4\app\Controllers\Admin\ConfigMail.php(110): App\Models\Admin\ConfigMail\ConfigMailModel->AddNew(Array)
#2 C:\wamp64\www\framework-template-ci4\vendor\codeigniter4\framework\system\CodeIgniter.php(824): App\Controllers\Admin\ConfigMail->addNewData()
#3 C:\wamp64\www\framework-template-ci4\vendor\codeigniter4\framework\system\CodeIgniter.php(410): CodeIgniter\CodeIgniter->runController(Object(App\Controllers\Admin\ConfigMail))
#4 C:\wamp64\www\framework-template-ci4\vendor\codeigniter4\framework\system\CodeIgniter.php(318): CodeIgniter\CodeIgniter->handleRequest(NULL, Object(Config\Cache), false)
#5 C:\wamp64\www\framework-template-ci4\public\index.php(37): CodeIgniter\CodeIgniter->run()
#6 C:\wamp64\www\framework-template-ci4\vendor\codeigniter4\framework\system\Commands\Server\rewrite.php(43): require_once('C:\\wamp64\\www\\f...')
#7 {main}
CRITICAL - 2021-12-27 14:23:38 --> Undefined index: reply_to_email
#0 C:\wamp64\www\framework-template-ci4\app\Models\Admin\ConfigMail\ConfigMailModel.php(219): CodeIgniter\Debug\Exceptions->errorHandler(8, 'Undefined index...', 'C:\\wamp64\\www\\f...', 219, Array)
#1 C:\wamp64\www\framework-template-ci4\app\Controllers\Admin\ConfigMail.php(110): App\Models\Admin\ConfigMail\ConfigMailModel->AddNew(Array)
#2 C:\wamp64\www\framework-template-ci4\vendor\codeigniter4\framework\system\CodeIgniter.php(824): App\Controllers\Admin\ConfigMail->addNewData()
#3 C:\wamp64\www\framework-template-ci4\vendor\codeigniter4\framework\system\CodeIgniter.php(410): CodeIgniter\CodeIgniter->runController(Object(App\Controllers\Admin\ConfigMail))
#4 C:\wamp64\www\framework-template-ci4\vendor\codeigniter4\framework\system\CodeIgniter.php(318): CodeIgniter\CodeIgniter->handleRequest(NULL, Object(Config\Cache), false)
#5 C:\wamp64\www\framework-template-ci4\public\index.php(37): CodeIgniter\CodeIgniter->run()
#6 C:\wamp64\www\framework-template-ci4\vendor\codeigniter4\framework\system\Commands\Server\rewrite.php(43): require_once('C:\\wamp64\\www\\f...')
#7 {main}
CRITICAL - 2021-12-27 14:40:56 --> Undefined index: status
#0 C:\wamp64\www\framework-template-ci4\app\Models\Admin\ConfigMail\ConfigMailModel.php(231): CodeIgniter\Debug\Exceptions->errorHandler(8, 'Undefined index...', 'C:\\wamp64\\www\\f...', 231, Array)
#1 C:\wamp64\www\framework-template-ci4\app\Controllers\Admin\ConfigMail.php(110): App\Models\Admin\ConfigMail\ConfigMailModel->AddNew(Array)
#2 C:\wamp64\www\framework-template-ci4\vendor\codeigniter4\framework\system\CodeIgniter.php(824): App\Controllers\Admin\ConfigMail->addNewData()
#3 C:\wamp64\www\framework-template-ci4\vendor\codeigniter4\framework\system\CodeIgniter.php(410): CodeIgniter\CodeIgniter->runController(Object(App\Controllers\Admin\ConfigMail))
#4 C:\wamp64\www\framework-template-ci4\vendor\codeigniter4\framework\system\CodeIgniter.php(318): CodeIgniter\CodeIgniter->handleRequest(NULL, Object(Config\Cache), false)
#5 C:\wamp64\www\framework-template-ci4\public\index.php(37): CodeIgniter\CodeIgniter->run()
#6 C:\wamp64\www\framework-template-ci4\vendor\codeigniter4\framework\system\Commands\Server\rewrite.php(43): require_once('C:\\wamp64\\www\\f...')
#7 {main}
ERROR - 2021-12-27 16:32:11 --> Table 'db_template-ci4.carousel' doesn't exist
CRITICAL - 2021-12-27 16:32:11 --> Table 'db_template-ci4.carousel' doesn't exist
#0 C:\wamp64\www\framework-template-ci4\vendor\codeigniter4\framework\system\Database\MySQLi\Connection.php(292): mysqli->query('SELECT\r\n       ...', 0)
#1 C:\wamp64\www\framework-template-ci4\vendor\codeigniter4\framework\system\Database\BaseConnection.php(670): CodeIgniter\Database\MySQLi\Connection->execute('SELECT\r\n       ...')
#2 C:\wamp64\www\framework-template-ci4\vendor\codeigniter4\framework\system\Database\BaseConnection.php(598): CodeIgniter\Database\BaseConnection->simpleQuery('SELECT\r\n       ...')
#3 C:\wamp64\www\framework-template-ci4\app\Models\Admin\ConfigMail\ConfigMailModel.php(409): CodeIgniter\Database\BaseConnection->query('SELECT\r\n       ...')
#4 C:\wamp64\www\framework-template-ci4\app\Controllers\Admin\ConfigMail.php(133): App\Models\Admin\ConfigMail\ConfigMailModel->DeleteData(Array)
#5 C:\wamp64\www\framework-template-ci4\vendor\codeigniter4\framework\system\CodeIgniter.php(824): App\Controllers\Admin\ConfigMail->Delete()
#6 C:\wamp64\www\framework-template-ci4\vendor\codeigniter4\framework\system\CodeIgniter.php(410): CodeIgniter\CodeIgniter->runController(Object(App\Controllers\Admin\ConfigMail))
#7 C:\wamp64\www\framework-template-ci4\vendor\codeigniter4\framework\system\CodeIgniter.php(318): CodeIgniter\CodeIgniter->handleRequest(NULL, Object(Config\Cache), false)
#8 C:\wamp64\www\framework-template-ci4\public\index.php(37): CodeIgniter\CodeIgniter->run()
#9 C:\wamp64\www\framework-template-ci4\vendor\codeigniter4\framework\system\Commands\Server\rewrite.php(43): require_once('C:\\wamp64\\www\\f...')
#10 {main}
CRITICAL - 2021-12-27 16:45:52 --> Invalid file: admin/config-mail/component-view-profile.php
#0 C:\wamp64\www\framework-template-ci4\vendor\codeigniter4\framework\system\View\View.php(198): CodeIgniter\Exceptions\FrameworkException::forInvalidFile('admin/config-ma...')
#1 C:\wamp64\www\framework-template-ci4\vendor\codeigniter4\framework\system\Common.php(1097): CodeIgniter\View\View->render('admin/config-ma...', Array, true)
#2 C:\wamp64\www\framework-template-ci4\app\Libraries\Template.php(22): view('admin/config-ma...', Array)
#3 C:\wamp64\www\framework-template-ci4\app\Controllers\Admin\Profile.php(25): App\Libraries\Template->Cms('admin/config-ma...')
#4 C:\wamp64\www\framework-template-ci4\vendor\codeigniter4\framework\system\CodeIgniter.php(824): App\Controllers\Admin\Profile->index()
#5 C:\wamp64\www\framework-template-ci4\vendor\codeigniter4\framework\system\CodeIgniter.php(410): CodeIgniter\CodeIgniter->runController(Object(App\Controllers\Admin\Profile))
#6 C:\wamp64\www\framework-template-ci4\vendor\codeigniter4\framework\system\CodeIgniter.php(318): CodeIgniter\CodeIgniter->handleRequest(NULL, Object(Config\Cache), false)
#7 C:\wamp64\www\framework-template-ci4\public\index.php(37): CodeIgniter\CodeIgniter->run()
#8 C:\wamp64\www\framework-template-ci4\vendor\codeigniter4\framework\system\Commands\Server\rewrite.php(43): require_once('C:\\wamp64\\www\\f...')
#9 {main}
CRITICAL - 2021-12-27 16:52:41 --> Undefined variable: profilData
#0 C:\wamp64\www\framework-template-ci4\app\Views\admin\profile\component-view-profile.php(7): CodeIgniter\Debug\Exceptions->errorHandler(8, 'Undefined varia...', 'C:\\wamp64\\www\\f...', 7, Array)
#1 C:\wamp64\www\framework-template-ci4\vendor\codeigniter4\framework\system\View\View.php(214): include('C:\\wamp64\\www\\f...')
#2 C:\wamp64\www\framework-template-ci4\vendor\codeigniter4\framework\system\View\View.php(217): CodeIgniter\View\View->CodeIgniter\View\{closure}()
#3 C:\wamp64\www\framework-template-ci4\vendor\codeigniter4\framework\system\Common.php(1097): CodeIgniter\View\View->render('admin/profile/c...', Array, true)
#4 C:\wamp64\www\framework-template-ci4\app\Libraries\Template.php(22): view('admin/profile/c...', Array)
#5 C:\wamp64\www\framework-template-ci4\app\Controllers\Admin\Profile.php(25): App\Libraries\Template->Cms('admin/profile/c...', Array)
#6 C:\wamp64\www\framework-template-ci4\vendor\codeigniter4\framework\system\CodeIgniter.php(824): App\Controllers\Admin\Profile->index()
#7 C:\wamp64\www\framework-template-ci4\vendor\codeigniter4\framework\system\CodeIgniter.php(410): CodeIgniter\CodeIgniter->runController(Object(App\Controllers\Admin\Profile))
#8 C:\wamp64\www\framework-template-ci4\vendor\codeigniter4\framework\system\CodeIgniter.php(318): CodeIgniter\CodeIgniter->handleRequest(NULL, Object(Config\Cache), false)
#9 C:\wamp64\www\framework-template-ci4\public\index.php(37): CodeIgniter\CodeIgniter->run()
#10 C:\wamp64\www\framework-template-ci4\vendor\codeigniter4\framework\system\Commands\Server\rewrite.php(43): require_once('C:\\wamp64\\www\\f...')
#11 {main}
CRITICAL - 2021-12-27 17:01:27 --> Undefined index: id
#0 C:\wamp64\www\framework-template-ci4\app\Controllers\Admin\Profile.php(30): CodeIgniter\Debug\Exceptions->errorHandler(8, 'Undefined index...', 'C:\\wamp64\\www\\f...', 30, Array)
#1 C:\wamp64\www\framework-template-ci4\vendor\codeigniter4\framework\system\CodeIgniter.php(824): App\Controllers\Admin\Profile->getDataById()
#2 C:\wamp64\www\framework-template-ci4\vendor\codeigniter4\framework\system\CodeIgniter.php(410): CodeIgniter\CodeIgniter->runController(Object(App\Controllers\Admin\Profile))
#3 C:\wamp64\www\framework-template-ci4\vendor\codeigniter4\framework\system\CodeIgniter.php(318): CodeIgniter\CodeIgniter->handleRequest(NULL, Object(Config\Cache), false)
#4 C:\wamp64\www\framework-template-ci4\public\index.php(37): CodeIgniter\CodeIgniter->run()
#5 C:\wamp64\www\framework-template-ci4\vendor\codeigniter4\framework\system\Commands\Server\rewrite.php(43): require_once('C:\\wamp64\\www\\f...')
#6 {main}
ERROR - 2021-12-27 17:04:36 --> Table 'db_template-ci4.profile' doesn't exist
CRITICAL - 2021-12-27 17:04:36 --> Table 'db_template-ci4.profile' doesn't exist
#0 C:\wamp64\www\framework-template-ci4\vendor\codeigniter4\framework\system\Database\MySQLi\Connection.php(292): mysqli->query('SELECT *\nFROM `...', 0)
#1 C:\wamp64\www\framework-template-ci4\vendor\codeigniter4\framework\system\Database\BaseConnection.php(670): CodeIgniter\Database\MySQLi\Connection->execute('SELECT *\nFROM `...')
#2 C:\wamp64\www\framework-template-ci4\vendor\codeigniter4\framework\system\Database\BaseConnection.php(598): CodeIgniter\Database\BaseConnection->simpleQuery('SELECT *\nFROM `...')
#3 C:\wamp64\www\framework-template-ci4\vendor\codeigniter4\framework\system\Database\BaseBuilder.php(1443): CodeIgniter\Database\BaseConnection->query('SELECT *\nFROM `...', Array, false)
#4 C:\wamp64\www\framework-template-ci4\app\Models\Admin\Profile\ProfileModel.php(31): CodeIgniter\Database\BaseBuilder->get()
#5 C:\wamp64\www\framework-template-ci4\app\Controllers\Admin\Profile.php(30): App\Models\Admin\Profile\ProfileModel->getDataProfile('1')
#6 C:\wamp64\www\framework-template-ci4\vendor\codeigniter4\framework\system\CodeIgniter.php(824): App\Controllers\Admin\Profile->getDataById()
#7 C:\wamp64\www\framework-template-ci4\vendor\codeigniter4\framework\system\CodeIgniter.php(410): CodeIgniter\CodeIgniter->runController(Object(App\Controllers\Admin\Profile))
#8 C:\wamp64\www\framework-template-ci4\vendor\codeigniter4\framework\system\CodeIgniter.php(318): CodeIgniter\CodeIgniter->handleRequest(NULL, Object(Config\Cache), false)
#9 C:\wamp64\www\framework-template-ci4\public\index.php(37): CodeIgniter\CodeIgniter->run()
#10 C:\wamp64\www\framework-template-ci4\vendor\codeigniter4\framework\system\Commands\Server\rewrite.php(43): require_once('C:\\wamp64\\www\\f...')
#11 {main}
CRITICAL - 2021-12-27 17:09:41 --> Undefined property: App\Controllers\Admin\Profile::$profile_model
#0 C:\wamp64\www\framework-template-ci4\app\Controllers\Admin\Profile.php(39): CodeIgniter\Debug\Exceptions->errorHandler(8, 'Undefined prope...', 'C:\\wamp64\\www\\f...', 39, Array)
#1 C:\wamp64\www\framework-template-ci4\vendor\codeigniter4\framework\system\CodeIgniter.php(824): App\Controllers\Admin\Profile->updateData()
#2 C:\wamp64\www\framework-template-ci4\vendor\codeigniter4\framework\system\CodeIgniter.php(410): CodeIgniter\CodeIgniter->runController(Object(App\Controllers\Admin\Profile))
#3 C:\wamp64\www\framework-template-ci4\vendor\codeigniter4\framework\system\CodeIgniter.php(318): CodeIgniter\CodeIgniter->handleRequest(NULL, Object(Config\Cache), false)
#4 C:\wamp64\www\framework-template-ci4\public\index.php(37): CodeIgniter\CodeIgniter->run()
#5 C:\wamp64\www\framework-template-ci4\vendor\codeigniter4\framework\system\Commands\Server\rewrite.php(43): require_once('C:\\wamp64\\www\\f...')
#6 {main}
CRITICAL - 2021-12-27 17:09:53 --> Call to undefined method CodeIgniter\Session\Session::userdata()
#0 C:\wamp64\www\framework-template-ci4\app\Controllers\Admin\Profile.php(39): App\Models\Admin\Profile\ProfileModel->UpdateData(Array)
#1 C:\wamp64\www\framework-template-ci4\vendor\codeigniter4\framework\system\CodeIgniter.php(824): App\Controllers\Admin\Profile->updateData()
#2 C:\wamp64\www\framework-template-ci4\vendor\codeigniter4\framework\system\CodeIgniter.php(410): CodeIgniter\CodeIgniter->runController(Object(App\Controllers\Admin\Profile))
#3 C:\wamp64\www\framework-template-ci4\vendor\codeigniter4\framework\system\CodeIgniter.php(318): CodeIgniter\CodeIgniter->handleRequest(NULL, Object(Config\Cache), false)
#4 C:\wamp64\www\framework-template-ci4\public\index.php(37): CodeIgniter\CodeIgniter->run()
#5 C:\wamp64\www\framework-template-ci4\vendor\codeigniter4\framework\system\Commands\Server\rewrite.php(43): require_once('C:\\wamp64\\www\\f...')
#6 {main}
CRITICAL - 2021-12-27 17:11:05 --> Call to undefined method CodeIgniter\Session\Session::userdata()
#0 C:\wamp64\www\framework-template-ci4\app\Controllers\Admin\Profile.php(39): App\Models\Admin\Profile\ProfileModel->UpdateData(Array)
#1 C:\wamp64\www\framework-template-ci4\vendor\codeigniter4\framework\system\CodeIgniter.php(824): App\Controllers\Admin\Profile->updateData()
#2 C:\wamp64\www\framework-template-ci4\vendor\codeigniter4\framework\system\CodeIgniter.php(410): CodeIgniter\CodeIgniter->runController(Object(App\Controllers\Admin\Profile))
#3 C:\wamp64\www\framework-template-ci4\vendor\codeigniter4\framework\system\CodeIgniter.php(318): CodeIgniter\CodeIgniter->handleRequest(NULL, Object(Config\Cache), false)
#4 C:\wamp64\www\framework-template-ci4\public\index.php(37): CodeIgniter\CodeIgniter->run()
#5 C:\wamp64\www\framework-template-ci4\vendor\codeigniter4\framework\system\Commands\Server\rewrite.php(43): require_once('C:\\wamp64\\www\\f...')
#6 {main}
CRITICAL - 2021-12-27 17:11:41 --> syntax error, unexpected ';', expecting ')'
#0 C:\wamp64\www\framework-template-ci4\vendor\codeigniter4\framework\system\Autoloader\Autoloader.php(241): CodeIgniter\Autoloader\Autoloader->includeFile('C:\\wamp64\\www\\f...')
#1 C:\wamp64\www\framework-template-ci4\vendor\codeigniter4\framework\system\Autoloader\Autoloader.php(219): CodeIgniter\Autoloader\Autoloader->loadInNamespace('App\\Models\\Admi...')
#2 [internal function]: CodeIgniter\Autoloader\Autoloader->loadClass('App\\Models\\Admi...')
#3 C:\wamp64\www\framework-template-ci4\app\Controllers\Admin\Profile.php(16): spl_autoload_call('App\\Models\\Admi...')
#4 C:\wamp64\www\framework-template-ci4\vendor\codeigniter4\framework\system\CodeIgniter.php(801): App\Controllers\Admin\Profile->__construct()
#5 C:\wamp64\www\framework-template-ci4\vendor\codeigniter4\framework\system\CodeIgniter.php(401): CodeIgniter\CodeIgniter->createController()
#6 C:\wamp64\www\framework-template-ci4\vendor\codeigniter4\framework\system\CodeIgniter.php(318): CodeIgniter\CodeIgniter->handleRequest(NULL, Object(Config\Cache), false)
#7 C:\wamp64\www\framework-template-ci4\public\index.php(37): CodeIgniter\CodeIgniter->run()
#8 C:\wamp64\www\framework-template-ci4\vendor\codeigniter4\framework\system\Commands\Server\rewrite.php(43): require_once('C:\\wamp64\\www\\f...')
#9 {main}
CRITICAL - 2021-12-27 17:11:50 --> syntax error, unexpected ';', expecting ')'
#0 C:\wamp64\www\framework-template-ci4\vendor\codeigniter4\framework\system\Autoloader\Autoloader.php(241): CodeIgniter\Autoloader\Autoloader->includeFile('C:\\wamp64\\www\\f...')
#1 C:\wamp64\www\framework-template-ci4\vendor\codeigniter4\framework\system\Autoloader\Autoloader.php(219): CodeIgniter\Autoloader\Autoloader->loadInNamespace('App\\Models\\Admi...')
#2 [internal function]: CodeIgniter\Autoloader\Autoloader->loadClass('App\\Models\\Admi...')
#3 C:\wamp64\www\framework-template-ci4\app\Controllers\Admin\Profile.php(16): spl_autoload_call('App\\Models\\Admi...')
#4 C:\wamp64\www\framework-template-ci4\vendor\codeigniter4\framework\system\CodeIgniter.php(801): App\Controllers\Admin\Profile->__construct()
#5 C:\wamp64\www\framework-template-ci4\vendor\codeigniter4\framework\system\CodeIgniter.php(401): CodeIgniter\CodeIgniter->createController()
#6 C:\wamp64\www\framework-template-ci4\vendor\codeigniter4\framework\system\CodeIgniter.php(318): CodeIgniter\CodeIgniter->handleRequest(NULL, Object(Config\Cache), false)
#7 C:\wamp64\www\framework-template-ci4\public\index.php(37): CodeIgniter\CodeIgniter->run()
#8 C:\wamp64\www\framework-template-ci4\vendor\codeigniter4\framework\system\Commands\Server\rewrite.php(43): require_once('C:\\wamp64\\www\\f...')
#9 {main}
CRITICAL - 2021-12-27 17:12:00 --> Call to a member function updateDataSession() on null
#0 C:\wamp64\www\framework-template-ci4\app\Controllers\Admin\Profile.php(39): App\Models\Admin\Profile\ProfileModel->UpdateData(Array)
#1 C:\wamp64\www\framework-template-ci4\vendor\codeigniter4\framework\system\CodeIgniter.php(824): App\Controllers\Admin\Profile->updateData()
#2 C:\wamp64\www\framework-template-ci4\vendor\codeigniter4\framework\system\CodeIgniter.php(410): CodeIgniter\CodeIgniter->runController(Object(App\Controllers\Admin\Profile))
#3 C:\wamp64\www\framework-template-ci4\vendor\codeigniter4\framework\system\CodeIgniter.php(318): CodeIgniter\CodeIgniter->handleRequest(NULL, Object(Config\Cache), false)
#4 C:\wamp64\www\framework-template-ci4\public\index.php(37): CodeIgniter\CodeIgniter->run()
#5 C:\wamp64\www\framework-template-ci4\vendor\codeigniter4\framework\system\Commands\Server\rewrite.php(43): require_once('C:\\wamp64\\www\\f...')
#6 {main}
CRITICAL - 2021-12-27 17:13:33 --> Object of class App\Models\Admin\ClassesModel could not be converted to string
#0 C:\wamp64\www\framework-template-ci4\app\Models\Admin\ClassesModel.php(187): CodeIgniter\Debug\Exceptions->errorHandler(4096, 'Object of class...', 'C:\\wamp64\\www\\f...', 187, Array)
#1 C:\wamp64\www\framework-template-ci4\app\Models\Admin\Profile\ProfileModel.php(153): App\Models\Admin\ClassesModel->updateDataSession(Object(stdClass))
#2 C:\wamp64\www\framework-template-ci4\app\Controllers\Admin\Profile.php(39): App\Models\Admin\Profile\ProfileModel->UpdateData(Array)
#3 C:\wamp64\www\framework-template-ci4\vendor\codeigniter4\framework\system\CodeIgniter.php(824): App\Controllers\Admin\Profile->updateData()
#4 C:\wamp64\www\framework-template-ci4\vendor\codeigniter4\framework\system\CodeIgniter.php(410): CodeIgniter\CodeIgniter->runController(Object(App\Controllers\Admin\Profile))
#5 C:\wamp64\www\framework-template-ci4\vendor\codeigniter4\framework\system\CodeIgniter.php(318): CodeIgniter\CodeIgniter->handleRequest(NULL, Object(Config\Cache), false)
#6 C:\wamp64\www\framework-template-ci4\public\index.php(37): CodeIgniter\CodeIgniter->run()
#7 C:\wamp64\www\framework-template-ci4\vendor\codeigniter4\framework\system\Commands\Server\rewrite.php(43): require_once('C:\\wamp64\\www\\f...')
#8 {main}
CRITICAL - 2021-12-27 17:15:37 --> Cannot use object of type stdClass as array
#0 C:\wamp64\www\framework-template-ci4\vendor\codeigniter4\framework\system\View\View.php(214): include()
#1 C:\wamp64\www\framework-template-ci4\vendor\codeigniter4\framework\system\View\View.php(217): CodeIgniter\View\View->CodeIgniter\View\{closure}()
#2 C:\wamp64\www\framework-template-ci4\vendor\codeigniter4\framework\system\Common.php(1097): CodeIgniter\View\View->render('admin/layout/ma...', Array, true)
#3 C:\wamp64\www\framework-template-ci4\app\Libraries\Template.php(18): view('admin/layout/ma...', Array)
#4 C:\wamp64\www\framework-template-ci4\app\Controllers\Admin\Profile.php(25): App\Libraries\Template->Cms('admin/profile/c...', Array)
#5 C:\wamp64\www\framework-template-ci4\vendor\codeigniter4\framework\system\CodeIgniter.php(824): App\Controllers\Admin\Profile->index()
#6 C:\wamp64\www\framework-template-ci4\vendor\codeigniter4\framework\system\CodeIgniter.php(410): CodeIgniter\CodeIgniter->runController(Object(App\Controllers\Admin\Profile))
#7 C:\wamp64\www\framework-template-ci4\vendor\codeigniter4\framework\system\CodeIgniter.php(318): CodeIgniter\CodeIgniter->handleRequest(NULL, Object(Config\Cache), false)
#8 C:\wamp64\www\framework-template-ci4\public\index.php(37): CodeIgniter\CodeIgniter->run()
#9 C:\wamp64\www\framework-template-ci4\vendor\codeigniter4\framework\system\Commands\Server\rewrite.php(43): require_once('C:\\wamp64\\www\\f...')
#10 {main}
CRITICAL - 2021-12-27 17:15:57 --> Cannot use object of type stdClass as array
#0 C:\wamp64\www\framework-template-ci4\vendor\codeigniter4\framework\system\View\View.php(214): include()
#1 C:\wamp64\www\framework-template-ci4\vendor\codeigniter4\framework\system\View\View.php(217): CodeIgniter\View\View->CodeIgniter\View\{closure}()
#2 C:\wamp64\www\framework-template-ci4\vendor\codeigniter4\framework\system\Common.php(1097): CodeIgniter\View\View->render('admin/layout/ma...', Array, true)
#3 C:\wamp64\www\framework-template-ci4\app\Libraries\Template.php(18): view('admin/layout/ma...', Array)
#4 C:\wamp64\www\framework-template-ci4\app\Controllers\Admin\Profile.php(25): App\Libraries\Template->Cms('admin/profile/c...', Array)
#5 C:\wamp64\www\framework-template-ci4\vendor\codeigniter4\framework\system\CodeIgniter.php(824): App\Controllers\Admin\Profile->index()
#6 C:\wamp64\www\framework-template-ci4\vendor\codeigniter4\framework\system\CodeIgniter.php(410): CodeIgniter\CodeIgniter->runController(Object(App\Controllers\Admin\Profile))
#7 C:\wamp64\www\framework-template-ci4\vendor\codeigniter4\framework\system\CodeIgniter.php(318): CodeIgniter\CodeIgniter->handleRequest(NULL, Object(Config\Cache), false)
#8 C:\wamp64\www\framework-template-ci4\public\index.php(37): CodeIgniter\CodeIgniter->run()
#9 C:\wamp64\www\framework-template-ci4\vendor\codeigniter4\framework\system\Commands\Server\rewrite.php(43): require_once('C:\\wamp64\\www\\f...')
#10 {main}
CRITICAL - 2021-12-27 17:16:10 --> Cannot use object of type stdClass as array
#0 C:\wamp64\www\framework-template-ci4\vendor\codeigniter4\framework\system\View\View.php(214): include()
#1 C:\wamp64\www\framework-template-ci4\vendor\codeigniter4\framework\system\View\View.php(217): CodeIgniter\View\View->CodeIgniter\View\{closure}()
#2 C:\wamp64\www\framework-template-ci4\vendor\codeigniter4\framework\system\Common.php(1097): CodeIgniter\View\View->render('admin/layout/ma...', Array, true)
#3 C:\wamp64\www\framework-template-ci4\app\Libraries\Template.php(18): view('admin/layout/ma...', Array)
#4 C:\wamp64\www\framework-template-ci4\app\Controllers\Admin\Dashboard.php(19): App\Libraries\Template->Cms('admin/dashboard...', Array)
#5 C:\wamp64\www\framework-template-ci4\vendor\codeigniter4\framework\system\CodeIgniter.php(824): App\Controllers\Admin\Dashboard->index()
#6 C:\wamp64\www\framework-template-ci4\vendor\codeigniter4\framework\system\CodeIgniter.php(410): CodeIgniter\CodeIgniter->runController(Object(App\Controllers\Admin\Dashboard))
#7 C:\wamp64\www\framework-template-ci4\vendor\codeigniter4\framework\system\CodeIgniter.php(318): CodeIgniter\CodeIgniter->handleRequest(NULL, Object(Config\Cache), false)
#8 C:\wamp64\www\framework-template-ci4\public\index.php(37): CodeIgniter\CodeIgniter->run()
#9 C:\wamp64\www\framework-template-ci4\vendor\codeigniter4\framework\system\Commands\Server\rewrite.php(43): require_once('C:\\wamp64\\www\\f...')
#10 {main}
CRITICAL - 2021-12-27 17:16:43 --> Cannot use object of type stdClass as array
#0 C:\wamp64\www\framework-template-ci4\vendor\codeigniter4\framework\system\View\View.php(214): include()
#1 C:\wamp64\www\framework-template-ci4\vendor\codeigniter4\framework\system\View\View.php(217): CodeIgniter\View\View->CodeIgniter\View\{closure}()
#2 C:\wamp64\www\framework-template-ci4\vendor\codeigniter4\framework\system\Common.php(1097): CodeIgniter\View\View->render('admin/layout/ma...', Array, true)
#3 C:\wamp64\www\framework-template-ci4\app\Libraries\Template.php(18): view('admin/layout/ma...', Array)
#4 C:\wamp64\www\framework-template-ci4\app\Controllers\Admin\Dashboard.php(19): App\Libraries\Template->Cms('admin/dashboard...', Array)
#5 C:\wamp64\www\framework-template-ci4\vendor\codeigniter4\framework\system\CodeIgniter.php(824): App\Controllers\Admin\Dashboard->index()
#6 C:\wamp64\www\framework-template-ci4\vendor\codeigniter4\framework\system\CodeIgniter.php(410): CodeIgniter\CodeIgniter->runController(Object(App\Controllers\Admin\Dashboard))
#7 C:\wamp64\www\framework-template-ci4\vendor\codeigniter4\framework\system\CodeIgniter.php(318): CodeIgniter\CodeIgniter->handleRequest(NULL, Object(Config\Cache), false)
#8 C:\wamp64\www\framework-template-ci4\public\index.php(37): CodeIgniter\CodeIgniter->run()
#9 C:\wamp64\www\framework-template-ci4\vendor\codeigniter4\framework\system\Commands\Server\rewrite.php(43): require_once('C:\\wamp64\\www\\f...')
#10 {main}
CRITICAL - 2021-12-27 17:17:46 --> Cannot use object of type stdClass as array
#0 C:\wamp64\www\framework-template-ci4\vendor\codeigniter4\framework\system\View\View.php(214): include()
#1 C:\wamp64\www\framework-template-ci4\vendor\codeigniter4\framework\system\View\View.php(217): CodeIgniter\View\View->CodeIgniter\View\{closure}()
#2 C:\wamp64\www\framework-template-ci4\vendor\codeigniter4\framework\system\Common.php(1097): CodeIgniter\View\View->render('admin/layout/ma...', Array, true)
#3 C:\wamp64\www\framework-template-ci4\app\Libraries\Template.php(18): view('admin/layout/ma...', Array)
#4 C:\wamp64\www\framework-template-ci4\app\Controllers\Admin\Dashboard.php(19): App\Libraries\Template->Cms('admin/dashboard...', Array)
#5 C:\wamp64\www\framework-template-ci4\vendor\codeigniter4\framework\system\CodeIgniter.php(824): App\Controllers\Admin\Dashboard->index()
#6 C:\wamp64\www\framework-template-ci4\vendor\codeigniter4\framework\system\CodeIgniter.php(410): CodeIgniter\CodeIgniter->runController(Object(App\Controllers\Admin\Dashboard))
#7 C:\wamp64\www\framework-template-ci4\vendor\codeigniter4\framework\system\CodeIgniter.php(318): CodeIgniter\CodeIgniter->handleRequest(NULL, Object(Config\Cache), false)
#8 C:\wamp64\www\framework-template-ci4\public\index.php(37): CodeIgniter\CodeIgniter->run()
#9 C:\wamp64\www\framework-template-ci4\vendor\codeigniter4\framework\system\Commands\Server\rewrite.php(43): require_once('C:\\wamp64\\www\\f...')
#10 {main}
CRITICAL - 2021-12-27 17:18:38 --> Undefined variable: classesModel
#0 C:\wamp64\www\framework-template-ci4\app\Controllers\Admin\Profile.php(24): CodeIgniter\Debug\Exceptions->errorHandler(8, 'Undefined varia...', 'C:\\wamp64\\www\\f...', 24, Array)
#1 C:\wamp64\www\framework-template-ci4\vendor\codeigniter4\framework\system\CodeIgniter.php(824): App\Controllers\Admin\Profile->index()
#2 C:\wamp64\www\framework-template-ci4\vendor\codeigniter4\framework\system\CodeIgniter.php(410): CodeIgniter\CodeIgniter->runController(Object(App\Controllers\Admin\Profile))
#3 C:\wamp64\www\framework-template-ci4\vendor\codeigniter4\framework\system\CodeIgniter.php(318): CodeIgniter\CodeIgniter->handleRequest(NULL, Object(Config\Cache), false)
#4 C:\wamp64\www\framework-template-ci4\public\index.php(37): CodeIgniter\CodeIgniter->run()
#5 C:\wamp64\www\framework-template-ci4\vendor\codeigniter4\framework\system\Commands\Server\rewrite.php(43): require_once('C:\\wamp64\\www\\f...')
#6 {main}
CRITICAL - 2021-12-27 17:18:50 --> You must set the database table to be used with your query.
#0 C:\wamp64\www\framework-template-ci4\vendor\codeigniter4\framework\system\Model.php(545): CodeIgniter\Database\BaseConnection->table(NULL)
#1 C:\wamp64\www\framework-template-ci4\vendor\codeigniter4\framework\system\Model.php(717): CodeIgniter\Model->builder()
#2 C:\wamp64\www\framework-template-ci4\app\Controllers\Admin\Profile.php(24): CodeIgniter\Model->__call('destroy', Array)
#3 C:\wamp64\www\framework-template-ci4\vendor\codeigniter4\framework\system\CodeIgniter.php(824): App\Controllers\Admin\Profile->index()
#4 C:\wamp64\www\framework-template-ci4\vendor\codeigniter4\framework\system\CodeIgniter.php(410): CodeIgniter\CodeIgniter->runController(Object(App\Controllers\Admin\Profile))
#5 C:\wamp64\www\framework-template-ci4\vendor\codeigniter4\framework\system\CodeIgniter.php(318): CodeIgniter\CodeIgniter->handleRequest(NULL, Object(Config\Cache), false)
#6 C:\wamp64\www\framework-template-ci4\public\index.php(37): CodeIgniter\CodeIgniter->run()
#7 C:\wamp64\www\framework-template-ci4\vendor\codeigniter4\framework\system\Commands\Server\rewrite.php(43): require_once('C:\\wamp64\\www\\f...')
#8 {main}
CRITICAL - 2021-12-27 17:19:22 --> Undefined variable: config
#0 C:\wamp64\www\framework-template-ci4\app\Controllers\Admin\Profile.php(24): CodeIgniter\Debug\Exceptions->errorHandler(8, 'Undefined varia...', 'C:\\wamp64\\www\\f...', 24, Array)
#1 C:\wamp64\www\framework-template-ci4\vendor\codeigniter4\framework\system\CodeIgniter.php(824): App\Controllers\Admin\Profile->index()
#2 C:\wamp64\www\framework-template-ci4\vendor\codeigniter4\framework\system\CodeIgniter.php(410): CodeIgniter\CodeIgniter->runController(Object(App\Controllers\Admin\Profile))
#3 C:\wamp64\www\framework-template-ci4\vendor\codeigniter4\framework\system\CodeIgniter.php(318): CodeIgniter\CodeIgniter->handleRequest(NULL, Object(Config\Cache), false)
#4 C:\wamp64\www\framework-template-ci4\public\index.php(37): CodeIgniter\CodeIgniter->run()
#5 C:\wamp64\www\framework-template-ci4\vendor\codeigniter4\framework\system\Commands\Server\rewrite.php(43): require_once('C:\\wamp64\\www\\f...')
#6 {main}
CRITICAL - 2021-12-27 17:19:57 --> Cannot use object of type stdClass as array
#0 C:\wamp64\www\framework-template-ci4\vendor\codeigniter4\framework\system\View\View.php(214): include()
#1 C:\wamp64\www\framework-template-ci4\vendor\codeigniter4\framework\system\View\View.php(217): CodeIgniter\View\View->CodeIgniter\View\{closure}()
#2 C:\wamp64\www\framework-template-ci4\vendor\codeigniter4\framework\system\Common.php(1097): CodeIgniter\View\View->render('admin/layout/ma...', Array, true)
#3 C:\wamp64\www\framework-template-ci4\app\Libraries\Template.php(18): view('admin/layout/ma...', Array)
#4 C:\wamp64\www\framework-template-ci4\app\Controllers\Admin\Profile.php(27): App\Libraries\Template->Cms('admin/profile/c...', Array)
#5 C:\wamp64\www\framework-template-ci4\vendor\codeigniter4\framework\system\CodeIgniter.php(824): App\Controllers\Admin\Profile->index()
#6 C:\wamp64\www\framework-template-ci4\vendor\codeigniter4\framework\system\CodeIgniter.php(410): CodeIgniter\CodeIgniter->runController(Object(App\Controllers\Admin\Profile))
#7 C:\wamp64\www\framework-template-ci4\vendor\codeigniter4\framework\system\CodeIgniter.php(318): CodeIgniter\CodeIgniter->handleRequest(NULL, Object(Config\Cache), false)
#8 C:\wamp64\www\framework-template-ci4\public\index.php(37): CodeIgniter\CodeIgniter->run()
#9 C:\wamp64\www\framework-template-ci4\vendor\codeigniter4\framework\system\Commands\Server\rewrite.php(43): require_once('C:\\wamp64\\www\\f...')
#10 {main}
