CRITICAL - 2021-10-15 00:44:46 --> Too few arguments to function CodeIgniter\Router\RouteCollection::add(), 1 passed in C:\wamp64\www\tms\app\Config\Routes.php on line 21 and at least 2 expected
#0 C:\wamp64\www\tms\app\Config\Routes.php(21): CodeIgniter\Router\RouteCollection->add('Main')
#1 C:\wamp64\www\tms\vendor\codeigniter4\framework\system\CodeIgniter.php(689): require('C:\\wamp64\\www\\t...')
#2 C:\wamp64\www\tms\vendor\codeigniter4\framework\system\CodeIgniter.php(358): CodeIgniter\CodeIgniter->tryToRouteIt(Object(CodeIgniter\Router\RouteCollection))
#3 C:\wamp64\www\tms\vendor\codeigniter4\framework\system\CodeIgniter.php(317): CodeIgniter\CodeIgniter->handleRequest(NULL, Object(Config\Cache), false)
#4 C:\wamp64\www\tms\public\index.php(37): CodeIgniter\CodeIgniter->run()
#5 C:\wamp64\www\tms\vendor\codeigniter4\framework\system\Commands\Server\rewrite.php(43): require_once('C:\\wamp64\\www\\t...')
#6 {main}
CRITICAL - 2021-10-15 00:44:57 --> Too few arguments to function CodeIgniter\Router\RouteCollection::add(), 1 passed in C:\wamp64\www\tms\app\Config\Routes.php on line 21 and at least 2 expected
#0 C:\wamp64\www\tms\app\Config\Routes.php(21): CodeIgniter\Router\RouteCollection->add('Main')
#1 C:\wamp64\www\tms\vendor\codeigniter4\framework\system\CodeIgniter.php(689): require('C:\\wamp64\\www\\t...')
#2 C:\wamp64\www\tms\vendor\codeigniter4\framework\system\CodeIgniter.php(358): CodeIgniter\CodeIgniter->tryToRouteIt(Object(CodeIgniter\Router\RouteCollection))
#3 C:\wamp64\www\tms\vendor\codeigniter4\framework\system\CodeIgniter.php(317): CodeIgniter\CodeIgniter->handleRequest(NULL, Object(Config\Cache), false)
#4 C:\wamp64\www\tms\public\index.php(37): CodeIgniter\CodeIgniter->run()
#5 C:\wamp64\www\tms\vendor\codeigniter4\framework\system\Commands\Server\rewrite.php(43): require_once('C:\\wamp64\\www\\t...')
#6 {main}
CRITICAL - 2021-10-15 00:48:20 --> Undefined variable: collection
#0 C:\wamp64\www\tms\app\Config\Routes.php(32): CodeIgniter\Debug\Exceptions->errorHandler(8, 'Undefined varia...', 'C:\\wamp64\\www\\t...', 32, Array)
#1 C:\wamp64\www\tms\vendor\codeigniter4\framework\system\CodeIgniter.php(689): require('C:\\wamp64\\www\\t...')
#2 C:\wamp64\www\tms\vendor\codeigniter4\framework\system\CodeIgniter.php(358): CodeIgniter\CodeIgniter->tryToRouteIt(Array)
#3 C:\wamp64\www\tms\vendor\codeigniter4\framework\system\CodeIgniter.php(317): CodeIgniter\CodeIgniter->handleRequest(NULL, Object(Config\Cache), false)
#4 C:\wamp64\www\tms\public\index.php(37): CodeIgniter\CodeIgniter->run()
#5 C:\wamp64\www\tms\vendor\codeigniter4\framework\system\Commands\Server\rewrite.php(43): require_once('C:\\wamp64\\www\\t...')
#6 {main}
CRITICAL - 2021-10-15 00:48:48 --> Call to a member function add() on array
#0 C:\wamp64\www\tms\vendor\codeigniter4\framework\system\CodeIgniter.php(689): require()
#1 C:\wamp64\www\tms\vendor\codeigniter4\framework\system\CodeIgniter.php(358): CodeIgniter\CodeIgniter->tryToRouteIt(Array)
#2 C:\wamp64\www\tms\vendor\codeigniter4\framework\system\CodeIgniter.php(317): CodeIgniter\CodeIgniter->handleRequest(NULL, Object(Config\Cache), false)
#3 C:\wamp64\www\tms\public\index.php(37): CodeIgniter\CodeIgniter->run()
#4 C:\wamp64\www\tms\vendor\codeigniter4\framework\system\Commands\Server\rewrite.php(43): require_once('C:\\wamp64\\www\\t...')
#5 {main}
CRITICAL - 2021-10-15 14:42:00 --> Undefined variable: someVar
#0 C:\wamp64\www\framework-template-ci4\app\Views\admin\component-login.php(1): CodeIgniter\Debug\Exceptions->errorHandler(8, 'Undefined varia...', 'C:\\wamp64\\www\\f...', 1, Array)
#1 C:\wamp64\www\framework-template-ci4\vendor\codeigniter4\framework\system\View\View.php(214): include('C:\\wamp64\\www\\f...')
#2 C:\wamp64\www\framework-template-ci4\vendor\codeigniter4\framework\system\View\View.php(217): CodeIgniter\View\View->CodeIgniter\View\{closure}()
#3 C:\wamp64\www\framework-template-ci4\vendor\codeigniter4\framework\system\Common.php(1092): CodeIgniter\View\View->render('admin/component...', Array, true)
#4 C:\wamp64\www\framework-template-ci4\app\Libraries\Template.php(22): view('admin/component...', Array)
#5 C:\wamp64\www\framework-template-ci4\app\Controllers\Admin\Login.php(10): App\Libraries\Template->Cms('admin/component...', Array)
#6 C:\wamp64\www\framework-template-ci4\vendor\codeigniter4\framework\system\CodeIgniter.php(802): App\Controllers\Admin\Login->index()
#7 C:\wamp64\www\framework-template-ci4\vendor\codeigniter4\framework\system\CodeIgniter.php(399): CodeIgniter\CodeIgniter->runController(Object(App\Controllers\Admin\Login))
#8 C:\wamp64\www\framework-template-ci4\vendor\codeigniter4\framework\system\CodeIgniter.php(317): CodeIgniter\CodeIgniter->handleRequest(NULL, Object(Config\Cache), false)
#9 C:\wamp64\www\framework-template-ci4\public\index.php(37): CodeIgniter\CodeIgniter->run()
#10 C:\wamp64\www\framework-template-ci4\vendor\codeigniter4\framework\system\Commands\Server\rewrite.php(43): require_once('C:\\wamp64\\www\\f...')
#11 {main}
CRITICAL - 2021-10-15 16:04:12 --> Invalid file: layout/header.php
#0 C:\wamp64\www\framework-template-ci4\vendor\codeigniter4\framework\system\View\View.php(198): CodeIgniter\Exceptions\FrameworkException::forInvalidFile('layout/header.p...')
#1 C:\wamp64\www\framework-template-ci4\vendor\codeigniter4\framework\system\Common.php(1092): CodeIgniter\View\View->render('layout/header', Array, true)
#2 C:\wamp64\www\framework-template-ci4\app\Libraries\Template.php(17): view('layout/header', Array)
#3 C:\wamp64\www\framework-template-ci4\app\Controllers\Admin\Dashboard.php(10): App\Libraries\Template->Cms('admin/dashboard...', Array)
#4 C:\wamp64\www\framework-template-ci4\vendor\codeigniter4\framework\system\CodeIgniter.php(802): App\Controllers\Admin\Dashboard->index()
#5 C:\wamp64\www\framework-template-ci4\vendor\codeigniter4\framework\system\CodeIgniter.php(399): CodeIgniter\CodeIgniter->runController(Object(App\Controllers\Admin\Dashboard))
#6 C:\wamp64\www\framework-template-ci4\vendor\codeigniter4\framework\system\CodeIgniter.php(317): CodeIgniter\CodeIgniter->handleRequest(NULL, Object(Config\Cache), false)
#7 C:\wamp64\www\framework-template-ci4\public\index.php(37): CodeIgniter\CodeIgniter->run()
#8 C:\wamp64\www\framework-template-ci4\vendor\codeigniter4\framework\system\Commands\Server\rewrite.php(43): require_once('C:\\wamp64\\www\\f...')
#9 {main}
CRITICAL - 2021-10-15 16:27:09 --> Too few arguments to function App\Controllers\Admin\Dashboard::form(), 0 passed in C:\wamp64\www\framework-template-ci4\vendor\codeigniter4\framework\system\CodeIgniter.php on line 802 and exactly 1 expected
#0 C:\wamp64\www\framework-template-ci4\vendor\codeigniter4\framework\system\CodeIgniter.php(802): App\Controllers\Admin\Dashboard->form()
#1 C:\wamp64\www\framework-template-ci4\vendor\codeigniter4\framework\system\CodeIgniter.php(399): CodeIgniter\CodeIgniter->runController(Object(App\Controllers\Admin\Dashboard))
#2 C:\wamp64\www\framework-template-ci4\vendor\codeigniter4\framework\system\CodeIgniter.php(317): CodeIgniter\CodeIgniter->handleRequest(NULL, Object(Config\Cache), false)
#3 C:\wamp64\www\framework-template-ci4\public\index.php(37): CodeIgniter\CodeIgniter->run()
#4 C:\wamp64\www\framework-template-ci4\vendor\codeigniter4\framework\system\Commands\Server\rewrite.php(43): require_once('C:\\wamp64\\www\\f...')
#5 {main}
CRITICAL - 2021-10-15 16:31:52 --> Use of undefined constant SITE_NAME - assumed 'SITE_NAME' (this will throw an Error in a future version of PHP)
#0 C:\wamp64\www\framework-template-ci4\app\Views\admin\layout\header.php(3): CodeIgniter\Debug\Exceptions->errorHandler(2, 'Use of undefine...', 'C:\\wamp64\\www\\f...', 3, Array)
#1 C:\wamp64\www\framework-template-ci4\vendor\codeigniter4\framework\system\View\View.php(214): include('C:\\wamp64\\www\\f...')
#2 C:\wamp64\www\framework-template-ci4\vendor\codeigniter4\framework\system\View\View.php(217): CodeIgniter\View\View->CodeIgniter\View\{closure}()
#3 C:\wamp64\www\framework-template-ci4\vendor\codeigniter4\framework\system\Common.php(1092): CodeIgniter\View\View->render('admin/layout/he...', Array, true)
#4 C:\wamp64\www\framework-template-ci4\app\Libraries\Template.php(17): view('admin/layout/he...', Array)
#5 C:\wamp64\www\framework-template-ci4\app\Controllers\Admin\Dashboard.php(10): App\Libraries\Template->Cms('admin/dashboard...', Array)
#6 C:\wamp64\www\framework-template-ci4\vendor\codeigniter4\framework\system\CodeIgniter.php(802): App\Controllers\Admin\Dashboard->index()
#7 C:\wamp64\www\framework-template-ci4\vendor\codeigniter4\framework\system\CodeIgniter.php(399): CodeIgniter\CodeIgniter->runController(Object(App\Controllers\Admin\Dashboard))
#8 C:\wamp64\www\framework-template-ci4\vendor\codeigniter4\framework\system\CodeIgniter.php(317): CodeIgniter\CodeIgniter->handleRequest(NULL, Object(Config\Cache), false)
#9 C:\wamp64\www\framework-template-ci4\public\index.php(37): CodeIgniter\CodeIgniter->run()
#10 C:\wamp64\www\framework-template-ci4\vendor\codeigniter4\framework\system\Commands\Server\rewrite.php(43): require_once('C:\\wamp64\\www\\f...')
#11 {main}
CRITICAL - 2021-10-15 16:32:06 --> Use of undefined constant SITE_NAME - assumed 'SITE_NAME' (this will throw an Error in a future version of PHP)
#0 C:\wamp64\www\framework-template-ci4\app\Views\admin\layout\header.php(3): CodeIgniter\Debug\Exceptions->errorHandler(2, 'Use of undefine...', 'C:\\wamp64\\www\\f...', 3, Array)
#1 C:\wamp64\www\framework-template-ci4\vendor\codeigniter4\framework\system\View\View.php(214): include('C:\\wamp64\\www\\f...')
#2 C:\wamp64\www\framework-template-ci4\vendor\codeigniter4\framework\system\View\View.php(217): CodeIgniter\View\View->CodeIgniter\View\{closure}()
#3 C:\wamp64\www\framework-template-ci4\vendor\codeigniter4\framework\system\Common.php(1092): CodeIgniter\View\View->render('admin/layout/he...', Array, true)
#4 C:\wamp64\www\framework-template-ci4\app\Libraries\Template.php(17): view('admin/layout/he...', Array)
#5 C:\wamp64\www\framework-template-ci4\app\Controllers\Admin\Dashboard.php(10): App\Libraries\Template->Cms('admin/dashboard...', Array)
#6 C:\wamp64\www\framework-template-ci4\vendor\codeigniter4\framework\system\CodeIgniter.php(802): App\Controllers\Admin\Dashboard->index()
#7 C:\wamp64\www\framework-template-ci4\vendor\codeigniter4\framework\system\CodeIgniter.php(399): CodeIgniter\CodeIgniter->runController(Object(App\Controllers\Admin\Dashboard))
#8 C:\wamp64\www\framework-template-ci4\vendor\codeigniter4\framework\system\CodeIgniter.php(317): CodeIgniter\CodeIgniter->handleRequest(NULL, Object(Config\Cache), false)
#9 C:\wamp64\www\framework-template-ci4\public\index.php(37): CodeIgniter\CodeIgniter->run()
#10 C:\wamp64\www\framework-template-ci4\vendor\codeigniter4\framework\system\Commands\Server\rewrite.php(43): require_once('C:\\wamp64\\www\\f...')
#11 {main}
CRITICAL - 2021-10-15 16:34:02 --> Undefined property: CodeIgniter\View\View::$uri
#0 C:\wamp64\www\framework-template-ci4\app\Views\admin\layout\header.php(3): CodeIgniter\Debug\Exceptions->errorHandler(8, 'Undefined prope...', 'C:\\wamp64\\www\\f...', 3, Array)
#1 C:\wamp64\www\framework-template-ci4\vendor\codeigniter4\framework\system\View\View.php(214): include('C:\\wamp64\\www\\f...')
#2 C:\wamp64\www\framework-template-ci4\vendor\codeigniter4\framework\system\View\View.php(217): CodeIgniter\View\View->CodeIgniter\View\{closure}()
#3 C:\wamp64\www\framework-template-ci4\vendor\codeigniter4\framework\system\Common.php(1092): CodeIgniter\View\View->render('admin/layout/he...', Array, true)
#4 C:\wamp64\www\framework-template-ci4\app\Libraries\Template.php(17): view('admin/layout/he...', Array)
#5 C:\wamp64\www\framework-template-ci4\app\Controllers\Admin\Dashboard.php(10): App\Libraries\Template->Cms('admin/dashboard...', Array)
#6 C:\wamp64\www\framework-template-ci4\vendor\codeigniter4\framework\system\CodeIgniter.php(802): App\Controllers\Admin\Dashboard->index()
#7 C:\wamp64\www\framework-template-ci4\vendor\codeigniter4\framework\system\CodeIgniter.php(399): CodeIgniter\CodeIgniter->runController(Object(App\Controllers\Admin\Dashboard))
#8 C:\wamp64\www\framework-template-ci4\vendor\codeigniter4\framework\system\CodeIgniter.php(317): CodeIgniter\CodeIgniter->handleRequest(NULL, Object(Config\Cache), false)
#9 C:\wamp64\www\framework-template-ci4\public\index.php(37): CodeIgniter\CodeIgniter->run()
#10 C:\wamp64\www\framework-template-ci4\vendor\codeigniter4\framework\system\Commands\Server\rewrite.php(43): require_once('C:\\wamp64\\www\\f...')
#11 {main}
CRITICAL - 2021-10-15 16:34:34 --> Use of undefined constant SYSTEM_LIBRARIES - assumed 'SYSTEM_LIBRARIES' (this will throw an Error in a future version of PHP)
#0 C:\wamp64\www\framework-template-ci4\app\Views\admin\layout\header.php(5): CodeIgniter\Debug\Exceptions->errorHandler(2, 'Use of undefine...', 'C:\\wamp64\\www\\f...', 5, Array)
#1 C:\wamp64\www\framework-template-ci4\vendor\codeigniter4\framework\system\View\View.php(214): include('C:\\wamp64\\www\\f...')
#2 C:\wamp64\www\framework-template-ci4\vendor\codeigniter4\framework\system\View\View.php(217): CodeIgniter\View\View->CodeIgniter\View\{closure}()
#3 C:\wamp64\www\framework-template-ci4\vendor\codeigniter4\framework\system\Common.php(1092): CodeIgniter\View\View->render('admin/layout/he...', Array, true)
#4 C:\wamp64\www\framework-template-ci4\app\Libraries\Template.php(17): view('admin/layout/he...', Array)
#5 C:\wamp64\www\framework-template-ci4\app\Controllers\Admin\Dashboard.php(10): App\Libraries\Template->Cms('admin/dashboard...', Array)
#6 C:\wamp64\www\framework-template-ci4\vendor\codeigniter4\framework\system\CodeIgniter.php(802): App\Controllers\Admin\Dashboard->index()
#7 C:\wamp64\www\framework-template-ci4\vendor\codeigniter4\framework\system\CodeIgniter.php(399): CodeIgniter\CodeIgniter->runController(Object(App\Controllers\Admin\Dashboard))
#8 C:\wamp64\www\framework-template-ci4\vendor\codeigniter4\framework\system\CodeIgniter.php(317): CodeIgniter\CodeIgniter->handleRequest(NULL, Object(Config\Cache), false)
#9 C:\wamp64\www\framework-template-ci4\public\index.php(37): CodeIgniter\CodeIgniter->run()
#10 C:\wamp64\www\framework-template-ci4\vendor\codeigniter4\framework\system\Commands\Server\rewrite.php(43): require_once('C:\\wamp64\\www\\f...')
#11 {main}
CRITICAL - 2021-10-15 16:39:45 --> Undefined variable: files
#0 C:\wamp64\www\framework-template-ci4\app\Views\admin\layout\header.php(1): CodeIgniter\Debug\Exceptions->errorHandler(8, 'Undefined varia...', 'C:\\wamp64\\www\\f...', 1, Array)
#1 C:\wamp64\www\framework-template-ci4\vendor\codeigniter4\framework\system\View\View.php(214): include('C:\\wamp64\\www\\f...')
#2 C:\wamp64\www\framework-template-ci4\vendor\codeigniter4\framework\system\View\View.php(217): CodeIgniter\View\View->CodeIgniter\View\{closure}()
#3 C:\wamp64\www\framework-template-ci4\vendor\codeigniter4\framework\system\Common.php(1092): CodeIgniter\View\View->render('admin/layout/he...', Array, true)
#4 C:\wamp64\www\framework-template-ci4\app\Libraries\Template.php(17): view('admin/layout/he...', Array)
#5 C:\wamp64\www\framework-template-ci4\app\Controllers\Admin\Dashboard.php(10): App\Libraries\Template->Cms('admin/dashboard...', Array)
#6 C:\wamp64\www\framework-template-ci4\vendor\codeigniter4\framework\system\CodeIgniter.php(802): App\Controllers\Admin\Dashboard->index()
#7 C:\wamp64\www\framework-template-ci4\vendor\codeigniter4\framework\system\CodeIgniter.php(399): CodeIgniter\CodeIgniter->runController(Object(App\Controllers\Admin\Dashboard))
#8 C:\wamp64\www\framework-template-ci4\vendor\codeigniter4\framework\system\CodeIgniter.php(317): CodeIgniter\CodeIgniter->handleRequest(NULL, Object(Config\Cache), false)
#9 C:\wamp64\www\framework-template-ci4\public\index.php(37): CodeIgniter\CodeIgniter->run()
#10 C:\wamp64\www\framework-template-ci4\vendor\codeigniter4\framework\system\Commands\Server\rewrite.php(43): require_once('C:\\wamp64\\www\\f...')
#11 {main}
CRITICAL - 2021-10-15 16:54:25 --> Undefined variable: files
#0 C:\wamp64\www\framework-template-ci4\app\Views\admin\layout\header.php(1): CodeIgniter\Debug\Exceptions->errorHandler(8, 'Undefined varia...', 'C:\\wamp64\\www\\f...', 1, Array)
#1 C:\wamp64\www\framework-template-ci4\vendor\codeigniter4\framework\system\View\View.php(214): include('C:\\wamp64\\www\\f...')
#2 C:\wamp64\www\framework-template-ci4\vendor\codeigniter4\framework\system\View\View.php(217): CodeIgniter\View\View->CodeIgniter\View\{closure}()
#3 C:\wamp64\www\framework-template-ci4\vendor\codeigniter4\framework\system\Common.php(1092): CodeIgniter\View\View->render('admin/layout/he...', Array, true)
#4 C:\wamp64\www\framework-template-ci4\app\Libraries\Template.php(17): view('admin/layout/he...', Array)
#5 C:\wamp64\www\framework-template-ci4\app\Controllers\Admin\Dashboard.php(10): App\Libraries\Template->Cms('admin/dashboard...', Array)
#6 C:\wamp64\www\framework-template-ci4\vendor\codeigniter4\framework\system\CodeIgniter.php(802): App\Controllers\Admin\Dashboard->index()
#7 C:\wamp64\www\framework-template-ci4\vendor\codeigniter4\framework\system\CodeIgniter.php(399): CodeIgniter\CodeIgniter->runController(Object(App\Controllers\Admin\Dashboard))
#8 C:\wamp64\www\framework-template-ci4\vendor\codeigniter4\framework\system\CodeIgniter.php(317): CodeIgniter\CodeIgniter->handleRequest(NULL, Object(Config\Cache), false)
#9 C:\wamp64\www\framework-template-ci4\public\index.php(37): CodeIgniter\CodeIgniter->run()
#10 C:\wamp64\www\framework-template-ci4\vendor\codeigniter4\framework\system\Commands\Server\rewrite.php(43): require_once('C:\\wamp64\\www\\f...')
#11 {main}
CRITICAL - 2021-10-15 16:54:25 --> Uncaught ErrorException: Cannot modify header information - headers already sent by (output started at C:\wamp64\www\framework-template-ci4\app\Config\Events.php:32) in C:\wamp64\www\framework-template-ci4\vendor\codeigniter4\framework\system\Debug\Exceptions.php:123
Stack trace:
#0 [internal function]: CodeIgniter\Debug\Exceptions->errorHandler(2, 'Cannot modify h...', 'C:\\wamp64\\www\\f...', 123, Array)
#1 C:\wamp64\www\framework-template-ci4\vendor\codeigniter4\framework\system\Debug\Exceptions.php(123): header('HTTP/1.1 500 In...', true, 500)
#2 [internal function]: CodeIgniter\Debug\Exceptions->exceptionHandler(Object(ErrorException))
#3 {main}
  thrown
#0 [internal function]: CodeIgniter\Debug\Exceptions->shutdownHandler()
#1 {main}
CRITICAL - 2021-10-15 16:59:42 --> Undefined variable: files
#0 C:\wamp64\www\framework-template-ci4\app\Views\admin\layout\header.php(1): CodeIgniter\Debug\Exceptions->errorHandler(8, 'Undefined varia...', 'C:\\wamp64\\www\\f...', 1, Array)
#1 C:\wamp64\www\framework-template-ci4\vendor\codeigniter4\framework\system\View\View.php(214): include('C:\\wamp64\\www\\f...')
#2 C:\wamp64\www\framework-template-ci4\vendor\codeigniter4\framework\system\View\View.php(217): CodeIgniter\View\View->CodeIgniter\View\{closure}()
#3 C:\wamp64\www\framework-template-ci4\vendor\codeigniter4\framework\system\Common.php(1092): CodeIgniter\View\View->render('admin/layout/he...', Array, true)
#4 C:\wamp64\www\framework-template-ci4\app\Libraries\Template.php(17): view('admin/layout/he...', Array)
#5 C:\wamp64\www\framework-template-ci4\app\Controllers\Admin\Dashboard.php(10): App\Libraries\Template->Cms('admin/dashboard...', Array)
#6 C:\wamp64\www\framework-template-ci4\vendor\codeigniter4\framework\system\CodeIgniter.php(802): App\Controllers\Admin\Dashboard->index()
#7 C:\wamp64\www\framework-template-ci4\vendor\codeigniter4\framework\system\CodeIgniter.php(399): CodeIgniter\CodeIgniter->runController(Object(App\Controllers\Admin\Dashboard))
#8 C:\wamp64\www\framework-template-ci4\vendor\codeigniter4\framework\system\CodeIgniter.php(317): CodeIgniter\CodeIgniter->handleRequest(NULL, Object(Config\Cache), false)
#9 C:\wamp64\www\framework-template-ci4\public\index.php(37): CodeIgniter\CodeIgniter->run()
#10 C:\wamp64\www\framework-template-ci4\vendor\codeigniter4\framework\system\Commands\Server\rewrite.php(43): require_once('C:\\wamp64\\www\\f...')
#11 {main}
CRITICAL - 2021-10-15 17:21:55 --> Undefined property: CodeIgniter\View\View::$session
#0 C:\wamp64\www\framework-template-ci4\app\Views\admin\layout\mainHeader.php(209): CodeIgniter\Debug\Exceptions->errorHandler(8, 'Undefined prope...', 'C:\\wamp64\\www\\f...', 209, Array)
#1 C:\wamp64\www\framework-template-ci4\vendor\codeigniter4\framework\system\View\View.php(214): include('C:\\wamp64\\www\\f...')
#2 C:\wamp64\www\framework-template-ci4\vendor\codeigniter4\framework\system\View\View.php(217): CodeIgniter\View\View->CodeIgniter\View\{closure}()
#3 C:\wamp64\www\framework-template-ci4\vendor\codeigniter4\framework\system\Common.php(1092): CodeIgniter\View\View->render('admin/layout/ma...', Array, true)
#4 C:\wamp64\www\framework-template-ci4\app\Libraries\Template.php(18): view('admin/layout/ma...', Array)
#5 C:\wamp64\www\framework-template-ci4\app\Controllers\Admin\Dashboard.php(10): App\Libraries\Template->Cms('admin/dashboard...', Array)
#6 C:\wamp64\www\framework-template-ci4\vendor\codeigniter4\framework\system\CodeIgniter.php(802): App\Controllers\Admin\Dashboard->index()
#7 C:\wamp64\www\framework-template-ci4\vendor\codeigniter4\framework\system\CodeIgniter.php(399): CodeIgniter\CodeIgniter->runController(Object(App\Controllers\Admin\Dashboard))
#8 C:\wamp64\www\framework-template-ci4\vendor\codeigniter4\framework\system\CodeIgniter.php(317): CodeIgniter\CodeIgniter->handleRequest(NULL, Object(Config\Cache), false)
#9 C:\wamp64\www\framework-template-ci4\public\index.php(37): CodeIgniter\CodeIgniter->run()
#10 C:\wamp64\www\framework-template-ci4\vendor\codeigniter4\framework\system\Commands\Server\rewrite.php(43): require_once('C:\\wamp64\\www\\f...')
#11 {main}
CRITICAL - 2021-10-15 17:22:44 --> Undefined property: CodeIgniter\View\View::$session
#0 C:\wamp64\www\framework-template-ci4\app\Views\admin\layout\mainHeader.php(209): CodeIgniter\Debug\Exceptions->errorHandler(8, 'Undefined prope...', 'C:\\wamp64\\www\\f...', 209, Array)
#1 C:\wamp64\www\framework-template-ci4\vendor\codeigniter4\framework\system\View\View.php(214): include('C:\\wamp64\\www\\f...')
#2 C:\wamp64\www\framework-template-ci4\vendor\codeigniter4\framework\system\View\View.php(217): CodeIgniter\View\View->CodeIgniter\View\{closure}()
#3 C:\wamp64\www\framework-template-ci4\vendor\codeigniter4\framework\system\Common.php(1092): CodeIgniter\View\View->render('admin/layout/ma...', Array, true)
#4 C:\wamp64\www\framework-template-ci4\app\Libraries\Template.php(18): view('admin/layout/ma...', Array)
#5 C:\wamp64\www\framework-template-ci4\app\Controllers\Admin\Dashboard.php(10): App\Libraries\Template->Cms('admin/dashboard...', Array)
#6 C:\wamp64\www\framework-template-ci4\vendor\codeigniter4\framework\system\CodeIgniter.php(802): App\Controllers\Admin\Dashboard->index()
#7 C:\wamp64\www\framework-template-ci4\vendor\codeigniter4\framework\system\CodeIgniter.php(399): CodeIgniter\CodeIgniter->runController(Object(App\Controllers\Admin\Dashboard))
#8 C:\wamp64\www\framework-template-ci4\vendor\codeigniter4\framework\system\CodeIgniter.php(317): CodeIgniter\CodeIgniter->handleRequest(NULL, Object(Config\Cache), false)
#9 C:\wamp64\www\framework-template-ci4\public\index.php(37): CodeIgniter\CodeIgniter->run()
#10 C:\wamp64\www\framework-template-ci4\vendor\codeigniter4\framework\system\Commands\Server\rewrite.php(43): require_once('C:\\wamp64\\www\\f...')
#11 {main}
CRITICAL - 2021-10-15 17:23:23 --> Undefined property: CodeIgniter\View\View::$session
#0 C:\wamp64\www\framework-template-ci4\app\Views\admin\layout\controlSidebar.php(34): CodeIgniter\Debug\Exceptions->errorHandler(8, 'Undefined prope...', 'C:\\wamp64\\www\\f...', 34, Array)
#1 C:\wamp64\www\framework-template-ci4\vendor\codeigniter4\framework\system\View\View.php(214): include('C:\\wamp64\\www\\f...')
#2 C:\wamp64\www\framework-template-ci4\vendor\codeigniter4\framework\system\View\View.php(217): CodeIgniter\View\View->CodeIgniter\View\{closure}()
#3 C:\wamp64\www\framework-template-ci4\vendor\codeigniter4\framework\system\Common.php(1092): CodeIgniter\View\View->render('admin/layout/co...', Array, true)
#4 C:\wamp64\www\framework-template-ci4\app\Libraries\Template.php(20): view('admin/layout/co...', Array)
#5 C:\wamp64\www\framework-template-ci4\app\Controllers\Admin\Dashboard.php(10): App\Libraries\Template->Cms('admin/dashboard...', Array)
#6 C:\wamp64\www\framework-template-ci4\vendor\codeigniter4\framework\system\CodeIgniter.php(802): App\Controllers\Admin\Dashboard->index()
#7 C:\wamp64\www\framework-template-ci4\vendor\codeigniter4\framework\system\CodeIgniter.php(399): CodeIgniter\CodeIgniter->runController(Object(App\Controllers\Admin\Dashboard))
#8 C:\wamp64\www\framework-template-ci4\vendor\codeigniter4\framework\system\CodeIgniter.php(317): CodeIgniter\CodeIgniter->handleRequest(NULL, Object(Config\Cache), false)
#9 C:\wamp64\www\framework-template-ci4\public\index.php(37): CodeIgniter\CodeIgniter->run()
#10 C:\wamp64\www\framework-template-ci4\vendor\codeigniter4\framework\system\Commands\Server\rewrite.php(43): require_once('C:\\wamp64\\www\\f...')
#11 {main}
CRITICAL - 2021-10-15 17:26:20 --> Undefined property: CodeIgniter\View\View::$session
#0 C:\wamp64\www\framework-template-ci4\app\Views\admin\layout\mainSidebar.php(58): CodeIgniter\Debug\Exceptions->errorHandler(8, 'Undefined prope...', 'C:\\wamp64\\www\\f...', 58, Array)
#1 C:\wamp64\www\framework-template-ci4\vendor\codeigniter4\framework\system\View\View.php(214): include('C:\\wamp64\\www\\f...')
#2 C:\wamp64\www\framework-template-ci4\vendor\codeigniter4\framework\system\View\View.php(217): CodeIgniter\View\View->CodeIgniter\View\{closure}()
#3 C:\wamp64\www\framework-template-ci4\vendor\codeigniter4\framework\system\Common.php(1092): CodeIgniter\View\View->render('admin/layout/ma...', Array, true)
#4 C:\wamp64\www\framework-template-ci4\app\Libraries\Template.php(19): view('admin/layout/ma...', Array)
#5 C:\wamp64\www\framework-template-ci4\app\Controllers\Admin\Dashboard.php(10): App\Libraries\Template->Cms('admin/dashboard...', Array)
#6 C:\wamp64\www\framework-template-ci4\vendor\codeigniter4\framework\system\CodeIgniter.php(802): App\Controllers\Admin\Dashboard->index()
#7 C:\wamp64\www\framework-template-ci4\vendor\codeigniter4\framework\system\CodeIgniter.php(399): CodeIgniter\CodeIgniter->runController(Object(App\Controllers\Admin\Dashboard))
#8 C:\wamp64\www\framework-template-ci4\vendor\codeigniter4\framework\system\CodeIgniter.php(317): CodeIgniter\CodeIgniter->handleRequest(NULL, Object(Config\Cache), false)
#9 C:\wamp64\www\framework-template-ci4\public\index.php(37): CodeIgniter\CodeIgniter->run()
#10 C:\wamp64\www\framework-template-ci4\vendor\codeigniter4\framework\system\Commands\Server\rewrite.php(43): require_once('C:\\wamp64\\www\\f...')
#11 {main}
CRITICAL - 2021-10-15 17:27:36 --> Undefined property: CodeIgniter\View\View::$uri
#0 C:\wamp64\www\framework-template-ci4\app\Views\admin\layout\breadcrumb.php(3): CodeIgniter\Debug\Exceptions->errorHandler(8, 'Undefined prope...', 'C:\\wamp64\\www\\f...', 3, Array)
#1 C:\wamp64\www\framework-template-ci4\vendor\codeigniter4\framework\system\View\View.php(214): include('C:\\wamp64\\www\\f...')
#2 C:\wamp64\www\framework-template-ci4\vendor\codeigniter4\framework\system\View\View.php(217): CodeIgniter\View\View->CodeIgniter\View\{closure}()
#3 C:\wamp64\www\framework-template-ci4\vendor\codeigniter4\framework\system\Common.php(1092): CodeIgniter\View\View->render('admin/layout/br...', Array, true)
#4 C:\wamp64\www\framework-template-ci4\app\Libraries\Template.php(21): view('admin/layout/br...', Array)
#5 C:\wamp64\www\framework-template-ci4\app\Controllers\Admin\Dashboard.php(10): App\Libraries\Template->Cms('admin/dashboard...', Array)
#6 C:\wamp64\www\framework-template-ci4\vendor\codeigniter4\framework\system\CodeIgniter.php(802): App\Controllers\Admin\Dashboard->index()
#7 C:\wamp64\www\framework-template-ci4\vendor\codeigniter4\framework\system\CodeIgniter.php(399): CodeIgniter\CodeIgniter->runController(Object(App\Controllers\Admin\Dashboard))
#8 C:\wamp64\www\framework-template-ci4\vendor\codeigniter4\framework\system\CodeIgniter.php(317): CodeIgniter\CodeIgniter->handleRequest(NULL, Object(Config\Cache), false)
#9 C:\wamp64\www\framework-template-ci4\public\index.php(37): CodeIgniter\CodeIgniter->run()
#10 C:\wamp64\www\framework-template-ci4\vendor\codeigniter4\framework\system\Commands\Server\rewrite.php(43): require_once('C:\\wamp64\\www\\f...')
#11 {main}
CRITICAL - 2021-10-15 17:32:37 --> Undefined property: CodeIgniter\View\View::$uri
#0 C:\wamp64\www\framework-template-ci4\app\Views\admin\layout\breadcrumb.php(4): CodeIgniter\Debug\Exceptions->errorHandler(8, 'Undefined prope...', 'C:\\wamp64\\www\\f...', 4, Array)
#1 C:\wamp64\www\framework-template-ci4\vendor\codeigniter4\framework\system\View\View.php(214): include('C:\\wamp64\\www\\f...')
#2 C:\wamp64\www\framework-template-ci4\vendor\codeigniter4\framework\system\View\View.php(217): CodeIgniter\View\View->CodeIgniter\View\{closure}()
#3 C:\wamp64\www\framework-template-ci4\vendor\codeigniter4\framework\system\Common.php(1092): CodeIgniter\View\View->render('admin/layout/br...', Array, true)
#4 C:\wamp64\www\framework-template-ci4\app\Libraries\Template.php(21): view('admin/layout/br...', Array)
#5 C:\wamp64\www\framework-template-ci4\app\Controllers\Admin\Dashboard.php(10): App\Libraries\Template->Cms('admin/dashboard...', Array)
#6 C:\wamp64\www\framework-template-ci4\vendor\codeigniter4\framework\system\CodeIgniter.php(802): App\Controllers\Admin\Dashboard->index()
#7 C:\wamp64\www\framework-template-ci4\vendor\codeigniter4\framework\system\CodeIgniter.php(399): CodeIgniter\CodeIgniter->runController(Object(App\Controllers\Admin\Dashboard))
#8 C:\wamp64\www\framework-template-ci4\vendor\codeigniter4\framework\system\CodeIgniter.php(317): CodeIgniter\CodeIgniter->handleRequest(NULL, Object(Config\Cache), false)
#9 C:\wamp64\www\framework-template-ci4\public\index.php(37): CodeIgniter\CodeIgniter->run()
#10 C:\wamp64\www\framework-template-ci4\vendor\codeigniter4\framework\system\Commands\Server\rewrite.php(43): require_once('C:\\wamp64\\www\\f...')
#11 {main}
CRITICAL - 2021-10-15 17:33:35 --> Undefined property: CodeIgniter\HTTP\URI::$uri_string
#0 C:\wamp64\www\framework-template-ci4\app\Views\admin\layout\breadcrumb.php(4): CodeIgniter\Debug\Exceptions->errorHandler(8, 'Undefined prope...', 'C:\\wamp64\\www\\f...', 4, Array)
#1 C:\wamp64\www\framework-template-ci4\vendor\codeigniter4\framework\system\View\View.php(214): include('C:\\wamp64\\www\\f...')
#2 C:\wamp64\www\framework-template-ci4\vendor\codeigniter4\framework\system\View\View.php(217): CodeIgniter\View\View->CodeIgniter\View\{closure}()
#3 C:\wamp64\www\framework-template-ci4\vendor\codeigniter4\framework\system\Common.php(1092): CodeIgniter\View\View->render('admin/layout/br...', Array, true)
#4 C:\wamp64\www\framework-template-ci4\app\Libraries\Template.php(21): view('admin/layout/br...', Array)
#5 C:\wamp64\www\framework-template-ci4\app\Controllers\Admin\Dashboard.php(10): App\Libraries\Template->Cms('admin/dashboard...', Array)
#6 C:\wamp64\www\framework-template-ci4\vendor\codeigniter4\framework\system\CodeIgniter.php(802): App\Controllers\Admin\Dashboard->index()
#7 C:\wamp64\www\framework-template-ci4\vendor\codeigniter4\framework\system\CodeIgniter.php(399): CodeIgniter\CodeIgniter->runController(Object(App\Controllers\Admin\Dashboard))
#8 C:\wamp64\www\framework-template-ci4\vendor\codeigniter4\framework\system\CodeIgniter.php(317): CodeIgniter\CodeIgniter->handleRequest(NULL, Object(Config\Cache), false)
#9 C:\wamp64\www\framework-template-ci4\public\index.php(37): CodeIgniter\CodeIgniter->run()
#10 C:\wamp64\www\framework-template-ci4\vendor\codeigniter4\framework\system\Commands\Server\rewrite.php(43): require_once('C:\\wamp64\\www\\f...')
#11 {main}
CRITICAL - 2021-10-15 17:43:08 --> Undefined property: CodeIgniter\View\View::$uri
#0 C:\wamp64\www\framework-template-ci4\app\Views\admin\layout\breadcrumb.php(3): CodeIgniter\Debug\Exceptions->errorHandler(8, 'Undefined prope...', 'C:\\wamp64\\www\\f...', 3, Array)
#1 C:\wamp64\www\framework-template-ci4\vendor\codeigniter4\framework\system\View\View.php(214): include('C:\\wamp64\\www\\f...')
#2 C:\wamp64\www\framework-template-ci4\vendor\codeigniter4\framework\system\View\View.php(217): CodeIgniter\View\View->CodeIgniter\View\{closure}()
#3 C:\wamp64\www\framework-template-ci4\vendor\codeigniter4\framework\system\Common.php(1092): CodeIgniter\View\View->render('admin/layout/br...', Array, true)
#4 C:\wamp64\www\framework-template-ci4\app\Libraries\Template.php(21): view('admin/layout/br...', Array)
#5 C:\wamp64\www\framework-template-ci4\app\Controllers\Admin\Dashboard.php(10): App\Libraries\Template->Cms('admin/dashboard...', Array)
#6 C:\wamp64\www\framework-template-ci4\vendor\codeigniter4\framework\system\CodeIgniter.php(802): App\Controllers\Admin\Dashboard->index()
#7 C:\wamp64\www\framework-template-ci4\vendor\codeigniter4\framework\system\CodeIgniter.php(399): CodeIgniter\CodeIgniter->runController(Object(App\Controllers\Admin\Dashboard))
#8 C:\wamp64\www\framework-template-ci4\vendor\codeigniter4\framework\system\CodeIgniter.php(317): CodeIgniter\CodeIgniter->handleRequest(NULL, Object(Config\Cache), false)
#9 C:\wamp64\www\framework-template-ci4\public\index.php(37): CodeIgniter\CodeIgniter->run()
#10 C:\wamp64\www\framework-template-ci4\vendor\codeigniter4\framework\system\Commands\Server\rewrite.php(43): require_once('C:\\wamp64\\www\\f...')
#11 {main}
CRITICAL - 2021-10-15 17:56:06 --> Undefined property: CodeIgniter\View\View::$url
#0 C:\wamp64\www\framework-template-ci4\app\Views\admin\layout\breadcrumb.php(3): CodeIgniter\Debug\Exceptions->errorHandler(8, 'Undefined prope...', 'C:\\wamp64\\www\\f...', 3, Array)
#1 C:\wamp64\www\framework-template-ci4\vendor\codeigniter4\framework\system\View\View.php(214): include('C:\\wamp64\\www\\f...')
#2 C:\wamp64\www\framework-template-ci4\vendor\codeigniter4\framework\system\View\View.php(217): CodeIgniter\View\View->CodeIgniter\View\{closure}()
#3 C:\wamp64\www\framework-template-ci4\vendor\codeigniter4\framework\system\Common.php(1092): CodeIgniter\View\View->render('admin/layout/br...', Array, true)
#4 C:\wamp64\www\framework-template-ci4\app\Libraries\Template.php(21): view('admin/layout/br...', Array)
#5 C:\wamp64\www\framework-template-ci4\app\Controllers\Admin\Dashboard.php(10): App\Libraries\Template->Cms('admin/dashboard...', Array)
#6 C:\wamp64\www\framework-template-ci4\vendor\codeigniter4\framework\system\CodeIgniter.php(802): App\Controllers\Admin\Dashboard->index()
#7 C:\wamp64\www\framework-template-ci4\vendor\codeigniter4\framework\system\CodeIgniter.php(399): CodeIgniter\CodeIgniter->runController(Object(App\Controllers\Admin\Dashboard))
#8 C:\wamp64\www\framework-template-ci4\vendor\codeigniter4\framework\system\CodeIgniter.php(317): CodeIgniter\CodeIgniter->handleRequest(NULL, Object(Config\Cache), false)
#9 C:\wamp64\www\framework-template-ci4\public\index.php(37): CodeIgniter\CodeIgniter->run()
#10 C:\wamp64\www\framework-template-ci4\vendor\codeigniter4\framework\system\Commands\Server\rewrite.php(43): require_once('C:\\wamp64\\www\\f...')
#11 {main}
CRITICAL - 2021-10-15 17:57:30 --> Undefined property: CodeIgniter\View\View::$request
#0 C:\wamp64\www\framework-template-ci4\app\Views\admin\layout\breadcrumb.php(3): CodeIgniter\Debug\Exceptions->errorHandler(8, 'Undefined prope...', 'C:\\wamp64\\www\\f...', 3, Array)
#1 C:\wamp64\www\framework-template-ci4\vendor\codeigniter4\framework\system\View\View.php(214): include('C:\\wamp64\\www\\f...')
#2 C:\wamp64\www\framework-template-ci4\vendor\codeigniter4\framework\system\View\View.php(217): CodeIgniter\View\View->CodeIgniter\View\{closure}()
#3 C:\wamp64\www\framework-template-ci4\vendor\codeigniter4\framework\system\Common.php(1092): CodeIgniter\View\View->render('admin/layout/br...', Array, true)
#4 C:\wamp64\www\framework-template-ci4\app\Libraries\Template.php(21): view('admin/layout/br...', Array)
#5 C:\wamp64\www\framework-template-ci4\app\Controllers\Admin\Dashboard.php(10): App\Libraries\Template->Cms('admin/dashboard...', Array)
#6 C:\wamp64\www\framework-template-ci4\vendor\codeigniter4\framework\system\CodeIgniter.php(802): App\Controllers\Admin\Dashboard->index()
#7 C:\wamp64\www\framework-template-ci4\vendor\codeigniter4\framework\system\CodeIgniter.php(399): CodeIgniter\CodeIgniter->runController(Object(App\Controllers\Admin\Dashboard))
#8 C:\wamp64\www\framework-template-ci4\vendor\codeigniter4\framework\system\CodeIgniter.php(317): CodeIgniter\CodeIgniter->handleRequest(NULL, Object(Config\Cache), false)
#9 C:\wamp64\www\framework-template-ci4\public\index.php(37): CodeIgniter\CodeIgniter->run()
#10 C:\wamp64\www\framework-template-ci4\vendor\codeigniter4\framework\system\Commands\Server\rewrite.php(43): require_once('C:\\wamp64\\www\\f...')
#11 {main}
CRITICAL - 2021-10-15 18:00:41 --> Undefined property: App\Libraries\Template::$request
#0 C:\wamp64\www\framework-template-ci4\app\Libraries\Template.php(16): CodeIgniter\Debug\Exceptions->errorHandler(8, 'Undefined prope...', 'C:\\wamp64\\www\\f...', 16, Array)
#1 C:\wamp64\www\framework-template-ci4\app\Controllers\Admin\Dashboard.php(11): App\Libraries\Template->Cms('admin/dashboard...', Array)
#2 C:\wamp64\www\framework-template-ci4\vendor\codeigniter4\framework\system\CodeIgniter.php(802): App\Controllers\Admin\Dashboard->index()
#3 C:\wamp64\www\framework-template-ci4\vendor\codeigniter4\framework\system\CodeIgniter.php(399): CodeIgniter\CodeIgniter->runController(Object(App\Controllers\Admin\Dashboard))
#4 C:\wamp64\www\framework-template-ci4\vendor\codeigniter4\framework\system\CodeIgniter.php(317): CodeIgniter\CodeIgniter->handleRequest(NULL, Object(Config\Cache), false)
#5 C:\wamp64\www\framework-template-ci4\public\index.php(37): CodeIgniter\CodeIgniter->run()
#6 C:\wamp64\www\framework-template-ci4\vendor\codeigniter4\framework\system\Commands\Server\rewrite.php(43): require_once('C:\\wamp64\\www\\f...')
#7 {main}
CRITICAL - 2021-10-15 18:02:28 --> Undefined property: CodeIgniter\HTTP\URI::$uri_string
#0 C:\wamp64\www\framework-template-ci4\app\Views\admin\layout\breadcrumb.php(4): CodeIgniter\Debug\Exceptions->errorHandler(8, 'Undefined prope...', 'C:\\wamp64\\www\\f...', 4, Array)
#1 C:\wamp64\www\framework-template-ci4\vendor\codeigniter4\framework\system\View\View.php(214): include('C:\\wamp64\\www\\f...')
#2 C:\wamp64\www\framework-template-ci4\vendor\codeigniter4\framework\system\View\View.php(217): CodeIgniter\View\View->CodeIgniter\View\{closure}()
#3 C:\wamp64\www\framework-template-ci4\vendor\codeigniter4\framework\system\Common.php(1092): CodeIgniter\View\View->render('admin/layout/br...', Array, true)
#4 C:\wamp64\www\framework-template-ci4\app\Libraries\Template.php(21): view('admin/layout/br...', Array)
#5 C:\wamp64\www\framework-template-ci4\app\Controllers\Admin\Dashboard.php(11): App\Libraries\Template->Cms('admin/dashboard...', Array)
#6 C:\wamp64\www\framework-template-ci4\vendor\codeigniter4\framework\system\CodeIgniter.php(802): App\Controllers\Admin\Dashboard->index()
#7 C:\wamp64\www\framework-template-ci4\vendor\codeigniter4\framework\system\CodeIgniter.php(399): CodeIgniter\CodeIgniter->runController(Object(App\Controllers\Admin\Dashboard))
#8 C:\wamp64\www\framework-template-ci4\vendor\codeigniter4\framework\system\CodeIgniter.php(317): CodeIgniter\CodeIgniter->handleRequest(NULL, Object(Config\Cache), false)
#9 C:\wamp64\www\framework-template-ci4\public\index.php(37): CodeIgniter\CodeIgniter->run()
#10 C:\wamp64\www\framework-template-ci4\vendor\codeigniter4\framework\system\Commands\Server\rewrite.php(43): require_once('C:\\wamp64\\www\\f...')
#11 {main}
CRITICAL - 2021-10-15 18:04:26 --> Cannot call constructor
#0 C:\wamp64\www\framework-template-ci4\vendor\codeigniter4\framework\system\CodeIgniter.php(779): App\Controllers\Admin\Dashboard->__construct()
#1 C:\wamp64\www\framework-template-ci4\vendor\codeigniter4\framework\system\CodeIgniter.php(390): CodeIgniter\CodeIgniter->createController()
#2 C:\wamp64\www\framework-template-ci4\vendor\codeigniter4\framework\system\CodeIgniter.php(317): CodeIgniter\CodeIgniter->handleRequest(NULL, Object(Config\Cache), false)
#3 C:\wamp64\www\framework-template-ci4\public\index.php(37): CodeIgniter\CodeIgniter->run()
#4 C:\wamp64\www\framework-template-ci4\vendor\codeigniter4\framework\system\Commands\Server\rewrite.php(43): require_once('C:\\wamp64\\www\\f...')
#5 {main}
CRITICAL - 2021-10-15 18:05:01 --> Undefined property: CodeIgniter\View\View::$request
#0 C:\wamp64\www\framework-template-ci4\app\Views\admin\layout\breadcrumb.php(3): CodeIgniter\Debug\Exceptions->errorHandler(8, 'Undefined prope...', 'C:\\wamp64\\www\\f...', 3, Array)
#1 C:\wamp64\www\framework-template-ci4\vendor\codeigniter4\framework\system\View\View.php(214): include('C:\\wamp64\\www\\f...')
#2 C:\wamp64\www\framework-template-ci4\vendor\codeigniter4\framework\system\View\View.php(217): CodeIgniter\View\View->CodeIgniter\View\{closure}()
#3 C:\wamp64\www\framework-template-ci4\vendor\codeigniter4\framework\system\Common.php(1092): CodeIgniter\View\View->render('admin/layout/br...', Array, true)
#4 C:\wamp64\www\framework-template-ci4\app\Libraries\Template.php(21): view('admin/layout/br...', Array)
#5 C:\wamp64\www\framework-template-ci4\app\Controllers\Admin\Dashboard.php(15): App\Libraries\Template->Cms('admin/dashboard...', Array)
#6 C:\wamp64\www\framework-template-ci4\vendor\codeigniter4\framework\system\CodeIgniter.php(802): App\Controllers\Admin\Dashboard->index()
#7 C:\wamp64\www\framework-template-ci4\vendor\codeigniter4\framework\system\CodeIgniter.php(399): CodeIgniter\CodeIgniter->runController(Object(App\Controllers\Admin\Dashboard))
#8 C:\wamp64\www\framework-template-ci4\vendor\codeigniter4\framework\system\CodeIgniter.php(317): CodeIgniter\CodeIgniter->handleRequest(NULL, Object(Config\Cache), false)
#9 C:\wamp64\www\framework-template-ci4\public\index.php(37): CodeIgniter\CodeIgniter->run()
#10 C:\wamp64\www\framework-template-ci4\vendor\codeigniter4\framework\system\Commands\Server\rewrite.php(43): require_once('C:\\wamp64\\www\\f...')
#11 {main}
CRITICAL - 2021-10-15 18:07:11 --> syntax error, unexpected ':', expecting ')'
#0 C:\wamp64\www\framework-template-ci4\vendor\codeigniter4\framework\system\Router\Router.php(160): CodeIgniter\Router\Router->autoRoute('admin/dashboard')
#1 C:\wamp64\www\framework-template-ci4\vendor\codeigniter4\framework\system\CodeIgniter.php(702): CodeIgniter\Router\Router->handle('admin/dashboard')
#2 C:\wamp64\www\framework-template-ci4\vendor\codeigniter4\framework\system\CodeIgniter.php(358): CodeIgniter\CodeIgniter->tryToRouteIt(Object(CodeIgniter\Router\RouteCollection))
#3 C:\wamp64\www\framework-template-ci4\vendor\codeigniter4\framework\system\CodeIgniter.php(317): CodeIgniter\CodeIgniter->handleRequest(NULL, Object(Config\Cache), false)
#4 C:\wamp64\www\framework-template-ci4\public\index.php(37): CodeIgniter\CodeIgniter->run()
#5 C:\wamp64\www\framework-template-ci4\vendor\codeigniter4\framework\system\Commands\Server\rewrite.php(43): require_once('C:\\wamp64\\www\\f...')
#6 {main}
CRITICAL - 2021-10-15 18:07:25 --> syntax error, unexpected '[', expecting identifier (T_STRING) or variable (T_VARIABLE) or '{' or '$'
#0 C:\wamp64\www\framework-template-ci4\vendor\codeigniter4\framework\system\Router\Router.php(160): CodeIgniter\Router\Router->autoRoute('admin/dashboard')
#1 C:\wamp64\www\framework-template-ci4\vendor\codeigniter4\framework\system\CodeIgniter.php(702): CodeIgniter\Router\Router->handle('admin/dashboard')
#2 C:\wamp64\www\framework-template-ci4\vendor\codeigniter4\framework\system\CodeIgniter.php(358): CodeIgniter\CodeIgniter->tryToRouteIt(Object(CodeIgniter\Router\RouteCollection))
#3 C:\wamp64\www\framework-template-ci4\vendor\codeigniter4\framework\system\CodeIgniter.php(317): CodeIgniter\CodeIgniter->handleRequest(NULL, Object(Config\Cache), false)
#4 C:\wamp64\www\framework-template-ci4\public\index.php(37): CodeIgniter\CodeIgniter->run()
#5 C:\wamp64\www\framework-template-ci4\vendor\codeigniter4\framework\system\Commands\Server\rewrite.php(43): require_once('C:\\wamp64\\www\\f...')
#6 {main}
CRITICAL - 2021-10-15 18:07:35 --> syntax error, unexpected '[', expecting identifier (T_STRING) or variable (T_VARIABLE) or '{' or '$'
#0 C:\wamp64\www\framework-template-ci4\vendor\codeigniter4\framework\system\Router\Router.php(160): CodeIgniter\Router\Router->autoRoute('admin/dashboard')
#1 C:\wamp64\www\framework-template-ci4\vendor\codeigniter4\framework\system\CodeIgniter.php(702): CodeIgniter\Router\Router->handle('admin/dashboard')
#2 C:\wamp64\www\framework-template-ci4\vendor\codeigniter4\framework\system\CodeIgniter.php(358): CodeIgniter\CodeIgniter->tryToRouteIt(Object(CodeIgniter\Router\RouteCollection))
#3 C:\wamp64\www\framework-template-ci4\vendor\codeigniter4\framework\system\CodeIgniter.php(317): CodeIgniter\CodeIgniter->handleRequest(NULL, Object(Config\Cache), false)
#4 C:\wamp64\www\framework-template-ci4\public\index.php(37): CodeIgniter\CodeIgniter->run()
#5 C:\wamp64\www\framework-template-ci4\vendor\codeigniter4\framework\system\Commands\Server\rewrite.php(43): require_once('C:\\wamp64\\www\\f...')
#6 {main}
CRITICAL - 2021-10-15 18:07:46 --> syntax error, unexpected '[', expecting identifier (T_STRING) or variable (T_VARIABLE) or '{' or '$'
#0 C:\wamp64\www\framework-template-ci4\vendor\codeigniter4\framework\system\Router\Router.php(160): CodeIgniter\Router\Router->autoRoute('admin/dashboard')
#1 C:\wamp64\www\framework-template-ci4\vendor\codeigniter4\framework\system\CodeIgniter.php(702): CodeIgniter\Router\Router->handle('admin/dashboard')
#2 C:\wamp64\www\framework-template-ci4\vendor\codeigniter4\framework\system\CodeIgniter.php(358): CodeIgniter\CodeIgniter->tryToRouteIt(Object(CodeIgniter\Router\RouteCollection))
#3 C:\wamp64\www\framework-template-ci4\vendor\codeigniter4\framework\system\CodeIgniter.php(317): CodeIgniter\CodeIgniter->handleRequest(NULL, Object(Config\Cache), false)
#4 C:\wamp64\www\framework-template-ci4\public\index.php(37): CodeIgniter\CodeIgniter->run()
#5 C:\wamp64\www\framework-template-ci4\vendor\codeigniter4\framework\system\Commands\Server\rewrite.php(43): require_once('C:\\wamp64\\www\\f...')
#6 {main}
CRITICAL - 2021-10-15 18:14:20 --> Undefined property: CodeIgniter\View\View::$request
#0 C:\wamp64\www\framework-template-ci4\app\Views\admin\layout\breadcrumb.php(3): CodeIgniter\Debug\Exceptions->errorHandler(8, 'Undefined prope...', 'C:\\wamp64\\www\\f...', 3, Array)
#1 C:\wamp64\www\framework-template-ci4\vendor\codeigniter4\framework\system\View\View.php(214): include('C:\\wamp64\\www\\f...')
#2 C:\wamp64\www\framework-template-ci4\vendor\codeigniter4\framework\system\View\View.php(217): CodeIgniter\View\View->CodeIgniter\View\{closure}()
#3 C:\wamp64\www\framework-template-ci4\vendor\codeigniter4\framework\system\Common.php(1092): CodeIgniter\View\View->render('admin/layout/br...', Array, true)
#4 C:\wamp64\www\framework-template-ci4\app\Libraries\Template.php(21): view('admin/layout/br...', Array)
#5 C:\wamp64\www\framework-template-ci4\app\Controllers\Admin\Dashboard.php(15): App\Libraries\Template->Cms('admin/dashboard...', Array)
#6 C:\wamp64\www\framework-template-ci4\vendor\codeigniter4\framework\system\CodeIgniter.php(802): App\Controllers\Admin\Dashboard->index()
#7 C:\wamp64\www\framework-template-ci4\vendor\codeigniter4\framework\system\CodeIgniter.php(399): CodeIgniter\CodeIgniter->runController(Object(App\Controllers\Admin\Dashboard))
#8 C:\wamp64\www\framework-template-ci4\vendor\codeigniter4\framework\system\CodeIgniter.php(317): CodeIgniter\CodeIgniter->handleRequest(NULL, Object(Config\Cache), false)
#9 C:\wamp64\www\framework-template-ci4\public\index.php(37): CodeIgniter\CodeIgniter->run()
#10 C:\wamp64\www\framework-template-ci4\vendor\codeigniter4\framework\system\Commands\Server\rewrite.php(43): require_once('C:\\wamp64\\www\\f...')
#11 {main}
CRITICAL - 2021-10-15 18:14:42 --> Undefined variable: uri
#0 C:\wamp64\www\framework-template-ci4\app\Views\admin\layout\breadcrumb.php(3): CodeIgniter\Debug\Exceptions->errorHandler(8, 'Undefined varia...', 'C:\\wamp64\\www\\f...', 3, Array)
#1 C:\wamp64\www\framework-template-ci4\vendor\codeigniter4\framework\system\View\View.php(214): include('C:\\wamp64\\www\\f...')
#2 C:\wamp64\www\framework-template-ci4\vendor\codeigniter4\framework\system\View\View.php(217): CodeIgniter\View\View->CodeIgniter\View\{closure}()
#3 C:\wamp64\www\framework-template-ci4\vendor\codeigniter4\framework\system\Common.php(1092): CodeIgniter\View\View->render('admin/layout/br...', Array, true)
#4 C:\wamp64\www\framework-template-ci4\app\Libraries\Template.php(21): view('admin/layout/br...', Array)
#5 C:\wamp64\www\framework-template-ci4\app\Controllers\Admin\Dashboard.php(15): App\Libraries\Template->Cms('admin/dashboard...', Array)
#6 C:\wamp64\www\framework-template-ci4\vendor\codeigniter4\framework\system\CodeIgniter.php(802): App\Controllers\Admin\Dashboard->index()
#7 C:\wamp64\www\framework-template-ci4\vendor\codeigniter4\framework\system\CodeIgniter.php(399): CodeIgniter\CodeIgniter->runController(Object(App\Controllers\Admin\Dashboard))
#8 C:\wamp64\www\framework-template-ci4\vendor\codeigniter4\framework\system\CodeIgniter.php(317): CodeIgniter\CodeIgniter->handleRequest(NULL, Object(Config\Cache), false)
#9 C:\wamp64\www\framework-template-ci4\public\index.php(37): CodeIgniter\CodeIgniter->run()
#10 C:\wamp64\www\framework-template-ci4\vendor\codeigniter4\framework\system\Commands\Server\rewrite.php(43): require_once('C:\\wamp64\\www\\f...')
#11 {main}
CRITICAL - 2021-10-15 18:16:30 --> Cannot access protected property CodeIgniter\HTTP\URI::$segments
#0 C:\wamp64\www\framework-template-ci4\vendor\codeigniter4\framework\system\CodeIgniter.php(802): App\Controllers\Admin\Dashboard->index()
#1 C:\wamp64\www\framework-template-ci4\vendor\codeigniter4\framework\system\CodeIgniter.php(399): CodeIgniter\CodeIgniter->runController(Object(App\Controllers\Admin\Dashboard))
#2 C:\wamp64\www\framework-template-ci4\vendor\codeigniter4\framework\system\CodeIgniter.php(317): CodeIgniter\CodeIgniter->handleRequest(NULL, Object(Config\Cache), false)
#3 C:\wamp64\www\framework-template-ci4\public\index.php(37): CodeIgniter\CodeIgniter->run()
#4 C:\wamp64\www\framework-template-ci4\vendor\codeigniter4\framework\system\Commands\Server\rewrite.php(43): require_once('C:\\wamp64\\www\\f...')
#5 {main}
CRITICAL - 2021-10-15 18:16:48 --> Undefined property: CodeIgniter\HTTP\URI::$uri
#0 C:\wamp64\www\framework-template-ci4\app\Views\admin\layout\breadcrumb.php(3): CodeIgniter\Debug\Exceptions->errorHandler(8, 'Undefined prope...', 'C:\\wamp64\\www\\f...', 3, Array)
#1 C:\wamp64\www\framework-template-ci4\vendor\codeigniter4\framework\system\View\View.php(214): include('C:\\wamp64\\www\\f...')
#2 C:\wamp64\www\framework-template-ci4\vendor\codeigniter4\framework\system\View\View.php(217): CodeIgniter\View\View->CodeIgniter\View\{closure}()
#3 C:\wamp64\www\framework-template-ci4\vendor\codeigniter4\framework\system\Common.php(1092): CodeIgniter\View\View->render('admin/layout/br...', Array, true)
#4 C:\wamp64\www\framework-template-ci4\app\Libraries\Template.php(21): view('admin/layout/br...', Array)
#5 C:\wamp64\www\framework-template-ci4\app\Controllers\Admin\Dashboard.php(16): App\Libraries\Template->Cms('admin/dashboard...', Array)
#6 C:\wamp64\www\framework-template-ci4\vendor\codeigniter4\framework\system\CodeIgniter.php(802): App\Controllers\Admin\Dashboard->index()
#7 C:\wamp64\www\framework-template-ci4\vendor\codeigniter4\framework\system\CodeIgniter.php(399): CodeIgniter\CodeIgniter->runController(Object(App\Controllers\Admin\Dashboard))
#8 C:\wamp64\www\framework-template-ci4\vendor\codeigniter4\framework\system\CodeIgniter.php(317): CodeIgniter\CodeIgniter->handleRequest(NULL, Object(Config\Cache), false)
#9 C:\wamp64\www\framework-template-ci4\public\index.php(37): CodeIgniter\CodeIgniter->run()
#10 C:\wamp64\www\framework-template-ci4\vendor\codeigniter4\framework\system\Commands\Server\rewrite.php(43): require_once('C:\\wamp64\\www\\f...')
#11 {main}
CRITICAL - 2021-10-15 18:17:30 --> Cannot access protected property CodeIgniter\HTTP\URI::$segments
#0 C:\wamp64\www\framework-template-ci4\vendor\codeigniter4\framework\system\CodeIgniter.php(802): App\Controllers\Admin\Dashboard->index()
#1 C:\wamp64\www\framework-template-ci4\vendor\codeigniter4\framework\system\CodeIgniter.php(399): CodeIgniter\CodeIgniter->runController(Object(App\Controllers\Admin\Dashboard))
#2 C:\wamp64\www\framework-template-ci4\vendor\codeigniter4\framework\system\CodeIgniter.php(317): CodeIgniter\CodeIgniter->handleRequest(NULL, Object(Config\Cache), false)
#3 C:\wamp64\www\framework-template-ci4\public\index.php(37): CodeIgniter\CodeIgniter->run()
#4 C:\wamp64\www\framework-template-ci4\vendor\codeigniter4\framework\system\Commands\Server\rewrite.php(43): require_once('C:\\wamp64\\www\\f...')
#5 {main}
CRITICAL - 2021-10-15 18:17:40 --> Cannot use object of type CodeIgniter\HTTP\URI as array
#0 C:\wamp64\www\framework-template-ci4\vendor\codeigniter4\framework\system\CodeIgniter.php(802): App\Controllers\Admin\Dashboard->index()
#1 C:\wamp64\www\framework-template-ci4\vendor\codeigniter4\framework\system\CodeIgniter.php(399): CodeIgniter\CodeIgniter->runController(Object(App\Controllers\Admin\Dashboard))
#2 C:\wamp64\www\framework-template-ci4\vendor\codeigniter4\framework\system\CodeIgniter.php(317): CodeIgniter\CodeIgniter->handleRequest(NULL, Object(Config\Cache), false)
#3 C:\wamp64\www\framework-template-ci4\public\index.php(37): CodeIgniter\CodeIgniter->run()
#4 C:\wamp64\www\framework-template-ci4\vendor\codeigniter4\framework\system\Commands\Server\rewrite.php(43): require_once('C:\\wamp64\\www\\f...')
#5 {main}
CRITICAL - 2021-10-15 18:18:07 --> Cannot access protected property CodeIgniter\HTTP\URI::$uriString
#0 C:\wamp64\www\framework-template-ci4\vendor\codeigniter4\framework\system\CodeIgniter.php(802): App\Controllers\Admin\Dashboard->index()
#1 C:\wamp64\www\framework-template-ci4\vendor\codeigniter4\framework\system\CodeIgniter.php(399): CodeIgniter\CodeIgniter->runController(Object(App\Controllers\Admin\Dashboard))
#2 C:\wamp64\www\framework-template-ci4\vendor\codeigniter4\framework\system\CodeIgniter.php(317): CodeIgniter\CodeIgniter->handleRequest(NULL, Object(Config\Cache), false)
#3 C:\wamp64\www\framework-template-ci4\public\index.php(37): CodeIgniter\CodeIgniter->run()
#4 C:\wamp64\www\framework-template-ci4\vendor\codeigniter4\framework\system\Commands\Server\rewrite.php(43): require_once('C:\\wamp64\\www\\f...')
#5 {main}
CRITICAL - 2021-10-15 18:19:14 --> Trying to get property 'uri' of non-object
#0 C:\wamp64\www\framework-template-ci4\app\Views\admin\layout\breadcrumb.php(3): CodeIgniter\Debug\Exceptions->errorHandler(8, 'Trying to get p...', 'C:\\wamp64\\www\\f...', 3, Array)
#1 C:\wamp64\www\framework-template-ci4\vendor\codeigniter4\framework\system\View\View.php(214): include('C:\\wamp64\\www\\f...')
#2 C:\wamp64\www\framework-template-ci4\vendor\codeigniter4\framework\system\View\View.php(217): CodeIgniter\View\View->CodeIgniter\View\{closure}()
#3 C:\wamp64\www\framework-template-ci4\vendor\codeigniter4\framework\system\Common.php(1092): CodeIgniter\View\View->render('admin/layout/br...', Array, true)
#4 C:\wamp64\www\framework-template-ci4\app\Libraries\Template.php(21): view('admin/layout/br...', Array)
#5 C:\wamp64\www\framework-template-ci4\app\Controllers\Admin\Dashboard.php(15): App\Libraries\Template->Cms('admin/dashboard...', Array)
#6 C:\wamp64\www\framework-template-ci4\vendor\codeigniter4\framework\system\CodeIgniter.php(802): App\Controllers\Admin\Dashboard->index()
#7 C:\wamp64\www\framework-template-ci4\vendor\codeigniter4\framework\system\CodeIgniter.php(399): CodeIgniter\CodeIgniter->runController(Object(App\Controllers\Admin\Dashboard))
#8 C:\wamp64\www\framework-template-ci4\vendor\codeigniter4\framework\system\CodeIgniter.php(317): CodeIgniter\CodeIgniter->handleRequest(NULL, Object(Config\Cache), false)
#9 C:\wamp64\www\framework-template-ci4\public\index.php(37): CodeIgniter\CodeIgniter->run()
#10 C:\wamp64\www\framework-template-ci4\vendor\codeigniter4\framework\system\Commands\Server\rewrite.php(43): require_once('C:\\wamp64\\www\\f...')
#11 {main}
CRITICAL - 2021-10-15 18:23:42 --> Trying to get property 'uri' of non-object
#0 C:\wamp64\www\framework-template-ci4\app\Controllers\Admin\Dashboard.php(9): CodeIgniter\Debug\Exceptions->errorHandler(8, 'Trying to get p...', 'C:\\wamp64\\www\\f...', 9, Array)
#1 C:\wamp64\www\framework-template-ci4\vendor\codeigniter4\framework\system\CodeIgniter.php(779): App\Controllers\Admin\Dashboard->__construct()
#2 C:\wamp64\www\framework-template-ci4\vendor\codeigniter4\framework\system\CodeIgniter.php(390): CodeIgniter\CodeIgniter->createController()
#3 C:\wamp64\www\framework-template-ci4\vendor\codeigniter4\framework\system\CodeIgniter.php(317): CodeIgniter\CodeIgniter->handleRequest(NULL, Object(Config\Cache), false)
#4 C:\wamp64\www\framework-template-ci4\public\index.php(37): CodeIgniter\CodeIgniter->run()
#5 C:\wamp64\www\framework-template-ci4\vendor\codeigniter4\framework\system\Commands\Server\rewrite.php(43): require_once('C:\\wamp64\\www\\f...')
#6 {main}
CRITICAL - 2021-10-15 18:27:20 --> Undefined variable: uriText
#0 C:\wamp64\www\framework-template-ci4\app\Views\admin\layout\breadcrumb.php(16): CodeIgniter\Debug\Exceptions->errorHandler(8, 'Undefined varia...', 'C:\\wamp64\\www\\f...', 16, Array)
#1 C:\wamp64\www\framework-template-ci4\vendor\codeigniter4\framework\system\View\View.php(214): include('C:\\wamp64\\www\\f...')
#2 C:\wamp64\www\framework-template-ci4\vendor\codeigniter4\framework\system\View\View.php(217): CodeIgniter\View\View->CodeIgniter\View\{closure}()
#3 C:\wamp64\www\framework-template-ci4\vendor\codeigniter4\framework\system\Common.php(1092): CodeIgniter\View\View->render('admin/layout/br...', Array, true)
#4 C:\wamp64\www\framework-template-ci4\app\Libraries\Template.php(21): view('admin/layout/br...', Array)
#5 C:\wamp64\www\framework-template-ci4\app\Controllers\Admin\Dashboard.php(16): App\Libraries\Template->Cms('admin/dashboard...', Array)
#6 C:\wamp64\www\framework-template-ci4\vendor\codeigniter4\framework\system\CodeIgniter.php(802): App\Controllers\Admin\Dashboard->index()
#7 C:\wamp64\www\framework-template-ci4\vendor\codeigniter4\framework\system\CodeIgniter.php(399): CodeIgniter\CodeIgniter->runController(Object(App\Controllers\Admin\Dashboard))
#8 C:\wamp64\www\framework-template-ci4\vendor\codeigniter4\framework\system\CodeIgniter.php(317): CodeIgniter\CodeIgniter->handleRequest(NULL, Object(Config\Cache), false)
#9 C:\wamp64\www\framework-template-ci4\public\index.php(37): CodeIgniter\CodeIgniter->run()
#10 C:\wamp64\www\framework-template-ci4\vendor\codeigniter4\framework\system\Commands\Server\rewrite.php(43): require_once('C:\\wamp64\\www\\f...')
#11 {main}
CRITICAL - 2021-10-15 18:28:25 --> count(): Parameter must be an array or an object that implements Countable
#0 C:\wamp64\www\framework-template-ci4\app\Views\admin\layout\breadcrumb.php(21): CodeIgniter\Debug\Exceptions->errorHandler(2, 'count(): Parame...', 'C:\\wamp64\\www\\f...', 21, Array)
#1 C:\wamp64\www\framework-template-ci4\vendor\codeigniter4\framework\system\View\View.php(214): include('C:\\wamp64\\www\\f...')
#2 C:\wamp64\www\framework-template-ci4\vendor\codeigniter4\framework\system\View\View.php(217): CodeIgniter\View\View->CodeIgniter\View\{closure}()
#3 C:\wamp64\www\framework-template-ci4\vendor\codeigniter4\framework\system\Common.php(1092): CodeIgniter\View\View->render('admin/layout/br...', Array, true)
#4 C:\wamp64\www\framework-template-ci4\app\Libraries\Template.php(21): view('admin/layout/br...', Array)
#5 C:\wamp64\www\framework-template-ci4\app\Controllers\Admin\MainSite.php(10): App\Libraries\Template->Cms('admin/layout/br...', Array)
#6 C:\wamp64\www\framework-template-ci4\vendor\codeigniter4\framework\system\CodeIgniter.php(802): App\Controllers\Admin\MainSite->index()
#7 C:\wamp64\www\framework-template-ci4\vendor\codeigniter4\framework\system\CodeIgniter.php(399): CodeIgniter\CodeIgniter->runController(Object(App\Controllers\Admin\MainSite))
#8 C:\wamp64\www\framework-template-ci4\vendor\codeigniter4\framework\system\CodeIgniter.php(317): CodeIgniter\CodeIgniter->handleRequest(NULL, Object(Config\Cache), false)
#9 C:\wamp64\www\framework-template-ci4\public\index.php(37): CodeIgniter\CodeIgniter->run()
#10 C:\wamp64\www\framework-template-ci4\vendor\codeigniter4\framework\system\Commands\Server\rewrite.php(43): require_once('C:\\wamp64\\www\\f...')
#11 {main}
CRITICAL - 2021-10-15 18:30:23 --> Undefined variable: uri_segment
#0 C:\wamp64\www\framework-template-ci4\app\Views\admin\layout\breadcrumb.php(3): CodeIgniter\Debug\Exceptions->errorHandler(8, 'Undefined varia...', 'C:\\wamp64\\www\\f...', 3, Array)
#1 C:\wamp64\www\framework-template-ci4\vendor\codeigniter4\framework\system\View\View.php(214): include('C:\\wamp64\\www\\f...')
#2 C:\wamp64\www\framework-template-ci4\vendor\codeigniter4\framework\system\View\View.php(217): CodeIgniter\View\View->CodeIgniter\View\{closure}()
#3 C:\wamp64\www\framework-template-ci4\vendor\codeigniter4\framework\system\Common.php(1092): CodeIgniter\View\View->render('admin/layout/br...', Array, true)
#4 C:\wamp64\www\framework-template-ci4\app\Libraries\Template.php(21): view('admin/layout/br...', Array)
#5 C:\wamp64\www\framework-template-ci4\app\Controllers\Admin\Dashboard.php(16): App\Libraries\Template->Cms('admin/dashboard...', Array)
#6 C:\wamp64\www\framework-template-ci4\vendor\codeigniter4\framework\system\CodeIgniter.php(802): App\Controllers\Admin\Dashboard->index()
#7 C:\wamp64\www\framework-template-ci4\vendor\codeigniter4\framework\system\CodeIgniter.php(399): CodeIgniter\CodeIgniter->runController(Object(App\Controllers\Admin\Dashboard))
#8 C:\wamp64\www\framework-template-ci4\vendor\codeigniter4\framework\system\CodeIgniter.php(317): CodeIgniter\CodeIgniter->handleRequest(NULL, Object(Config\Cache), false)
#9 C:\wamp64\www\framework-template-ci4\public\index.php(37): CodeIgniter\CodeIgniter->run()
#10 C:\wamp64\www\framework-template-ci4\vendor\codeigniter4\framework\system\Commands\Server\rewrite.php(43): require_once('C:\\wamp64\\www\\f...')
#11 {main}
CRITICAL - 2021-10-15 18:32:36 --> Undefined variable: uri_segment
#0 C:\wamp64\www\framework-template-ci4\app\Views\admin\layout\breadcrumb.php(3): CodeIgniter\Debug\Exceptions->errorHandler(8, 'Undefined varia...', 'C:\\wamp64\\www\\f...', 3, Array)
#1 C:\wamp64\www\framework-template-ci4\vendor\codeigniter4\framework\system\View\View.php(214): include('C:\\wamp64\\www\\f...')
#2 C:\wamp64\www\framework-template-ci4\vendor\codeigniter4\framework\system\View\View.php(217): CodeIgniter\View\View->CodeIgniter\View\{closure}()
#3 C:\wamp64\www\framework-template-ci4\vendor\codeigniter4\framework\system\Common.php(1092): CodeIgniter\View\View->render('admin/layout/br...', Array, true)
#4 C:\wamp64\www\framework-template-ci4\app\Libraries\Template.php(21): view('admin/layout/br...', Array)
#5 C:\wamp64\www\framework-template-ci4\app\Controllers\Admin\Dashboard.php(16): App\Libraries\Template->Cms('admin/dashboard...', Array)
#6 C:\wamp64\www\framework-template-ci4\vendor\codeigniter4\framework\system\CodeIgniter.php(802): App\Controllers\Admin\Dashboard->index()
#7 C:\wamp64\www\framework-template-ci4\vendor\codeigniter4\framework\system\CodeIgniter.php(399): CodeIgniter\CodeIgniter->runController(Object(App\Controllers\Admin\Dashboard))
#8 C:\wamp64\www\framework-template-ci4\vendor\codeigniter4\framework\system\CodeIgniter.php(317): CodeIgniter\CodeIgniter->handleRequest(NULL, Object(Config\Cache), false)
#9 C:\wamp64\www\framework-template-ci4\public\index.php(37): CodeIgniter\CodeIgniter->run()
#10 C:\wamp64\www\framework-template-ci4\vendor\codeigniter4\framework\system\Commands\Server\rewrite.php(43): require_once('C:\\wamp64\\www\\f...')
#11 {main}
CRITICAL - 2021-10-15 18:34:11 --> Undefined variable: uri_segment
#0 C:\wamp64\www\framework-template-ci4\app\Views\admin\layout\breadcrumb.php(3): CodeIgniter\Debug\Exceptions->errorHandler(8, 'Undefined varia...', 'C:\\wamp64\\www\\f...', 3, Array)
#1 C:\wamp64\www\framework-template-ci4\vendor\codeigniter4\framework\system\View\View.php(214): include('C:\\wamp64\\www\\f...')
#2 C:\wamp64\www\framework-template-ci4\vendor\codeigniter4\framework\system\View\View.php(217): CodeIgniter\View\View->CodeIgniter\View\{closure}()
#3 C:\wamp64\www\framework-template-ci4\vendor\codeigniter4\framework\system\Common.php(1092): CodeIgniter\View\View->render('admin/layout/br...', Array, true)
#4 C:\wamp64\www\framework-template-ci4\app\Libraries\Template.php(21): view('admin/layout/br...', Array)
#5 C:\wamp64\www\framework-template-ci4\app\Controllers\Admin\Dashboard.php(16): App\Libraries\Template->Cms('admin/dashboard...', Array)
#6 C:\wamp64\www\framework-template-ci4\vendor\codeigniter4\framework\system\CodeIgniter.php(802): App\Controllers\Admin\Dashboard->index()
#7 C:\wamp64\www\framework-template-ci4\vendor\codeigniter4\framework\system\CodeIgniter.php(399): CodeIgniter\CodeIgniter->runController(Object(App\Controllers\Admin\Dashboard))
#8 C:\wamp64\www\framework-template-ci4\vendor\codeigniter4\framework\system\CodeIgniter.php(317): CodeIgniter\CodeIgniter->handleRequest(NULL, Object(Config\Cache), false)
#9 C:\wamp64\www\framework-template-ci4\public\index.php(37): CodeIgniter\CodeIgniter->run()
#10 C:\wamp64\www\framework-template-ci4\vendor\codeigniter4\framework\system\Commands\Server\rewrite.php(43): require_once('C:\\wamp64\\www\\f...')
#11 {main}
CRITICAL - 2021-10-15 18:54:13 --> Undefined variable: uri
#0 C:\wamp64\www\framework-template-ci4\app\Views\admin\layout\breadcrumb.php(21): CodeIgniter\Debug\Exceptions->errorHandler(8, 'Undefined varia...', 'C:\\wamp64\\www\\f...', 21, Array)
#1 C:\wamp64\www\framework-template-ci4\vendor\codeigniter4\framework\system\View\View.php(214): include('C:\\wamp64\\www\\f...')
#2 C:\wamp64\www\framework-template-ci4\vendor\codeigniter4\framework\system\View\View.php(217): CodeIgniter\View\View->CodeIgniter\View\{closure}()
#3 C:\wamp64\www\framework-template-ci4\vendor\codeigniter4\framework\system\Common.php(1092): CodeIgniter\View\View->render('admin/layout/br...', Array, true)
#4 C:\wamp64\www\framework-template-ci4\app\Libraries\Template.php(21): view('admin/layout/br...', Array)
#5 C:\wamp64\www\framework-template-ci4\app\Controllers\Admin\Dashboard.php(16): App\Libraries\Template->Cms('admin/dashboard...', Array)
#6 C:\wamp64\www\framework-template-ci4\vendor\codeigniter4\framework\system\CodeIgniter.php(802): App\Controllers\Admin\Dashboard->index()
#7 C:\wamp64\www\framework-template-ci4\vendor\codeigniter4\framework\system\CodeIgniter.php(399): CodeIgniter\CodeIgniter->runController(Object(App\Controllers\Admin\Dashboard))
#8 C:\wamp64\www\framework-template-ci4\vendor\codeigniter4\framework\system\CodeIgniter.php(317): CodeIgniter\CodeIgniter->handleRequest(NULL, Object(Config\Cache), false)
#9 C:\wamp64\www\framework-template-ci4\public\index.php(37): CodeIgniter\CodeIgniter->run()
#10 C:\wamp64\www\framework-template-ci4\vendor\codeigniter4\framework\system\Commands\Server\rewrite.php(43): require_once('C:\\wamp64\\www\\f...')
#11 {main}
CRITICAL - 2021-10-15 19:21:03 --> syntax error, unexpected end of file
#0 C:\wamp64\www\framework-template-ci4\vendor\codeigniter4\framework\system\View\View.php(217): CodeIgniter\View\View->CodeIgniter\View\{closure}()
#1 C:\wamp64\www\framework-template-ci4\vendor\codeigniter4\framework\system\Common.php(1092): CodeIgniter\View\View->render('admin/layout/br...', Array, true)
#2 C:\wamp64\www\framework-template-ci4\app\Libraries\Template.php(21): view('admin/layout/br...', Array)
#3 C:\wamp64\www\framework-template-ci4\app\Controllers\Admin\Dashboard.php(26): App\Libraries\Template->Cms('admin/dashboard...', Array)
#4 C:\wamp64\www\framework-template-ci4\vendor\codeigniter4\framework\system\CodeIgniter.php(802): App\Controllers\Admin\Dashboard->form('1')
#5 C:\wamp64\www\framework-template-ci4\vendor\codeigniter4\framework\system\CodeIgniter.php(399): CodeIgniter\CodeIgniter->runController(Object(App\Controllers\Admin\Dashboard))
#6 C:\wamp64\www\framework-template-ci4\vendor\codeigniter4\framework\system\CodeIgniter.php(317): CodeIgniter\CodeIgniter->handleRequest(NULL, Object(Config\Cache), false)
#7 C:\wamp64\www\framework-template-ci4\public\index.php(37): CodeIgniter\CodeIgniter->run()
#8 C:\wamp64\www\framework-template-ci4\vendor\codeigniter4\framework\system\Commands\Server\rewrite.php(43): require_once('C:\\wamp64\\www\\f...')
#9 {main}
CRITICAL - 2021-10-15 19:32:30 --> syntax error, unexpected 'break' (T_BREAK), expecting ',' or ';'
#0 C:\wamp64\www\framework-template-ci4\vendor\codeigniter4\framework\system\View\View.php(217): CodeIgniter\View\View->CodeIgniter\View\{closure}()
#1 C:\wamp64\www\framework-template-ci4\vendor\codeigniter4\framework\system\Common.php(1092): CodeIgniter\View\View->render('admin/layout/br...', Array, true)
#2 C:\wamp64\www\framework-template-ci4\app\Libraries\Template.php(21): view('admin/layout/br...', Array)
#3 C:\wamp64\www\framework-template-ci4\app\Controllers\Admin\Dashboard.php(26): App\Libraries\Template->Cms('admin/dashboard...', Array)
#4 C:\wamp64\www\framework-template-ci4\vendor\codeigniter4\framework\system\CodeIgniter.php(802): App\Controllers\Admin\Dashboard->form('1')
#5 C:\wamp64\www\framework-template-ci4\vendor\codeigniter4\framework\system\CodeIgniter.php(399): CodeIgniter\CodeIgniter->runController(Object(App\Controllers\Admin\Dashboard))
#6 C:\wamp64\www\framework-template-ci4\vendor\codeigniter4\framework\system\CodeIgniter.php(317): CodeIgniter\CodeIgniter->handleRequest(NULL, Object(Config\Cache), false)
#7 C:\wamp64\www\framework-template-ci4\public\index.php(37): CodeIgniter\CodeIgniter->run()
#8 C:\wamp64\www\framework-template-ci4\vendor\codeigniter4\framework\system\Commands\Server\rewrite.php(43): require_once('C:\\wamp64\\www\\f...')
#9 {main}
