CRITICAL - 2023-08-09 02:26:30 --> Empty statement is given for the field `Select`
#0 C:\wamp64\www\oriel-web\vendor\codeigniter4\framework\system\Database\BaseBuilder.php(464): CodeIgniter\Database\Exceptions\DataException::forEmptyInputGiven('Select')
#1 C:\wamp64\www\oriel-web\vendor\codeigniter4\framework\system\Database\BaseBuilder.php(445): CodeIgniter\Database\BaseBuilder->maxMinAvgSum('', '', 'COUNT')
#2 C:\wamp64\www\oriel-web\app\Models\UjiKelayakan\UjiKelayakanModel.php(33): CodeIgniter\Database\BaseBuilder->selectCount()
#3 C:\wamp64\www\oriel-web\app\Models\UjiKelayakan\UjiKelayakanModel.php(40): App\Models\UjiKelayakan\UjiKelayakanModel->getDataFormUjiKelayakanByNimAndStatus('98888900')
#4 C:\wamp64\www\oriel-web\app\Controllers\UjiKelayakan.php(58): App\Models\UjiKelayakan\UjiKelayakanModel->AddNew(Array)
#5 C:\wamp64\www\oriel-web\vendor\codeigniter4\framework\system\CodeIgniter.php(832): App\Controllers\UjiKelayakan->addNewData()
#6 C:\wamp64\www\oriel-web\vendor\codeigniter4\framework\system\CodeIgniter.php(419): CodeIgniter\CodeIgniter->runController(Object(App\Controllers\UjiKelayakan))
#7 C:\wamp64\www\oriel-web\vendor\codeigniter4\framework\system\CodeIgniter.php(326): CodeIgniter\CodeIgniter->handleRequest(NULL, Object(Config\Cache), false)
#8 C:\wamp64\www\oriel-web\public\index.php(37): CodeIgniter\CodeIgniter->run()
#9 C:\wamp64\www\oriel-web\vendor\codeigniter4\framework\system\Commands\Server\rewrite.php(43): require_once('C:\\wamp64\\www\\o...')
#10 {main}
CRITICAL - 2023-08-09 02:28:33 --> Call to undefined method CodeIgniter\Database\MySQLi\Result::countAllResults()
#0 C:\wamp64\www\oriel-web\app\Models\UjiKelayakan\UjiKelayakanModel.php(40): App\Models\UjiKelayakan\UjiKelayakanModel->getDataFormUjiKelayakanByNimAndStatus('98888900')
#1 C:\wamp64\www\oriel-web\app\Controllers\UjiKelayakan.php(58): App\Models\UjiKelayakan\UjiKelayakanModel->AddNew(Array)
#2 C:\wamp64\www\oriel-web\vendor\codeigniter4\framework\system\CodeIgniter.php(832): App\Controllers\UjiKelayakan->addNewData()
#3 C:\wamp64\www\oriel-web\vendor\codeigniter4\framework\system\CodeIgniter.php(419): CodeIgniter\CodeIgniter->runController(Object(App\Controllers\UjiKelayakan))
#4 C:\wamp64\www\oriel-web\vendor\codeigniter4\framework\system\CodeIgniter.php(326): CodeIgniter\CodeIgniter->handleRequest(NULL, Object(Config\Cache), false)
#5 C:\wamp64\www\oriel-web\public\index.php(37): CodeIgniter\CodeIgniter->run()
#6 C:\wamp64\www\oriel-web\vendor\codeigniter4\framework\system\Commands\Server\rewrite.php(43): require_once('C:\\wamp64\\www\\o...')
#7 {main}
CRITICAL - 2023-08-09 04:02:27 --> Invalid argument supplied for foreach()
#0 C:\wamp64\www\oriel-web\app\Controllers\SuratTugas.php(42): CodeIgniter\Debug\Exceptions->errorHandler(2, 'Invalid argumen...', 'C:\\wamp64\\www\\o...', 42, Array)
#1 C:\wamp64\www\oriel-web\vendor\codeigniter4\framework\system\CodeIgniter.php(832): App\Controllers\SuratTugas->getdata()
#2 C:\wamp64\www\oriel-web\vendor\codeigniter4\framework\system\CodeIgniter.php(419): CodeIgniter\CodeIgniter->runController(Object(App\Controllers\SuratTugas))
#3 C:\wamp64\www\oriel-web\vendor\codeigniter4\framework\system\CodeIgniter.php(326): CodeIgniter\CodeIgniter->handleRequest(NULL, Object(Config\Cache), false)
#4 C:\wamp64\www\oriel-web\public\index.php(37): CodeIgniter\CodeIgniter->run()
#5 C:\wamp64\www\oriel-web\vendor\codeigniter4\framework\system\Commands\Server\rewrite.php(43): require_once('C:\\wamp64\\www\\o...')
#6 {main}
CRITICAL - 2023-08-09 04:03:06 --> Invalid argument supplied for foreach()
#0 C:\wamp64\www\oriel-web\app\Controllers\SuratTugas.php(42): CodeIgniter\Debug\Exceptions->errorHandler(2, 'Invalid argumen...', 'C:\\wamp64\\www\\o...', 42, Array)
#1 C:\wamp64\www\oriel-web\vendor\codeigniter4\framework\system\CodeIgniter.php(832): App\Controllers\SuratTugas->getdata()
#2 C:\wamp64\www\oriel-web\vendor\codeigniter4\framework\system\CodeIgniter.php(419): CodeIgniter\CodeIgniter->runController(Object(App\Controllers\SuratTugas))
#3 C:\wamp64\www\oriel-web\vendor\codeigniter4\framework\system\CodeIgniter.php(326): CodeIgniter\CodeIgniter->handleRequest(NULL, Object(Config\Cache), false)
#4 C:\wamp64\www\oriel-web\public\index.php(37): CodeIgniter\CodeIgniter->run()
#5 C:\wamp64\www\oriel-web\vendor\codeigniter4\framework\system\Commands\Server\rewrite.php(43): require_once('C:\\wamp64\\www\\o...')
#6 {main}
CRITICAL - 2023-08-09 04:03:13 --> Invalid argument supplied for foreach()
#0 C:\wamp64\www\oriel-web\app\Controllers\SuratTugas.php(42): CodeIgniter\Debug\Exceptions->errorHandler(2, 'Invalid argumen...', 'C:\\wamp64\\www\\o...', 42, Array)
#1 C:\wamp64\www\oriel-web\vendor\codeigniter4\framework\system\CodeIgniter.php(832): App\Controllers\SuratTugas->getdata()
#2 C:\wamp64\www\oriel-web\vendor\codeigniter4\framework\system\CodeIgniter.php(419): CodeIgniter\CodeIgniter->runController(Object(App\Controllers\SuratTugas))
#3 C:\wamp64\www\oriel-web\vendor\codeigniter4\framework\system\CodeIgniter.php(326): CodeIgniter\CodeIgniter->handleRequest(NULL, Object(Config\Cache), false)
#4 C:\wamp64\www\oriel-web\public\index.php(37): CodeIgniter\CodeIgniter->run()
#5 C:\wamp64\www\oriel-web\vendor\codeigniter4\framework\system\Commands\Server\rewrite.php(43): require_once('C:\\wamp64\\www\\o...')
#6 {main}
CRITICAL - 2023-08-09 04:04:11 --> Invalid argument supplied for foreach()
#0 C:\wamp64\www\oriel-web\app\Controllers\SuratTugas.php(42): CodeIgniter\Debug\Exceptions->errorHandler(2, 'Invalid argumen...', 'C:\\wamp64\\www\\o...', 42, Array)
#1 C:\wamp64\www\oriel-web\vendor\codeigniter4\framework\system\CodeIgniter.php(832): App\Controllers\SuratTugas->getdata()
#2 C:\wamp64\www\oriel-web\vendor\codeigniter4\framework\system\CodeIgniter.php(419): CodeIgniter\CodeIgniter->runController(Object(App\Controllers\SuratTugas))
#3 C:\wamp64\www\oriel-web\vendor\codeigniter4\framework\system\CodeIgniter.php(326): CodeIgniter\CodeIgniter->handleRequest(NULL, Object(Config\Cache), false)
#4 C:\wamp64\www\oriel-web\public\index.php(37): CodeIgniter\CodeIgniter->run()
#5 C:\wamp64\www\oriel-web\vendor\codeigniter4\framework\system\Commands\Server\rewrite.php(43): require_once('C:\\wamp64\\www\\o...')
#6 {main}
CRITICAL - 2023-08-09 04:04:14 --> Invalid argument supplied for foreach()
#0 C:\wamp64\www\oriel-web\app\Controllers\SuratTugas.php(42): CodeIgniter\Debug\Exceptions->errorHandler(2, 'Invalid argumen...', 'C:\\wamp64\\www\\o...', 42, Array)
#1 C:\wamp64\www\oriel-web\vendor\codeigniter4\framework\system\CodeIgniter.php(832): App\Controllers\SuratTugas->getdata()
#2 C:\wamp64\www\oriel-web\vendor\codeigniter4\framework\system\CodeIgniter.php(419): CodeIgniter\CodeIgniter->runController(Object(App\Controllers\SuratTugas))
#3 C:\wamp64\www\oriel-web\vendor\codeigniter4\framework\system\CodeIgniter.php(326): CodeIgniter\CodeIgniter->handleRequest(NULL, Object(Config\Cache), false)
#4 C:\wamp64\www\oriel-web\public\index.php(37): CodeIgniter\CodeIgniter->run()
#5 C:\wamp64\www\oriel-web\vendor\codeigniter4\framework\system\Commands\Server\rewrite.php(43): require_once('C:\\wamp64\\www\\o...')
#6 {main}
CRITICAL - 2023-08-09 04:05:21 --> Undefined variable: query
#0 C:\wamp64\www\oriel-web\app\Models\SuratTugas\SuratTugasModel.php(85): CodeIgniter\Debug\Exceptions->errorHandler(8, 'Undefined varia...', 'C:\\wamp64\\www\\o...', 85, Array)
#1 C:\wamp64\www\oriel-web\app\Controllers\SuratTugas.php(38): App\Models\SuratTugas\SuratTugasModel->getDatatables()
#2 C:\wamp64\www\oriel-web\vendor\codeigniter4\framework\system\CodeIgniter.php(832): App\Controllers\SuratTugas->getdata()
#3 C:\wamp64\www\oriel-web\vendor\codeigniter4\framework\system\CodeIgniter.php(419): CodeIgniter\CodeIgniter->runController(Object(App\Controllers\SuratTugas))
#4 C:\wamp64\www\oriel-web\vendor\codeigniter4\framework\system\CodeIgniter.php(326): CodeIgniter\CodeIgniter->handleRequest(NULL, Object(Config\Cache), false)
#5 C:\wamp64\www\oriel-web\public\index.php(37): CodeIgniter\CodeIgniter->run()
#6 C:\wamp64\www\oriel-web\vendor\codeigniter4\framework\system\Commands\Server\rewrite.php(43): require_once('C:\\wamp64\\www\\o...')
#7 {main}
CRITICAL - 2023-08-09 04:05:25 --> Undefined variable: query
#0 C:\wamp64\www\oriel-web\app\Models\SuratTugas\SuratTugasModel.php(85): CodeIgniter\Debug\Exceptions->errorHandler(8, 'Undefined varia...', 'C:\\wamp64\\www\\o...', 85, Array)
#1 C:\wamp64\www\oriel-web\app\Controllers\SuratTugas.php(38): App\Models\SuratTugas\SuratTugasModel->getDatatables()
#2 C:\wamp64\www\oriel-web\vendor\codeigniter4\framework\system\CodeIgniter.php(832): App\Controllers\SuratTugas->getdata()
#3 C:\wamp64\www\oriel-web\vendor\codeigniter4\framework\system\CodeIgniter.php(419): CodeIgniter\CodeIgniter->runController(Object(App\Controllers\SuratTugas))
#4 C:\wamp64\www\oriel-web\vendor\codeigniter4\framework\system\CodeIgniter.php(326): CodeIgniter\CodeIgniter->handleRequest(NULL, Object(Config\Cache), false)
#5 C:\wamp64\www\oriel-web\public\index.php(37): CodeIgniter\CodeIgniter->run()
#6 C:\wamp64\www\oriel-web\vendor\codeigniter4\framework\system\Commands\Server\rewrite.php(43): require_once('C:\\wamp64\\www\\o...')
#7 {main}
CRITICAL - 2023-08-09 04:10:28 --> Undefined variable: query
#0 C:\wamp64\www\oriel-web\app\Models\JadwalSidang\JadwalSidangSUPModel.php(89): CodeIgniter\Debug\Exceptions->errorHandler(8, 'Undefined varia...', 'C:\\wamp64\\www\\o...', 89, Array)
#1 C:\wamp64\www\oriel-web\app\Controllers\JadwalSidang.php(101): App\Models\JadwalSidang\JadwalSidangSUPModel->getDatatables()
#2 C:\wamp64\www\oriel-web\vendor\codeigniter4\framework\system\CodeIgniter.php(832): App\Controllers\JadwalSidang->getdataSUP()
#3 C:\wamp64\www\oriel-web\vendor\codeigniter4\framework\system\CodeIgniter.php(419): CodeIgniter\CodeIgniter->runController(Object(App\Controllers\JadwalSidang))
#4 C:\wamp64\www\oriel-web\vendor\codeigniter4\framework\system\CodeIgniter.php(326): CodeIgniter\CodeIgniter->handleRequest(NULL, Object(Config\Cache), false)
#5 C:\wamp64\www\oriel-web\public\index.php(37): CodeIgniter\CodeIgniter->run()
#6 C:\wamp64\www\oriel-web\vendor\codeigniter4\framework\system\Commands\Server\rewrite.php(43): require_once('C:\\wamp64\\www\\o...')
#7 {main}
CRITICAL - 2023-08-09 04:10:28 --> Undefined variable: query
#0 C:\wamp64\www\oriel-web\app\Models\JadwalSidang\JadwalSidangSkripsiModel.php(89): CodeIgniter\Debug\Exceptions->errorHandler(8, 'Undefined varia...', 'C:\\wamp64\\www\\o...', 89, Array)
#1 C:\wamp64\www\oriel-web\app\Controllers\JadwalSidang.php(158): App\Models\JadwalSidang\JadwalSidangSkripsiModel->getDatatables()
#2 C:\wamp64\www\oriel-web\vendor\codeigniter4\framework\system\CodeIgniter.php(832): App\Controllers\JadwalSidang->getdataSkripsi()
#3 C:\wamp64\www\oriel-web\vendor\codeigniter4\framework\system\CodeIgniter.php(419): CodeIgniter\CodeIgniter->runController(Object(App\Controllers\JadwalSidang))
#4 C:\wamp64\www\oriel-web\vendor\codeigniter4\framework\system\CodeIgniter.php(326): CodeIgniter\CodeIgniter->handleRequest(NULL, Object(Config\Cache), false)
#5 C:\wamp64\www\oriel-web\public\index.php(37): CodeIgniter\CodeIgniter->run()
#6 C:\wamp64\www\oriel-web\vendor\codeigniter4\framework\system\Commands\Server\rewrite.php(43): require_once('C:\\wamp64\\www\\o...')
#7 {main}
CRITICAL - 2023-08-09 04:11:12 --> Undefined variable: query
#0 C:\wamp64\www\oriel-web\app\Models\JadwalSidang\JadwalSidangSUPModel.php(89): CodeIgniter\Debug\Exceptions->errorHandler(8, 'Undefined varia...', 'C:\\wamp64\\www\\o...', 89, Array)
#1 C:\wamp64\www\oriel-web\app\Controllers\JadwalSidang.php(101): App\Models\JadwalSidang\JadwalSidangSUPModel->getDatatables()
#2 C:\wamp64\www\oriel-web\vendor\codeigniter4\framework\system\CodeIgniter.php(832): App\Controllers\JadwalSidang->getdataSUP()
#3 C:\wamp64\www\oriel-web\vendor\codeigniter4\framework\system\CodeIgniter.php(419): CodeIgniter\CodeIgniter->runController(Object(App\Controllers\JadwalSidang))
#4 C:\wamp64\www\oriel-web\vendor\codeigniter4\framework\system\CodeIgniter.php(326): CodeIgniter\CodeIgniter->handleRequest(NULL, Object(Config\Cache), false)
#5 C:\wamp64\www\oriel-web\public\index.php(37): CodeIgniter\CodeIgniter->run()
#6 C:\wamp64\www\oriel-web\vendor\codeigniter4\framework\system\Commands\Server\rewrite.php(43): require_once('C:\\wamp64\\www\\o...')
#7 {main}
CRITICAL - 2023-08-09 04:11:12 --> Undefined variable: query
#0 C:\wamp64\www\oriel-web\app\Models\JadwalSidang\JadwalSidangSkripsiModel.php(89): CodeIgniter\Debug\Exceptions->errorHandler(8, 'Undefined varia...', 'C:\\wamp64\\www\\o...', 89, Array)
#1 C:\wamp64\www\oriel-web\app\Controllers\JadwalSidang.php(158): App\Models\JadwalSidang\JadwalSidangSkripsiModel->getDatatables()
#2 C:\wamp64\www\oriel-web\vendor\codeigniter4\framework\system\CodeIgniter.php(832): App\Controllers\JadwalSidang->getdataSkripsi()
#3 C:\wamp64\www\oriel-web\vendor\codeigniter4\framework\system\CodeIgniter.php(419): CodeIgniter\CodeIgniter->runController(Object(App\Controllers\JadwalSidang))
#4 C:\wamp64\www\oriel-web\vendor\codeigniter4\framework\system\CodeIgniter.php(326): CodeIgniter\CodeIgniter->handleRequest(NULL, Object(Config\Cache), false)
#5 C:\wamp64\www\oriel-web\public\index.php(37): CodeIgniter\CodeIgniter->run()
#6 C:\wamp64\www\oriel-web\vendor\codeigniter4\framework\system\Commands\Server\rewrite.php(43): require_once('C:\\wamp64\\www\\o...')
#7 {main}
